2022-09-09 14:46:14 error: uncaughtException: ENOENT: no such file or directory, open '/pttrm-backend/ca-certificate.crt'
Error: ENOENT: no such file or directory, open '/pttrm-backend/ca-certificate.crt'
    at Object.openSync (fs.js:476:3)
    at Object.readFileSync (fs.js:377:35)
    at new PGPool (C:\Users\User\Documents\Work\pttrm-backend\src\db_pool\pg_pool.ts:18:16)
    at App.initializeDatabase (C:\Users\User\Documents\Work\pttrm-backend\src\app.ts:59:20)
    at new App (C:\Users\User\Documents\Work\pttrm-backend\src\app.ts:28:10)
    at Object.<anonymous> (C:\Users\User\Documents\Work\pttrm-backend\src\server.ts:10:13)
    at Module._compile (internal/modules/cjs/loader.js:1063:30)
    at Module.m._compile (C:\Users\User\Documents\Work\pttrm-backend\node_modules\ts-node\src\index.ts:1618:23)
    at Module._extensions..js (internal/modules/cjs/loader.js:1092:10)
    at Object.require.extensions.<computed> [as .ts] (C:\Users\User\Documents\Work\pttrm-backend\node_modules\ts-node\src\index.ts:1621:12)
2022-09-09 15:41:04 error: uncaughtException: Unexpected token ';'
C:\Users\User\Documents\Work\pttrm-backend\src\services\master.service.ts:11
        const ;
              ^

SyntaxError: Unexpected token ';'
    at wrapSafe (internal/modules/cjs/loader.js:979:16)
    at Module._compile (internal/modules/cjs/loader.js:1027:27)
    at Module.m._compile (C:\Users\User\Documents\Work\pttrm-backend\node_modules\ts-node\src\index.ts:1618:23)
    at Module._extensions..js (internal/modules/cjs/loader.js:1092:10)
    at Object.require.extensions.<computed> [as .ts] (C:\Users\User\Documents\Work\pttrm-backend\node_modules\ts-node\src\index.ts:1621:12)
    at Module.load (internal/modules/cjs/loader.js:928:32)
    at Function.Module._load (internal/modules/cjs/loader.js:769:14)
    at Module.require (internal/modules/cjs/loader.js:952:19)
    at require (internal/modules/cjs/helpers.js:88:18)
    at Object.<anonymous> (C:\Users\User\Documents\Work\pttrm-backend\src\controllers\master.controller.ts:3:1)
2022-09-09 15:54:12 error: uncaughtException: тип Unable to compile TypeScript:
[96msrc/services/master.service.ts[0m:[93m15[0m:[93m25[0m - [91merror[0m[90m TS1005: [0m',' expected.

[7m15[0m     return [station.rows;
[7m  [0m [91m                        ~[0m
[96msrc/services/master.service.ts[0m:[93m16[0m:[93m3[0m - [91merror[0m[90m TS1137: [0mExpression or comma expected.

[7m16[0m   }
[7m  [0m [91m  ~[0m

TSError: тип Unable to compile TypeScript:
[96msrc/services/master.service.ts[0m:[93m15[0m:[93m25[0m - [91merror[0m[90m TS1005: [0m',' expected.

[7m15[0m     return [station.rows;
[7m  [0m [91m                        ~[0m
[96msrc/services/master.service.ts[0m:[93m16[0m:[93m3[0m - [91merror[0m[90m TS1137: [0mExpression or comma expected.

[7m16[0m   }
[7m  [0m [91m  ~[0m

    at createTSError (C:\Users\User\Documents\Work\pttrm-backend\node_modules\ts-node\src\index.ts:859:12)
    at reportTSError (C:\Users\User\Documents\Work\pttrm-backend\node_modules\ts-node\src\index.ts:863:19)
    at C:\Users\User\Documents\Work\pttrm-backend\node_modules\ts-node\src\index.ts:1379:34
    at Object.compile (C:\Users\User\Documents\Work\pttrm-backend\node_modules\ts-node\src\index.ts:1458:13)
    at Module.m._compile (C:\Users\User\Documents\Work\pttrm-backend\node_modules\ts-node\src\index.ts:1617:30)
    at Module._extensions..js (internal/modules/cjs/loader.js:1092:10)
    at Object.require.extensions.<computed> [as .ts] (C:\Users\User\Documents\Work\pttrm-backend\node_modules\ts-node\src\index.ts:1621:12)
    at Module.load (internal/modules/cjs/loader.js:928:32)
    at Function.Module._load (internal/modules/cjs/loader.js:769:14)
    at Module.require (internal/modules/cjs/loader.js:952:19)
2022-09-09 15:54:22 error: uncaughtException: Unexpected token ';'
C:\Users\User\Documents\Work\pttrm-backend\src\services\master.service.ts:11
        const ;
              ^

SyntaxError: Unexpected token ';'
    at wrapSafe (internal/modules/cjs/loader.js:979:16)
    at Module._compile (internal/modules/cjs/loader.js:1027:27)
    at Module.m._compile (C:\Users\User\Documents\Work\pttrm-backend\node_modules\ts-node\src\index.ts:1618:23)
    at Module._extensions..js (internal/modules/cjs/loader.js:1092:10)
    at Object.require.extensions.<computed> [as .ts] (C:\Users\User\Documents\Work\pttrm-backend\node_modules\ts-node\src\index.ts:1621:12)
    at Module.load (internal/modules/cjs/loader.js:928:32)
    at Function.Module._load (internal/modules/cjs/loader.js:769:14)
    at Module.require (internal/modules/cjs/loader.js:952:19)
    at require (internal/modules/cjs/helpers.js:88:18)
    at Object.<anonymous> (C:\Users\User\Documents\Work\pttrm-backend\src\controllers\master.controller.ts:3:1)
<<<<<<< HEAD
2022-09-09 19:45:12 error: uncaughtException: passport is not defined
ReferenceError: passport is not defined
    at new App (D:\PTT-RM\pttrm-backend\src\app.ts:31:29)
    at Object.<anonymous> (D:\PTT-RM\pttrm-backend\src\server.ts:10:13)
    at Module._compile (internal/modules/cjs/loader.js:1085:14)
    at Module.m._compile (D:\PTT-RM\pttrm-backend\node_modules\ts-node\src\index.ts:1618:23)
    at Module._extensions..js (internal/modules/cjs/loader.js:1114:10)
    at Object.require.extensions.<computed> [as .ts] (D:\PTT-RM\pttrm-backend\node_modules\ts-node\src\index.ts:1621:12)
    at Module.load (internal/modules/cjs/loader.js:950:32)
    at Function.Module._load (internal/modules/cjs/loader.js:790:12)
    at Function.executeUserEntryPoint [as runMain] (internal/modules/run_main.js:76:12)
    at phase4 (D:\PTT-RM\pttrm-backend\node_modules\ts-node\src\bin.ts:649:14)
2022-09-09 19:47:48 error: uncaughtException: passport is not defined
ReferenceError: passport is not defined
    at new App (D:\PTT-RM\pttrm-backend\src\app.ts:31:29)
    at Object.<anonymous> (D:\PTT-RM\pttrm-backend\src\server.ts:10:13)
    at Module._compile (internal/modules/cjs/loader.js:1085:14)
    at Module.m._compile (D:\PTT-RM\pttrm-backend\node_modules\ts-node\src\index.ts:1618:23)
    at Module._extensions..js (internal/modules/cjs/loader.js:1114:10)
    at Object.require.extensions.<computed> [as .ts] (D:\PTT-RM\pttrm-backend\node_modules\ts-node\src\index.ts:1621:12)
    at Module.load (internal/modules/cjs/loader.js:950:32)
    at Function.Module._load (internal/modules/cjs/loader.js:790:12)
    at Function.executeUserEntryPoint [as runMain] (internal/modules/run_main.js:76:12)
    at phase4 (D:\PTT-RM\pttrm-backend\node_modules\ts-node\src\bin.ts:649:14)
2022-09-09 19:50:43 error: uncaughtException: Cannot find module './passport-config'
Require stack:
- D:\PTT-RM\pttrm-backend\src\app.ts
- D:\PTT-RM\pttrm-backend\src\server.ts
Error: Cannot find module './passport-config'
Require stack:
- D:\PTT-RM\pttrm-backend\src\app.ts
- D:\PTT-RM\pttrm-backend\src\server.ts
    at Function.Module._resolveFilename (internal/modules/cjs/loader.js:902:15)
    at Function.Module._resolveFilename.sharedData.moduleResolveFilenameHook.installedValue (D:\PTT-RM\pttrm-backend\node_modules\@cspotcode\source-map-support\source-map-support.js:811:30)
    at Function.Module._resolveFilename (D:\PTT-RM\pttrm-backend\node_modules\tsconfig-paths\src\register.ts:115:36)
    at Function.Module._load (internal/modules/cjs/loader.js:746:27)
    at Module.require (internal/modules/cjs/loader.js:974:19)
    at require (internal/modules/cjs/helpers.js:93:18)
    at App.initializePassport (D:\PTT-RM\pttrm-backend\src\app.ts:98:32)
    at new App (D:\PTT-RM\pttrm-backend\src\app.ts:32:10)
    at Object.<anonymous> (D:\PTT-RM\pttrm-backend\src\server.ts:10:13)
    at Module._compile (internal/modules/cjs/loader.js:1085:14)
2022-09-09 20:05:24 error: uncaughtException: Cannot find module './passport-config'
Require stack:
- D:\PTT-RM\pttrm-backend\src\app.ts
- D:\PTT-RM\pttrm-backend\src\server.ts
Error: Cannot find module './passport-config'
Require stack:
- D:\PTT-RM\pttrm-backend\src\app.ts
- D:\PTT-RM\pttrm-backend\src\server.ts
    at Function.Module._resolveFilename (internal/modules/cjs/loader.js:902:15)
    at Function.Module._resolveFilename.sharedData.moduleResolveFilenameHook.installedValue (D:\PTT-RM\pttrm-backend\node_modules\@cspotcode\source-map-support\source-map-support.js:811:30)
    at Function.Module._resolveFilename (D:\PTT-RM\pttrm-backend\node_modules\tsconfig-paths\src\register.ts:115:36)
    at Function.Module._load (internal/modules/cjs/loader.js:746:27)
    at Module.require (internal/modules/cjs/loader.js:974:19)
    at require (internal/modules/cjs/helpers.js:93:18)
    at App.initializePassport (D:\PTT-RM\pttrm-backend\src\app.ts:98:32)
    at new App (D:\PTT-RM\pttrm-backend\src\app.ts:32:10)
    at Object.<anonymous> (D:\PTT-RM\pttrm-backend\src\server.ts:10:13)
    at Module._compile (internal/modules/cjs/loader.js:1085:14)
2022-09-09 23:12:30 error: uncaughtException: Cannot find module './passport-config'
Require stack:
- D:\PTT-RM\pttrm-backend\src\app.ts
- D:\PTT-RM\pttrm-backend\src\server.ts
Error: Cannot find module './passport-config'
Require stack:
- D:\PTT-RM\pttrm-backend\src\app.ts
- D:\PTT-RM\pttrm-backend\src\server.ts
    at Function.Module._resolveFilename (internal/modules/cjs/loader.js:902:15)
    at Function.Module._resolveFilename.sharedData.moduleResolveFilenameHook.installedValue (D:\PTT-RM\pttrm-backend\node_modules\@cspotcode\source-map-support\source-map-support.js:811:30)
    at Function.Module._resolveFilename (D:\PTT-RM\pttrm-backend\node_modules\tsconfig-paths\src\register.ts:115:36)
    at Function.Module._load (internal/modules/cjs/loader.js:746:27)
    at Module.require (internal/modules/cjs/loader.js:974:19)
    at require (internal/modules/cjs/helpers.js:93:18)
    at App.initializePassport (D:\PTT-RM\pttrm-backend\src\app.ts:99:32)
    at new App (D:\PTT-RM\pttrm-backend\src\app.ts:32:10)
    at Object.<anonymous> (D:\PTT-RM\pttrm-backend\src\server.ts:10:13)
    at Module._compile (internal/modules/cjs/loader.js:1085:14)
2022-09-09 23:15:48 error: uncaughtException: Cannot find module './passport-config'
Require stack:
- D:\PTT-RM\pttrm-backend\src\app.ts
- D:\PTT-RM\pttrm-backend\src\server.ts
Error: Cannot find module './passport-config'
Require stack:
- D:\PTT-RM\pttrm-backend\src\app.ts
- D:\PTT-RM\pttrm-backend\src\server.ts
    at Function.Module._resolveFilename (internal/modules/cjs/loader.js:902:15)
    at Function.Module._resolveFilename.sharedData.moduleResolveFilenameHook.installedValue (D:\PTT-RM\pttrm-backend\node_modules\@cspotcode\source-map-support\source-map-support.js:811:30)
    at Function.Module._resolveFilename (D:\PTT-RM\pttrm-backend\node_modules\tsconfig-paths\src\register.ts:115:36)
    at Function.Module._load (internal/modules/cjs/loader.js:746:27)
    at Module.require (internal/modules/cjs/loader.js:974:19)
    at require (internal/modules/cjs/helpers.js:93:18)
    at App.initializePassport (D:\PTT-RM\pttrm-backend\src\app.ts:101:32)
    at new App (D:\PTT-RM\pttrm-backend\src\app.ts:32:10)
    at Object.<anonymous> (D:\PTT-RM\pttrm-backend\src\server.ts:10:13)
    at Module._compile (internal/modules/cjs/loader.js:1085:14)
2022-09-09 23:18:13 error: uncaughtException: Cannot find module './passport-config'
Require stack:
- D:\PTT-RM\pttrm-backend\src\app.ts
- D:\PTT-RM\pttrm-backend\src\server.ts
Error: Cannot find module './passport-config'
Require stack:
- D:\PTT-RM\pttrm-backend\src\app.ts
- D:\PTT-RM\pttrm-backend\src\server.ts
    at Function.Module._resolveFilename (internal/modules/cjs/loader.js:902:15)
    at Function.Module._resolveFilename.sharedData.moduleResolveFilenameHook.installedValue (D:\PTT-RM\pttrm-backend\node_modules\@cspotcode\source-map-support\source-map-support.js:811:30)
    at Function.Module._resolveFilename (D:\PTT-RM\pttrm-backend\node_modules\tsconfig-paths\src\register.ts:115:36)
    at Function.Module._load (internal/modules/cjs/loader.js:746:27)
    at Module.require (internal/modules/cjs/loader.js:974:19)
    at require (internal/modules/cjs/helpers.js:93:18)
    at App.initializePassport (D:\PTT-RM\pttrm-backend\src\app.ts:101:32)
    at new App (D:\PTT-RM\pttrm-backend\src\app.ts:32:10)
    at Object.<anonymous> (D:\PTT-RM\pttrm-backend\src\server.ts:10:13)
    at Module._compile (internal/modules/cjs/loader.js:1085:14)
2022-09-09 23:21:40 error: uncaughtException: Cannot find module './passport-config'
Require stack:
- D:\PTT-RM\pttrm-backend\src\app.ts
- D:\PTT-RM\pttrm-backend\src\server.ts
Error: Cannot find module './passport-config'
Require stack:
- D:\PTT-RM\pttrm-backend\src\app.ts
- D:\PTT-RM\pttrm-backend\src\server.ts
    at Function.Module._resolveFilename (internal/modules/cjs/loader.js:902:15)
    at Function.Module._resolveFilename.sharedData.moduleResolveFilenameHook.installedValue (D:\PTT-RM\pttrm-backend\node_modules\@cspotcode\source-map-support\source-map-support.js:811:30)
    at Function.Module._resolveFilename (D:\PTT-RM\pttrm-backend\node_modules\tsconfig-paths\src\register.ts:115:36)
    at Function.Module._load (internal/modules/cjs/loader.js:746:27)
    at Module.require (internal/modules/cjs/loader.js:974:19)
    at require (internal/modules/cjs/helpers.js:93:18)
    at App.initializePassport (D:\PTT-RM\pttrm-backend\src\app.ts:104:32)
    at new App (D:\PTT-RM\pttrm-backend\src\app.ts:32:10)
    at Object.<anonymous> (D:\PTT-RM\pttrm-backend\src\server.ts:10:13)
    at Module._compile (internal/modules/cjs/loader.js:1085:14)
2022-09-09 23:22:47 error: uncaughtException: Cannot read property 'authenticate' of undefined
TypeError: Cannot read property 'authenticate' of undefined
    at AuthRoute.initializeRoutes (D:\PTT-RM\pttrm-backend\src\routes\auth.route.ts:22:52)
    at new AuthRoute (D:\PTT-RM\pttrm-backend\src\routes\auth.route.ts:15:10)
    at Object.<anonymous> (D:\PTT-RM\pttrm-backend\src\server.ts:10:58)
    at Module._compile (internal/modules/cjs/loader.js:1085:14)
    at Module.m._compile (D:\PTT-RM\pttrm-backend\node_modules\ts-node\src\index.ts:1618:23)
    at Module._extensions..js (internal/modules/cjs/loader.js:1114:10)
    at Object.require.extensions.<computed> [as .ts] (D:\PTT-RM\pttrm-backend\node_modules\ts-node\src\index.ts:1621:12)
    at Module.load (internal/modules/cjs/loader.js:950:32)
    at Function.Module._load (internal/modules/cjs/loader.js:790:12)
    at Function.executeUserEntryPoint [as runMain] (internal/modules/run_main.js:76:12)
2022-09-09 23:23:26 error: uncaughtException: Cannot read property 'authenticate' of undefined
TypeError: Cannot read property 'authenticate' of undefined
    at AuthRoute.initializeRoutes (D:\PTT-RM\pttrm-backend\src\routes\auth.route.ts:22:52)
    at new AuthRoute (D:\PTT-RM\pttrm-backend\src\routes\auth.route.ts:15:10)
    at Object.<anonymous> (D:\PTT-RM\pttrm-backend\src\server.ts:10:58)
    at Module._compile (internal/modules/cjs/loader.js:1085:14)
    at Module.m._compile (D:\PTT-RM\pttrm-backend\node_modules\ts-node\src\index.ts:1618:23)
    at Module._extensions..js (internal/modules/cjs/loader.js:1114:10)
    at Object.require.extensions.<computed> [as .ts] (D:\PTT-RM\pttrm-backend\node_modules\ts-node\src\index.ts:1621:12)
    at Module.load (internal/modules/cjs/loader.js:950:32)
    at Function.Module._load (internal/modules/cjs/loader.js:790:12)
    at Function.executeUserEntryPoint [as runMain] (internal/modules/run_main.js:76:12)
2022-09-09 23:23:30 error: uncaughtException: Cannot read property 'authenticate' of undefined
TypeError: Cannot read property 'authenticate' of undefined
    at AuthRoute.initializeRoutes (D:\PTT-RM\pttrm-backend\src\routes\auth.route.ts:22:52)
    at new AuthRoute (D:\PTT-RM\pttrm-backend\src\routes\auth.route.ts:15:10)
    at Object.<anonymous> (D:\PTT-RM\pttrm-backend\src\server.ts:10:58)
    at Module._compile (internal/modules/cjs/loader.js:1085:14)
    at Module.m._compile (D:\PTT-RM\pttrm-backend\node_modules\ts-node\src\index.ts:1618:23)
    at Module._extensions..js (internal/modules/cjs/loader.js:1114:10)
    at Object.require.extensions.<computed> [as .ts] (D:\PTT-RM\pttrm-backend\node_modules\ts-node\src\index.ts:1621:12)
    at Module.load (internal/modules/cjs/loader.js:950:32)
    at Function.Module._load (internal/modules/cjs/loader.js:790:12)
    at Function.executeUserEntryPoint [as runMain] (internal/modules/run_main.js:76:12)
2022-09-09 23:24:53 error: uncaughtException: Cannot read property 'authenticate' of undefined
TypeError: Cannot read property 'authenticate' of undefined
    at AuthRoute.initializeRoutes (D:\PTT-RM\pttrm-backend\src\routes\auth.route.ts:22:52)
    at new AuthRoute (D:\PTT-RM\pttrm-backend\src\routes\auth.route.ts:15:10)
    at Object.<anonymous> (D:\PTT-RM\pttrm-backend\src\server.ts:10:58)
    at Module._compile (internal/modules/cjs/loader.js:1085:14)
    at Module.m._compile (D:\PTT-RM\pttrm-backend\node_modules\ts-node\src\index.ts:1618:23)
    at Module._extensions..js (internal/modules/cjs/loader.js:1114:10)
    at Object.require.extensions.<computed> [as .ts] (D:\PTT-RM\pttrm-backend\node_modules\ts-node\src\index.ts:1621:12)
    at Module.load (internal/modules/cjs/loader.js:950:32)
    at Function.Module._load (internal/modules/cjs/loader.js:790:12)
    at Function.executeUserEntryPoint [as runMain] (internal/modules/run_main.js:76:12)
2022-09-09 23:25:05 error: uncaughtException: Cannot read property 'authenticate' of undefined
TypeError: Cannot read property 'authenticate' of undefined
    at AuthRoute.initializeRoutes (D:\PTT-RM\pttrm-backend\src\routes\auth.route.ts:22:52)
    at new AuthRoute (D:\PTT-RM\pttrm-backend\src\routes\auth.route.ts:15:10)
    at Object.<anonymous> (D:\PTT-RM\pttrm-backend\src\server.ts:10:58)
    at Module._compile (internal/modules/cjs/loader.js:1085:14)
    at Module.m._compile (D:\PTT-RM\pttrm-backend\node_modules\ts-node\src\index.ts:1618:23)
    at Module._extensions..js (internal/modules/cjs/loader.js:1114:10)
    at Object.require.extensions.<computed> [as .ts] (D:\PTT-RM\pttrm-backend\node_modules\ts-node\src\index.ts:1621:12)
    at Module.load (internal/modules/cjs/loader.js:950:32)
    at Function.Module._load (internal/modules/cjs/loader.js:790:12)
    at Function.executeUserEntryPoint [as runMain] (internal/modules/run_main.js:76:12)
2022-09-09 23:27:27 error: uncaughtException: Cannot read property 'authenticate' of undefined
TypeError: Cannot read property 'authenticate' of undefined
    at AuthRoute.initializeRoutes (D:\PTT-RM\pttrm-backend\src\routes\auth.route.ts:22:52)
    at new AuthRoute (D:\PTT-RM\pttrm-backend\src\routes\auth.route.ts:15:10)
    at Object.<anonymous> (D:\PTT-RM\pttrm-backend\src\server.ts:10:58)
    at Module._compile (internal/modules/cjs/loader.js:1085:14)
    at Module.m._compile (D:\PTT-RM\pttrm-backend\node_modules\ts-node\src\index.ts:1618:23)
    at Module._extensions..js (internal/modules/cjs/loader.js:1114:10)
    at Object.require.extensions.<computed> [as .ts] (D:\PTT-RM\pttrm-backend\node_modules\ts-node\src\index.ts:1621:12)
    at Module.load (internal/modules/cjs/loader.js:950:32)
    at Function.Module._load (internal/modules/cjs/loader.js:790:12)
    at Function.executeUserEntryPoint [as runMain] (internal/modules/run_main.js:76:12)
2022-09-09 23:33:54 error: uncaughtException: Cannot read property 'authenticate' of undefined
TypeError: Cannot read property 'authenticate' of undefined
    at AuthRoute.initializeRoutes (D:\PTT-RM\pttrm-backend\src\routes\auth.route.ts:22:52)
    at new AuthRoute (D:\PTT-RM\pttrm-backend\src\routes\auth.route.ts:15:10)
    at Object.<anonymous> (D:\PTT-RM\pttrm-backend\src\server.ts:10:58)
    at Module._compile (internal/modules/cjs/loader.js:1085:14)
    at Module.m._compile (D:\PTT-RM\pttrm-backend\node_modules\ts-node\src\index.ts:1618:23)
    at Module._extensions..js (internal/modules/cjs/loader.js:1114:10)
    at Object.require.extensions.<computed> [as .ts] (D:\PTT-RM\pttrm-backend\node_modules\ts-node\src\index.ts:1621:12)
    at Module.load (internal/modules/cjs/loader.js:950:32)
    at Function.Module._load (internal/modules/cjs/loader.js:790:12)
    at Function.executeUserEntryPoint [as runMain] (internal/modules/run_main.js:76:12)
2022-09-09 23:39:31 error: uncaughtException: Cannot read property 'authenticate' of undefined
TypeError: Cannot read property 'authenticate' of undefined
    at AuthRoute.initializeRoutes (D:\PTT-RM\pttrm-backend\src\routes\auth.route.ts:22:52)
    at new AuthRoute (D:\PTT-RM\pttrm-backend\src\routes\auth.route.ts:15:10)
    at Object.<anonymous> (D:\PTT-RM\pttrm-backend\src\server.ts:10:58)
    at Module._compile (internal/modules/cjs/loader.js:1085:14)
    at Module.m._compile (D:\PTT-RM\pttrm-backend\node_modules\ts-node\src\index.ts:1618:23)
    at Module._extensions..js (internal/modules/cjs/loader.js:1114:10)
    at Object.require.extensions.<computed> [as .ts] (D:\PTT-RM\pttrm-backend\node_modules\ts-node\src\index.ts:1621:12)
    at Module.load (internal/modules/cjs/loader.js:950:32)
    at Function.Module._load (internal/modules/cjs/loader.js:790:12)
    at Function.executeUserEntryPoint [as runMain] (internal/modules/run_main.js:76:12)
2022-09-09 23:39:40 error: uncaughtException: Cannot read property 'authenticate' of undefined
TypeError: Cannot read property 'authenticate' of undefined
    at AuthRoute.initializeRoutes (D:\PTT-RM\pttrm-backend\src\routes\auth.route.ts:22:52)
    at new AuthRoute (D:\PTT-RM\pttrm-backend\src\routes\auth.route.ts:15:10)
    at Object.<anonymous> (D:\PTT-RM\pttrm-backend\src\server.ts:10:58)
    at Module._compile (internal/modules/cjs/loader.js:1085:14)
    at Module.m._compile (D:\PTT-RM\pttrm-backend\node_modules\ts-node\src\index.ts:1618:23)
    at Module._extensions..js (internal/modules/cjs/loader.js:1114:10)
    at Object.require.extensions.<computed> [as .ts] (D:\PTT-RM\pttrm-backend\node_modules\ts-node\src\index.ts:1621:12)
    at Module.load (internal/modules/cjs/loader.js:950:32)
    at Function.Module._load (internal/modules/cjs/loader.js:790:12)
    at Function.executeUserEntryPoint [as runMain] (internal/modules/run_main.js:76:12)
2022-09-09 23:40:57 error: uncaughtException: Cannot read property 'authenticate' of undefined
TypeError: Cannot read property 'authenticate' of undefined
    at AuthRoute.initializeRoutes (D:\PTT-RM\pttrm-backend\src\routes\auth.route.ts:22:52)
    at new AuthRoute (D:\PTT-RM\pttrm-backend\src\routes\auth.route.ts:15:10)
    at Object.<anonymous> (D:\PTT-RM\pttrm-backend\src\server.ts:10:58)
    at Module._compile (internal/modules/cjs/loader.js:1085:14)
    at Module.m._compile (D:\PTT-RM\pttrm-backend\node_modules\ts-node\src\index.ts:1618:23)
    at Module._extensions..js (internal/modules/cjs/loader.js:1114:10)
    at Object.require.extensions.<computed> [as .ts] (D:\PTT-RM\pttrm-backend\node_modules\ts-node\src\index.ts:1621:12)
    at Module.load (internal/modules/cjs/loader.js:950:32)
    at Function.Module._load (internal/modules/cjs/loader.js:790:12)
    at Function.executeUserEntryPoint [as runMain] (internal/modules/run_main.js:76:12)
2022-09-09 23:41:03 error: uncaughtException: Cannot read property 'authenticate' of undefined
TypeError: Cannot read property 'authenticate' of undefined
    at AuthRoute.initializeRoutes (D:\PTT-RM\pttrm-backend\src\routes\auth.route.ts:22:52)
    at new AuthRoute (D:\PTT-RM\pttrm-backend\src\routes\auth.route.ts:15:10)
    at Object.<anonymous> (D:\PTT-RM\pttrm-backend\src\server.ts:10:58)
    at Module._compile (internal/modules/cjs/loader.js:1085:14)
    at Module.m._compile (D:\PTT-RM\pttrm-backend\node_modules\ts-node\src\index.ts:1618:23)
    at Module._extensions..js (internal/modules/cjs/loader.js:1114:10)
    at Object.require.extensions.<computed> [as .ts] (D:\PTT-RM\pttrm-backend\node_modules\ts-node\src\index.ts:1621:12)
    at Module.load (internal/modules/cjs/loader.js:950:32)
    at Function.Module._load (internal/modules/cjs/loader.js:790:12)
    at Function.executeUserEntryPoint [as runMain] (internal/modules/run_main.js:76:12)
2022-09-09 23:46:04 error: uncaughtException: Cannot read property 'authenticate' of undefined
TypeError: Cannot read property 'authenticate' of undefined
    at AuthRoute.initializeRoutes (D:\PTT-RM\pttrm-backend\src\routes\auth.route.ts:22:52)
    at new AuthRoute (D:\PTT-RM\pttrm-backend\src\routes\auth.route.ts:15:10)
    at Object.<anonymous> (D:\PTT-RM\pttrm-backend\src\server.ts:10:58)
    at Module._compile (internal/modules/cjs/loader.js:1085:14)
    at Module.m._compile (D:\PTT-RM\pttrm-backend\node_modules\ts-node\src\index.ts:1618:23)
    at Module._extensions..js (internal/modules/cjs/loader.js:1114:10)
    at Object.require.extensions.<computed> [as .ts] (D:\PTT-RM\pttrm-backend\node_modules\ts-node\src\index.ts:1621:12)
    at Module.load (internal/modules/cjs/loader.js:950:32)
    at Function.Module._load (internal/modules/cjs/loader.js:790:12)
    at Function.executeUserEntryPoint [as runMain] (internal/modules/run_main.js:76:12)
2022-09-09 23:46:16 error: uncaughtException: Cannot read property 'authenticate' of undefined
TypeError: Cannot read property 'authenticate' of undefined
    at AuthRoute.initializeRoutes (D:\PTT-RM\pttrm-backend\src\routes\auth.route.ts:22:52)
    at new AuthRoute (D:\PTT-RM\pttrm-backend\src\routes\auth.route.ts:15:10)
    at Object.<anonymous> (D:\PTT-RM\pttrm-backend\src\server.ts:10:58)
    at Module._compile (internal/modules/cjs/loader.js:1085:14)
    at Module.m._compile (D:\PTT-RM\pttrm-backend\node_modules\ts-node\src\index.ts:1618:23)
    at Module._extensions..js (internal/modules/cjs/loader.js:1114:10)
    at Object.require.extensions.<computed> [as .ts] (D:\PTT-RM\pttrm-backend\node_modules\ts-node\src\index.ts:1621:12)
    at Module.load (internal/modules/cjs/loader.js:950:32)
    at Function.Module._load (internal/modules/cjs/loader.js:790:12)
    at Function.executeUserEntryPoint [as runMain] (internal/modules/run_main.js:76:12)
2022-09-09 23:46:54 error: uncaughtException: Cannot read property 'authenticate' of undefined
TypeError: Cannot read property 'authenticate' of undefined
    at AuthRoute.initializeRoutes (D:\PTT-RM\pttrm-backend\src\routes\auth.route.ts:22:52)
    at new AuthRoute (D:\PTT-RM\pttrm-backend\src\routes\auth.route.ts:15:10)
    at Object.<anonymous> (D:\PTT-RM\pttrm-backend\src\server.ts:10:58)
    at Module._compile (internal/modules/cjs/loader.js:1085:14)
    at Module.m._compile (D:\PTT-RM\pttrm-backend\node_modules\ts-node\src\index.ts:1618:23)
    at Module._extensions..js (internal/modules/cjs/loader.js:1114:10)
    at Object.require.extensions.<computed> [as .ts] (D:\PTT-RM\pttrm-backend\node_modules\ts-node\src\index.ts:1621:12)
    at Module.load (internal/modules/cjs/loader.js:950:32)
    at Function.Module._load (internal/modules/cjs/loader.js:790:12)
    at Function.executeUserEntryPoint [as runMain] (internal/modules/run_main.js:76:12)
2022-09-09 23:48:58 error: uncaughtException: Cannot read property 'authenticate' of undefined
TypeError: Cannot read property 'authenticate' of undefined
    at AuthRoute.initializeRoutes (D:\PTT-RM\pttrm-backend\src\routes\auth.route.ts:22:52)
    at new AuthRoute (D:\PTT-RM\pttrm-backend\src\routes\auth.route.ts:15:10)
    at Object.<anonymous> (D:\PTT-RM\pttrm-backend\src\server.ts:10:58)
    at Module._compile (internal/modules/cjs/loader.js:1085:14)
    at Module.m._compile (D:\PTT-RM\pttrm-backend\node_modules\ts-node\src\index.ts:1618:23)
    at Module._extensions..js (internal/modules/cjs/loader.js:1114:10)
    at Object.require.extensions.<computed> [as .ts] (D:\PTT-RM\pttrm-backend\node_modules\ts-node\src\index.ts:1621:12)
    at Module.load (internal/modules/cjs/loader.js:950:32)
    at Function.Module._load (internal/modules/cjs/loader.js:790:12)
    at Function.executeUserEntryPoint [as runMain] (internal/modules/run_main.js:76:12)
2022-09-09 23:53:08 error: uncaughtException: Cannot read property 'authenticate' of undefined
TypeError: Cannot read property 'authenticate' of undefined
    at AuthRoute.initializeRoutes (D:\PTT-RM\pttrm-backend\src\routes\auth.route.ts:22:52)
    at new AuthRoute (D:\PTT-RM\pttrm-backend\src\routes\auth.route.ts:15:10)
    at Object.<anonymous> (D:\PTT-RM\pttrm-backend\src\server.ts:10:58)
    at Module._compile (internal/modules/cjs/loader.js:1085:14)
    at Module.m._compile (D:\PTT-RM\pttrm-backend\node_modules\ts-node\src\index.ts:1618:23)
    at Module._extensions..js (internal/modules/cjs/loader.js:1114:10)
    at Object.require.extensions.<computed> [as .ts] (D:\PTT-RM\pttrm-backend\node_modules\ts-node\src\index.ts:1621:12)
    at Module.load (internal/modules/cjs/loader.js:950:32)
    at Function.Module._load (internal/modules/cjs/loader.js:790:12)
    at Function.executeUserEntryPoint [as runMain] (internal/modules/run_main.js:76:12)
2022-09-09 23:53:12 error: uncaughtException: Cannot read property 'authenticate' of undefined
TypeError: Cannot read property 'authenticate' of undefined
    at AuthRoute.initializeRoutes (D:\PTT-RM\pttrm-backend\src\routes\auth.route.ts:22:52)
    at new AuthRoute (D:\PTT-RM\pttrm-backend\src\routes\auth.route.ts:15:10)
    at Object.<anonymous> (D:\PTT-RM\pttrm-backend\src\server.ts:10:58)
    at Module._compile (internal/modules/cjs/loader.js:1085:14)
    at Module.m._compile (D:\PTT-RM\pttrm-backend\node_modules\ts-node\src\index.ts:1618:23)
    at Module._extensions..js (internal/modules/cjs/loader.js:1114:10)
    at Object.require.extensions.<computed> [as .ts] (D:\PTT-RM\pttrm-backend\node_modules\ts-node\src\index.ts:1621:12)
    at Module.load (internal/modules/cjs/loader.js:950:32)
    at Function.Module._load (internal/modules/cjs/loader.js:790:12)
    at Function.executeUserEntryPoint [as runMain] (internal/modules/run_main.js:76:12)
2022-09-09 23:53:59 error: uncaughtException: Cannot read property 'authenticate' of undefined
TypeError: Cannot read property 'authenticate' of undefined
    at AuthRoute.initializeRoutes (D:\PTT-RM\pttrm-backend\src\routes\auth.route.ts:22:52)
    at new AuthRoute (D:\PTT-RM\pttrm-backend\src\routes\auth.route.ts:15:10)
    at Object.<anonymous> (D:\PTT-RM\pttrm-backend\src\server.ts:10:58)
    at Module._compile (internal/modules/cjs/loader.js:1085:14)
    at Module.m._compile (D:\PTT-RM\pttrm-backend\node_modules\ts-node\src\index.ts:1618:23)
    at Module._extensions..js (internal/modules/cjs/loader.js:1114:10)
    at Object.require.extensions.<computed> [as .ts] (D:\PTT-RM\pttrm-backend\node_modules\ts-node\src\index.ts:1621:12)
    at Module.load (internal/modules/cjs/loader.js:950:32)
    at Function.Module._load (internal/modules/cjs/loader.js:790:12)
    at Function.executeUserEntryPoint [as runMain] (internal/modules/run_main.js:76:12)
2022-09-09 23:55:00 error: uncaughtException: Cannot read property 'authenticate' of undefined
TypeError: Cannot read property 'authenticate' of undefined
    at AuthRoute.initializeRoutes (D:\PTT-RM\pttrm-backend\src\routes\auth.route.ts:22:52)
    at new AuthRoute (D:\PTT-RM\pttrm-backend\src\routes\auth.route.ts:15:10)
    at Object.<anonymous> (D:\PTT-RM\pttrm-backend\src\server.ts:10:58)
    at Module._compile (internal/modules/cjs/loader.js:1085:14)
    at Module.m._compile (D:\PTT-RM\pttrm-backend\node_modules\ts-node\src\index.ts:1618:23)
    at Module._extensions..js (internal/modules/cjs/loader.js:1114:10)
    at Object.require.extensions.<computed> [as .ts] (D:\PTT-RM\pttrm-backend\node_modules\ts-node\src\index.ts:1621:12)
    at Module.load (internal/modules/cjs/loader.js:950:32)
    at Function.Module._load (internal/modules/cjs/loader.js:790:12)
    at Function.executeUserEntryPoint [as runMain] (internal/modules/run_main.js:76:12)
=======
2022-09-09 18:09:10 error: uncaughtException: Unexpected token ';'
E:\DIMMOY\Work\PTT\pttrm-backend\src\services\master.service.ts:11
        const ;
              ^

SyntaxError: Unexpected token ';'
    at wrapSafe (internal/modules/cjs/loader.js:988:16)
    at Module._compile (internal/modules/cjs/loader.js:1036:27)
    at Module.m._compile (E:\DIMMOY\Work\PTT\pttrm-backend\node_modules\ts-node\src\index.ts:1618:23)
    at Module._extensions..js (internal/modules/cjs/loader.js:1101:10)
    at Object.require.extensions.<computed> [as .ts] (E:\DIMMOY\Work\PTT\pttrm-backend\node_modules\ts-node\src\index.ts:1621:12)
    at Module.load (internal/modules/cjs/loader.js:937:32)
    at Function.Module._load (internal/modules/cjs/loader.js:778:12)
    at Module.require (internal/modules/cjs/loader.js:961:19)
    at require (internal/modules/cjs/helpers.js:92:18)
    at Object.<anonymous> (E:\DIMMOY\Work\PTT\pttrm-backend\src\controllers\master.controller.ts:3:1)
2022-09-09 18:09:12 error: uncaughtException: Unexpected token ';'
E:\DIMMOY\Work\PTT\pttrm-backend\src\services\master.service.ts:11
        const ;
              ^

SyntaxError: Unexpected token ';'
    at wrapSafe (internal/modules/cjs/loader.js:988:16)
    at Module._compile (internal/modules/cjs/loader.js:1036:27)
    at Module.m._compile (E:\DIMMOY\Work\PTT\pttrm-backend\node_modules\ts-node\src\index.ts:1618:23)
    at Module._extensions..js (internal/modules/cjs/loader.js:1101:10)
    at Object.require.extensions.<computed> [as .ts] (E:\DIMMOY\Work\PTT\pttrm-backend\node_modules\ts-node\src\index.ts:1621:12)
    at Module.load (internal/modules/cjs/loader.js:937:32)
    at Function.Module._load (internal/modules/cjs/loader.js:778:12)
    at Module.require (internal/modules/cjs/loader.js:961:19)
    at require (internal/modules/cjs/helpers.js:92:18)
    at Object.<anonymous> (E:\DIMMOY\Work\PTT\pttrm-backend\src\controllers\master.controller.ts:3:1)
2022-09-09 18:09:59 error: uncaughtException: тип Unable to compile TypeScript:
[96msrc/services/master.service.ts[0m:[93m15[0m:[93m5[0m - [91merror[0m[90m TS1109: [0mExpression expected.

[7m15[0m     return [station.rows, users.rows, products.rows];
[7m  [0m [91m    ~~~~~~[0m

TSError: тип Unable to compile TypeScript:
[96msrc/services/master.service.ts[0m:[93m15[0m:[93m5[0m - [91merror[0m[90m TS1109: [0mExpression expected.

[7m15[0m     return [station.rows, users.rows, products.rows];
[7m  [0m [91m    ~~~~~~[0m

    at createTSError (E:\DIMMOY\Work\PTT\pttrm-backend\node_modules\ts-node\src\index.ts:859:12)
    at reportTSError (E:\DIMMOY\Work\PTT\pttrm-backend\node_modules\ts-node\src\index.ts:863:19)
    at E:\DIMMOY\Work\PTT\pttrm-backend\node_modules\ts-node\src\index.ts:1379:34
    at Object.compile (E:\DIMMOY\Work\PTT\pttrm-backend\node_modules\ts-node\src\index.ts:1458:13)
    at Module.m._compile (E:\DIMMOY\Work\PTT\pttrm-backend\node_modules\ts-node\src\index.ts:1617:30)
    at Module._extensions..js (internal/modules/cjs/loader.js:1101:10)
    at Object.require.extensions.<computed> [as .ts] (E:\DIMMOY\Work\PTT\pttrm-backend\node_modules\ts-node\src\index.ts:1621:12)
    at Module.load (internal/modules/cjs/loader.js:937:32)
    at Function.Module._load (internal/modules/cjs/loader.js:778:12)
    at Module.require (internal/modules/cjs/loader.js:961:19)
2022-09-09 18:41:54 error: uncaughtException: тип Unable to compile TypeScript:
[96msrc/services/master.service.ts[0m:[93m32[0m:[93m1[0m - [91merror[0m[90m TS1472: [0m'catch' or 'finally' expected.

[7m32[0m }
[7m  [0m [91m~[0m
[96msrc/services/master.service.ts[0m:[93m34[0m:[93m1[0m - [91merror[0m[90m TS1434: [0mUnexpected keyword or identifier.

[7m34[0m export default MasterService;
[7m  [0m [91m~~~~~~[0m
[96msrc/services/master.service.ts[0m:[93m34[0m:[93m8[0m - [91merror[0m[90m TS1434: [0mUnexpected keyword or identifier.

[7m34[0m export default MasterService;
[7m  [0m [91m       ~~~~~~~[0m
[96msrc/services/master.service.ts[0m:[93m35[0m:[93m1[0m - [91merror[0m[90m TS1005: [0m'}' expected.

[7m35[0m 
[7m  [0m [91m[0m

TSError: тип Unable to compile TypeScript:
[96msrc/services/master.service.ts[0m:[93m32[0m:[93m1[0m - [91merror[0m[90m TS1472: [0m'catch' or 'finally' expected.

[7m32[0m }
[7m  [0m [91m~[0m
[96msrc/services/master.service.ts[0m:[93m34[0m:[93m1[0m - [91merror[0m[90m TS1434: [0mUnexpected keyword or identifier.

[7m34[0m export default MasterService;
[7m  [0m [91m~~~~~~[0m
[96msrc/services/master.service.ts[0m:[93m34[0m:[93m8[0m - [91merror[0m[90m TS1434: [0mUnexpected keyword or identifier.

[7m34[0m export default MasterService;
[7m  [0m [91m       ~~~~~~~[0m
[96msrc/services/master.service.ts[0m:[93m35[0m:[93m1[0m - [91merror[0m[90m TS1005: [0m'}' expected.

[7m35[0m 
[7m  [0m [91m[0m

    at createTSError (E:\DIMMOY\Work\PTT\pttrm-backend\node_modules\ts-node\src\index.ts:859:12)
    at reportTSError (E:\DIMMOY\Work\PTT\pttrm-backend\node_modules\ts-node\src\index.ts:863:19)
    at E:\DIMMOY\Work\PTT\pttrm-backend\node_modules\ts-node\src\index.ts:1379:34
    at Object.compile (E:\DIMMOY\Work\PTT\pttrm-backend\node_modules\ts-node\src\index.ts:1458:13)
    at Module.m._compile (E:\DIMMOY\Work\PTT\pttrm-backend\node_modules\ts-node\src\index.ts:1617:30)
    at Module._extensions..js (internal/modules/cjs/loader.js:1101:10)
    at Object.require.extensions.<computed> [as .ts] (E:\DIMMOY\Work\PTT\pttrm-backend\node_modules\ts-node\src\index.ts:1621:12)
    at Module.load (internal/modules/cjs/loader.js:937:32)
    at Function.Module._load (internal/modules/cjs/loader.js:778:12)
    at Module.require (internal/modules/cjs/loader.js:961:19)
2022-09-09 18:41:57 error: uncaughtException: тип Unable to compile TypeScript:
[96msrc/services/master.service.ts[0m:[93m32[0m:[93m1[0m - [91merror[0m[90m TS1472: [0m'catch' or 'finally' expected.

[7m32[0m }
[7m  [0m [91m~[0m
[96msrc/services/master.service.ts[0m:[93m34[0m:[93m1[0m - [91merror[0m[90m TS1434: [0mUnexpected keyword or identifier.

[7m34[0m export default MasterService;
[7m  [0m [91m~~~~~~[0m
[96msrc/services/master.service.ts[0m:[93m34[0m:[93m8[0m - [91merror[0m[90m TS1434: [0mUnexpected keyword or identifier.

[7m34[0m export default MasterService;
[7m  [0m [91m       ~~~~~~~[0m
[96msrc/services/master.service.ts[0m:[93m35[0m:[93m1[0m - [91merror[0m[90m TS1005: [0m'}' expected.

[7m35[0m 
[7m  [0m [91m[0m

TSError: тип Unable to compile TypeScript:
[96msrc/services/master.service.ts[0m:[93m32[0m:[93m1[0m - [91merror[0m[90m TS1472: [0m'catch' or 'finally' expected.

[7m32[0m }
[7m  [0m [91m~[0m
[96msrc/services/master.service.ts[0m:[93m34[0m:[93m1[0m - [91merror[0m[90m TS1434: [0mUnexpected keyword or identifier.

[7m34[0m export default MasterService;
[7m  [0m [91m~~~~~~[0m
[96msrc/services/master.service.ts[0m:[93m34[0m:[93m8[0m - [91merror[0m[90m TS1434: [0mUnexpected keyword or identifier.

[7m34[0m export default MasterService;
[7m  [0m [91m       ~~~~~~~[0m
[96msrc/services/master.service.ts[0m:[93m35[0m:[93m1[0m - [91merror[0m[90m TS1005: [0m'}' expected.

[7m35[0m 
[7m  [0m [91m[0m

    at createTSError (E:\DIMMOY\Work\PTT\pttrm-backend\node_modules\ts-node\src\index.ts:859:12)
    at reportTSError (E:\DIMMOY\Work\PTT\pttrm-backend\node_modules\ts-node\src\index.ts:863:19)
    at E:\DIMMOY\Work\PTT\pttrm-backend\node_modules\ts-node\src\index.ts:1379:34
    at Object.compile (E:\DIMMOY\Work\PTT\pttrm-backend\node_modules\ts-node\src\index.ts:1458:13)
    at Module.m._compile (E:\DIMMOY\Work\PTT\pttrm-backend\node_modules\ts-node\src\index.ts:1617:30)
    at Module._extensions..js (internal/modules/cjs/loader.js:1101:10)
    at Object.require.extensions.<computed> [as .ts] (E:\DIMMOY\Work\PTT\pttrm-backend\node_modules\ts-node\src\index.ts:1621:12)
    at Module.load (internal/modules/cjs/loader.js:937:32)
    at Function.Module._load (internal/modules/cjs/loader.js:778:12)
    at Module.require (internal/modules/cjs/loader.js:961:19)
2022-09-09 19:20:07 error: uncaughtException: Unexpected token ';'
E:\DIMMOY\Work\PTT\pttrm-backend\src\services\master.service.ts:8
            const ;
                  ^

SyntaxError: Unexpected token ';'
    at wrapSafe (internal/modules/cjs/loader.js:988:16)
    at Module._compile (internal/modules/cjs/loader.js:1036:27)
    at Module.m._compile (E:\DIMMOY\Work\PTT\pttrm-backend\node_modules\ts-node\src\index.ts:1618:23)
    at Module._extensions..js (internal/modules/cjs/loader.js:1101:10)
    at Object.require.extensions.<computed> [as .ts] (E:\DIMMOY\Work\PTT\pttrm-backend\node_modules\ts-node\src\index.ts:1621:12)
    at Module.load (internal/modules/cjs/loader.js:937:32)
    at Function.Module._load (internal/modules/cjs/loader.js:778:12)
    at Module.require (internal/modules/cjs/loader.js:961:19)
    at require (internal/modules/cjs/helpers.js:92:18)
    at Object.<anonymous> (E:\DIMMOY\Work\PTT\pttrm-backend\src\controllers\master.controller.ts:3:1)
2022-09-09 19:21:09 error: uncaughtException: тип Unable to compile TypeScript:
[96msrc/services/master.service.ts[0m:[93m25[0m:[93m7[0m - [91merror[0m[90m TS1109: [0mExpression expected.

[7m25[0m       }
[7m  [0m [91m      ~[0m

TSError: тип Unable to compile TypeScript:
[96msrc/services/master.service.ts[0m:[93m25[0m:[93m7[0m - [91merror[0m[90m TS1109: [0mExpression expected.

[7m25[0m       }
[7m  [0m [91m      ~[0m

    at createTSError (E:\DIMMOY\Work\PTT\pttrm-backend\node_modules\ts-node\src\index.ts:859:12)
    at reportTSError (E:\DIMMOY\Work\PTT\pttrm-backend\node_modules\ts-node\src\index.ts:863:19)
    at E:\DIMMOY\Work\PTT\pttrm-backend\node_modules\ts-node\src\index.ts:1379:34
    at Object.compile (E:\DIMMOY\Work\PTT\pttrm-backend\node_modules\ts-node\src\index.ts:1458:13)
    at Module.m._compile (E:\DIMMOY\Work\PTT\pttrm-backend\node_modules\ts-node\src\index.ts:1617:30)
    at Module._extensions..js (internal/modules/cjs/loader.js:1101:10)
    at Object.require.extensions.<computed> [as .ts] (E:\DIMMOY\Work\PTT\pttrm-backend\node_modules\ts-node\src\index.ts:1621:12)
    at Module.load (internal/modules/cjs/loader.js:937:32)
    at Function.Module._load (internal/modules/cjs/loader.js:778:12)
    at Module.require (internal/modules/cjs/loader.js:961:19)
2022-09-09 19:21:24 error: uncaughtException: тип Unable to compile TypeScript:
[96msrc/services/master.service.ts[0m:[93m24[0m:[93m30[0m - [91merror[0m[90m TS1005: [0m',' expected.

[7m24[0m         station: station.rows;
[7m  [0m [91m                             ~[0m

TSError: тип Unable to compile TypeScript:
[96msrc/services/master.service.ts[0m:[93m24[0m:[93m30[0m - [91merror[0m[90m TS1005: [0m',' expected.

[7m24[0m         station: station.rows;
[7m  [0m [91m                             ~[0m

    at createTSError (E:\DIMMOY\Work\PTT\pttrm-backend\node_modules\ts-node\src\index.ts:859:12)
    at reportTSError (E:\DIMMOY\Work\PTT\pttrm-backend\node_modules\ts-node\src\index.ts:863:19)
    at E:\DIMMOY\Work\PTT\pttrm-backend\node_modules\ts-node\src\index.ts:1379:34
    at Object.compile (E:\DIMMOY\Work\PTT\pttrm-backend\node_modules\ts-node\src\index.ts:1458:13)
    at Module.m._compile (E:\DIMMOY\Work\PTT\pttrm-backend\node_modules\ts-node\src\index.ts:1617:30)
    at Module._extensions..js (internal/modules/cjs/loader.js:1101:10)
    at Object.require.extensions.<computed> [as .ts] (E:\DIMMOY\Work\PTT\pttrm-backend\node_modules\ts-node\src\index.ts:1621:12)
    at Module.load (internal/modules/cjs/loader.js:937:32)
    at Function.Module._load (internal/modules/cjs/loader.js:778:12)
    at Module.require (internal/modules/cjs/loader.js:961:19)
2022-09-09 19:34:46 error: uncaughtException: тип Unable to compile TypeScript:
[96msrc/services/master.service.ts[0m:[93m42[0m:[93m15[0m - [91merror[0m[90m TS1005: [0m')' expected.

[7m42[0m       (SELECT PROC.product_id,PROC.special_type,PROC.special_num FROM tbl_promotions_has_condition AS PROC
[7m  [0m [91m              ~~~~[0m
[96msrc/services/master.service.ts[0m:[93m42[0m:[93m66[0m - [91merror[0m[90m TS1005: [0m';' expected.

[7m42[0m       (SELECT PROC.product_id,PROC.special_type,PROC.special_num FROM tbl_promotions_has_condition AS PROC
[7m  [0m [91m                                                                 ~~~~[0m
[96msrc/services/master.service.ts[0m:[93m42[0m:[93m71[0m - [91merror[0m[90m TS1434: [0mUnexpected keyword or identifier.

[7m42[0m       (SELECT PROC.product_id,PROC.special_type,PROC.special_num FROM tbl_promotions_has_condition AS PROC
[7m  [0m [91m                                                                      ~~~~~~~~~~~~~~~~~~~~~~~~~~~~[0m
[96msrc/services/master.service.ts[0m:[93m42[0m:[93m100[0m - [91merror[0m[90m TS1434: [0mUnexpected keyword or identifier.

[7m42[0m       (SELECT PROC.product_id,PROC.special_type,PROC.special_num FROM tbl_promotions_has_condition AS PROC
[7m  [0m [91m                                                                                                   ~~[0m
[96msrc/services/master.service.ts[0m:[93m43[0m:[93m9[0m - [91merror[0m[90m TS1435: [0mUnknown keyword or identifier. Did you mean 'infer'?

[7m43[0m         INNER JOIN tbl_promotions AS PRO ON PRO.id = PROC.promotion_id ORDER BY PROC.id ASC),
[7m  [0m [91m        ~~~~~[0m
[96msrc/services/master.service.ts[0m:[93m43[0m:[93m15[0m - [91merror[0m[90m TS1434: [0mUnexpected keyword or identifier.

[7m43[0m         INNER JOIN tbl_promotions AS PRO ON PRO.id = PROC.promotion_id ORDER BY PROC.id ASC),
[7m  [0m [91m              ~~~~[0m
[96msrc/services/master.service.ts[0m:[93m43[0m:[93m20[0m - [91merror[0m[90m TS1434: [0mUnexpected keyword or identifier.

[7m43[0m         INNER JOIN tbl_promotions AS PRO ON PRO.id = PROC.promotion_id ORDER BY PROC.id ASC),
[7m  [0m [91m                   ~~~~~~~~~~~~~~[0m
[96msrc/services/master.service.ts[0m:[93m43[0m:[93m35[0m - [91merror[0m[90m TS1434: [0mUnexpected keyword or identifier.

[7m43[0m         INNER JOIN tbl_promotions AS PRO ON PRO.id = PROC.promotion_id ORDER BY PROC.id ASC),
[7m  [0m [91m                                  ~~[0m
[96msrc/services/master.service.ts[0m:[93m43[0m:[93m38[0m - [91merror[0m[90m TS1434: [0mUnexpected keyword or identifier.

[7m43[0m         INNER JOIN tbl_promotions AS PRO ON PRO.id = PROC.promotion_id ORDER BY PROC.id ASC),
[7m  [0m [91m                                     ~~~[0m
[96msrc/services/master.service.ts[0m:[93m43[0m:[93m42[0m - [91merror[0m[90m TS1434: [0mUnexpected keyword or identifier.

[7m43[0m         INNER JOIN tbl_promotions AS PRO ON PRO.id = PROC.promotion_id ORDER BY PROC.id ASC),
[7m  [0m [91m                                         ~~[0m
[96msrc/services/master.service.ts[0m:[93m43[0m:[93m72[0m - [91merror[0m[90m TS1005: [0m';' expected.

[7m43[0m         INNER JOIN tbl_promotions AS PRO ON PRO.id = PROC.promotion_id ORDER BY PROC.id ASC),
[7m  [0m [91m                                                                       ~~~~~[0m
[96msrc/services/master.service.ts[0m:[93m43[0m:[93m78[0m - [91merror[0m[90m TS1434: [0mUnexpected keyword or identifier.

[7m43[0m         INNER JOIN tbl_promotions AS PRO ON PRO.id = PROC.promotion_id ORDER BY PROC.id ASC),
[7m  [0m [91m                                                                             ~~[0m
[96msrc/services/master.service.ts[0m:[93m43[0m:[93m89[0m - [91merror[0m[90m TS1005: [0m';' expected.

[7m43[0m         INNER JOIN tbl_promotions AS PRO ON PRO.id = PROC.promotion_id ORDER BY PROC.id ASC),
[7m  [0m [91m                                                                                        ~~~[0m
[96msrc/services/master.service.ts[0m:[93m43[0m:[93m92[0m - [91merror[0m[90m TS1128: [0mDeclaration or statement expected.

[7m43[0m         INNER JOIN tbl_promotions AS PRO ON PRO.id = PROC.promotion_id ORDER BY PROC.id ASC),
[7m  [0m [91m                                                                                           ~[0m
[96msrc/services/master.service.ts[0m:[93m43[0m:[93m93[0m - [91merror[0m[90m TS1128: [0mDeclaration or statement expected.

[7m43[0m         INNER JOIN tbl_promotions AS PRO ON PRO.id = PROC.promotion_id ORDER BY PROC.id ASC),
[7m  [0m [91m                                                                                            ~[0m
[96msrc/services/master.service.ts[0m:[93m44[0m:[93m15[0m - [91merror[0m[90m TS1005: [0m')' expected.

[7m44[0m       (SELECT PROT.type,PROT.type_detail,PROT.line_type,
[7m  [0m [91m              ~~~~[0m
[96msrc/services/master.service.ts[0m:[93m45[0m:[93m17[0m - [91merror[0m[90m TS1005: [0m')' expected.

[7m45[0m         (SELECT TD.type, TD.text_detail, TD.text_font FROM tbl_template_detail AS TD
[7m  [0m [91m                ~~[0m
[96msrc/services/master.service.ts[0m:[93m45[0m:[93m55[0m - [91merror[0m[90m TS1005: [0m';' expected.

[7m45[0m         (SELECT TD.type, TD.text_detail, TD.text_font FROM tbl_template_detail AS TD
[7m  [0m [91m                                                      ~~~~[0m
[96msrc/services/master.service.ts[0m:[93m45[0m:[93m60[0m - [91merror[0m[90m TS1434: [0mUnexpected keyword or identifier.

[7m45[0m         (SELECT TD.type, TD.text_detail, TD.text_font FROM tbl_template_detail AS TD
[7m  [0m [91m                                                           ~~~~~~~~~~~~~~~~~~~[0m
[96msrc/services/master.service.ts[0m:[93m45[0m:[93m80[0m - [91merror[0m[90m TS1434: [0mUnexpected keyword or identifier.

[7m45[0m         (SELECT TD.type, TD.text_detail, TD.text_font FROM tbl_template_detail AS TD
[7m  [0m [91m                                                                               ~~[0m
[96msrc/services/master.service.ts[0m:[93m46[0m:[93m9[0m - [91merror[0m[90m TS1435: [0mUnknown keyword or identifier. Did you mean 'infer'?

[7m46[0m         INNER JOIN PROT ON PROT.id = TD.promotion_template_Id ORDER BY TD.id ASC)
[7m  [0m [91m        ~~~~~[0m
[96msrc/services/master.service.ts[0m:[93m46[0m:[93m15[0m - [91merror[0m[90m TS1434: [0mUnexpected keyword or identifier.

[7m46[0m         INNER JOIN PROT ON PROT.id = TD.promotion_template_Id ORDER BY TD.id ASC)
[7m  [0m [91m              ~~~~[0m
[96msrc/services/master.service.ts[0m:[93m46[0m:[93m20[0m - [91merror[0m[90m TS1434: [0mUnexpected keyword or identifier.

[7m46[0m         INNER JOIN PROT ON PROT.id = TD.promotion_template_Id ORDER BY TD.id ASC)
[7m  [0m [91m                   ~~~~[0m
[96msrc/services/master.service.ts[0m:[93m46[0m:[93m25[0m - [91merror[0m[90m TS1434: [0mUnexpected keyword or identifier.

[7m46[0m         INNER JOIN PROT ON PROT.id = TD.promotion_template_Id ORDER BY TD.id ASC)
[7m  [0m [91m                        ~~[0m
[96msrc/services/master.service.ts[0m:[93m46[0m:[93m63[0m - [91merror[0m[90m TS1005: [0m';' expected.

[7m46[0m         INNER JOIN PROT ON PROT.id = TD.promotion_template_Id ORDER BY TD.id ASC)
[7m  [0m [91m                                                              ~~~~~[0m
[96msrc/services/master.service.ts[0m:[93m46[0m:[93m69[0m - [91merror[0m[90m TS1434: [0mUnexpected keyword or identifier.

[7m46[0m         INNER JOIN PROT ON PROT.id = TD.promotion_template_Id ORDER BY TD.id ASC)
[7m  [0m [91m                                                                    ~~[0m
[96msrc/services/master.service.ts[0m:[93m46[0m:[93m78[0m - [91merror[0m[90m TS1005: [0m';' expected.

[7m46[0m         INNER JOIN PROT ON PROT.id = TD.promotion_template_Id ORDER BY TD.id ASC)
[7m  [0m [91m                                                                             ~~~[0m
[96msrc/services/master.service.ts[0m:[93m46[0m:[93m81[0m - [91merror[0m[90m TS1128: [0mDeclaration or statement expected.

[7m46[0m         INNER JOIN PROT ON PROT.id = TD.promotion_template_Id ORDER BY TD.id ASC)
[7m  [0m [91m                                                                                ~[0m
[96msrc/services/master.service.ts[0m:[93m47[0m:[93m7[0m - [91merror[0m[90m TS1435: [0mUnknown keyword or identifier. Did you mean 'from'?

[7m47[0m       FROM tbl_promotions_template AS PROT
[7m  [0m [91m      ~~~~[0m
[96msrc/services/master.service.ts[0m:[93m47[0m:[93m12[0m - [91merror[0m[90m TS1434: [0mUnexpected keyword or identifier.

[7m47[0m       FROM tbl_promotions_template AS PROT
[7m  [0m [91m           ~~~~~~~~~~~~~~~~~~~~~~~[0m
[96msrc/services/master.service.ts[0m:[93m47[0m:[93m36[0m - [91merror[0m[90m TS1434: [0mUnexpected keyword or identifier.

[7m47[0m       FROM tbl_promotions_template AS PROT
[7m  [0m [91m                                   ~~[0m
[96msrc/services/master.service.ts[0m:[93m48[0m:[93m7[0m - [91merror[0m[90m TS1435: [0mUnknown keyword or identifier. Did you mean 'infer'?

[7m48[0m       INNER JOIN PRO ON PRO.id = PROT.promotion_id ORDER BY PROT.id ASC)
[7m  [0m [91m      ~~~~~[0m
[96msrc/services/master.service.ts[0m:[93m48[0m:[93m13[0m - [91merror[0m[90m TS1434: [0mUnexpected keyword or identifier.

[7m48[0m       INNER JOIN PRO ON PRO.id = PROT.promotion_id ORDER BY PROT.id ASC)
[7m  [0m [91m            ~~~~[0m
[96msrc/services/master.service.ts[0m:[93m48[0m:[93m18[0m - [91merror[0m[90m TS1434: [0mUnexpected keyword or identifier.

[7m48[0m       INNER JOIN PRO ON PRO.id = PROT.promotion_id ORDER BY PROT.id ASC)
[7m  [0m [91m                 ~~~[0m
[96msrc/services/master.service.ts[0m:[93m48[0m:[93m22[0m - [91merror[0m[90m TS1434: [0mUnexpected keyword or identifier.

[7m48[0m       INNER JOIN PRO ON PRO.id = PROT.promotion_id ORDER BY PROT.id ASC)
[7m  [0m [91m                     ~~[0m
[96msrc/services/master.service.ts[0m:[93m48[0m:[93m52[0m - [91merror[0m[90m TS1005: [0m';' expected.

[7m48[0m       INNER JOIN PRO ON PRO.id = PROT.promotion_id ORDER BY PROT.id ASC)
[7m  [0m [91m                                                   ~~~~~[0m
[96msrc/services/master.service.ts[0m:[93m48[0m:[93m58[0m - [91merror[0m[90m TS1434: [0mUnexpected keyword or identifier.

[7m48[0m       INNER JOIN PRO ON PRO.id = PROT.promotion_id ORDER BY PROT.id ASC)
[7m  [0m [91m                                                         ~~[0m
[96msrc/services/master.service.ts[0m:[93m48[0m:[93m69[0m - [91merror[0m[90m TS1005: [0m';' expected.

[7m48[0m       INNER JOIN PRO ON PRO.id = PROT.promotion_id ORDER BY PROT.id ASC)
[7m  [0m [91m                                                                    ~~~[0m
[96msrc/services/master.service.ts[0m:[93m48[0m:[93m72[0m - [91merror[0m[90m TS1128: [0mDeclaration or statement expected.

[7m48[0m       INNER JOIN PRO ON PRO.id = PROT.promotion_id ORDER BY PROT.id ASC)
[7m  [0m [91m                                                                       ~[0m

TSError: тип Unable to compile TypeScript:
[96msrc/services/master.service.ts[0m:[93m42[0m:[93m15[0m - [91merror[0m[90m TS1005: [0m')' expected.

[7m42[0m       (SELECT PROC.product_id,PROC.special_type,PROC.special_num FROM tbl_promotions_has_condition AS PROC
[7m  [0m [91m              ~~~~[0m
[96msrc/services/master.service.ts[0m:[93m42[0m:[93m66[0m - [91merror[0m[90m TS1005: [0m';' expected.

[7m42[0m       (SELECT PROC.product_id,PROC.special_type,PROC.special_num FROM tbl_promotions_has_condition AS PROC
[7m  [0m [91m                                                                 ~~~~[0m
[96msrc/services/master.service.ts[0m:[93m42[0m:[93m71[0m - [91merror[0m[90m TS1434: [0mUnexpected keyword or identifier.

[7m42[0m       (SELECT PROC.product_id,PROC.special_type,PROC.special_num FROM tbl_promotions_has_condition AS PROC
[7m  [0m [91m                                                                      ~~~~~~~~~~~~~~~~~~~~~~~~~~~~[0m
[96msrc/services/master.service.ts[0m:[93m42[0m:[93m100[0m - [91merror[0m[90m TS1434: [0mUnexpected keyword or identifier.

[7m42[0m       (SELECT PROC.product_id,PROC.special_type,PROC.special_num FROM tbl_promotions_has_condition AS PROC
[7m  [0m [91m                                                                                                   ~~[0m
[96msrc/services/master.service.ts[0m:[93m43[0m:[93m9[0m - [91merror[0m[90m TS1435: [0mUnknown keyword or identifier. Did you mean 'infer'?

[7m43[0m         INNER JOIN tbl_promotions AS PRO ON PRO.id = PROC.promotion_id ORDER BY PROC.id ASC),
[7m  [0m [91m        ~~~~~[0m
[96msrc/services/master.service.ts[0m:[93m43[0m:[93m15[0m - [91merror[0m[90m TS1434: [0mUnexpected keyword or identifier.

[7m43[0m         INNER JOIN tbl_promotions AS PRO ON PRO.id = PROC.promotion_id ORDER BY PROC.id ASC),
[7m  [0m [91m              ~~~~[0m
[96msrc/services/master.service.ts[0m:[93m43[0m:[93m20[0m - [91merror[0m[90m TS1434: [0mUnexpected keyword or identifier.

[7m43[0m         INNER JOIN tbl_promotions AS PRO ON PRO.id = PROC.promotion_id ORDER BY PROC.id ASC),
[7m  [0m [91m                   ~~~~~~~~~~~~~~[0m
[96msrc/services/master.service.ts[0m:[93m43[0m:[93m35[0m - [91merror[0m[90m TS1434: [0mUnexpected keyword or identifier.

[7m43[0m         INNER JOIN tbl_promotions AS PRO ON PRO.id = PROC.promotion_id ORDER BY PROC.id ASC),
[7m  [0m [91m                                  ~~[0m
[96msrc/services/master.service.ts[0m:[93m43[0m:[93m38[0m - [91merror[0m[90m TS1434: [0mUnexpected keyword or identifier.

[7m43[0m         INNER JOIN tbl_promotions AS PRO ON PRO.id = PROC.promotion_id ORDER BY PROC.id ASC),
[7m  [0m [91m                                     ~~~[0m
[96msrc/services/master.service.ts[0m:[93m43[0m:[93m42[0m - [91merror[0m[90m TS1434: [0mUnexpected keyword or identifier.

[7m43[0m         INNER JOIN tbl_promotions AS PRO ON PRO.id = PROC.promotion_id ORDER BY PROC.id ASC),
[7m  [0m [91m                                         ~~[0m
[96msrc/services/master.service.ts[0m:[93m43[0m:[93m72[0m - [91merror[0m[90m TS1005: [0m';' expected.

[7m43[0m         INNER JOIN tbl_promotions AS PRO ON PRO.id = PROC.promotion_id ORDER BY PROC.id ASC),
[7m  [0m [91m                                                                       ~~~~~[0m
[96msrc/services/master.service.ts[0m:[93m43[0m:[93m78[0m - [91merror[0m[90m TS1434: [0mUnexpected keyword or identifier.

[7m43[0m         INNER JOIN tbl_promotions AS PRO ON PRO.id = PROC.promotion_id ORDER BY PROC.id ASC),
[7m  [0m [91m                                                                             ~~[0m
[96msrc/services/master.service.ts[0m:[93m43[0m:[93m89[0m - [91merror[0m[90m TS1005: [0m';' expected.

[7m43[0m         INNER JOIN tbl_promotions AS PRO ON PRO.id = PROC.promotion_id ORDER BY PROC.id ASC),
[7m  [0m [91m                                                                                        ~~~[0m
[96msrc/services/master.service.ts[0m:[93m43[0m:[93m92[0m - [91merror[0m[90m TS1128: [0mDeclaration or statement expected.

[7m43[0m         INNER JOIN tbl_promotions AS PRO ON PRO.id = PROC.promotion_id ORDER BY PROC.id ASC),
[7m  [0m [91m                                                                                           ~[0m
[96msrc/services/master.service.ts[0m:[93m43[0m:[93m93[0m - [91merror[0m[90m TS1128: [0mDeclaration or statement expected.

[7m43[0m         INNER JOIN tbl_promotions AS PRO ON PRO.id = PROC.promotion_id ORDER BY PROC.id ASC),
[7m  [0m [91m                                                                                            ~[0m
[96msrc/services/master.service.ts[0m:[93m44[0m:[93m15[0m - [91merror[0m[90m TS1005: [0m')' expected.

[7m44[0m       (SELECT PROT.type,PROT.type_detail,PROT.line_type,
[7m  [0m [91m              ~~~~[0m
[96msrc/services/master.service.ts[0m:[93m45[0m:[93m17[0m - [91merror[0m[90m TS1005: [0m')' expected.

[7m45[0m         (SELECT TD.type, TD.text_detail, TD.text_font FROM tbl_template_detail AS TD
[7m  [0m [91m                ~~[0m
[96msrc/services/master.service.ts[0m:[93m45[0m:[93m55[0m - [91merror[0m[90m TS1005: [0m';' expected.

[7m45[0m         (SELECT TD.type, TD.text_detail, TD.text_font FROM tbl_template_detail AS TD
[7m  [0m [91m                                                      ~~~~[0m
[96msrc/services/master.service.ts[0m:[93m45[0m:[93m60[0m - [91merror[0m[90m TS1434: [0mUnexpected keyword or identifier.

[7m45[0m         (SELECT TD.type, TD.text_detail, TD.text_font FROM tbl_template_detail AS TD
[7m  [0m [91m                                                           ~~~~~~~~~~~~~~~~~~~[0m
[96msrc/services/master.service.ts[0m:[93m45[0m:[93m80[0m - [91merror[0m[90m TS1434: [0mUnexpected keyword or identifier.

[7m45[0m         (SELECT TD.type, TD.text_detail, TD.text_font FROM tbl_template_detail AS TD
[7m  [0m [91m                                                                               ~~[0m
[96msrc/services/master.service.ts[0m:[93m46[0m:[93m9[0m - [91merror[0m[90m TS1435: [0mUnknown keyword or identifier. Did you mean 'infer'?

[7m46[0m         INNER JOIN PROT ON PROT.id = TD.promotion_template_Id ORDER BY TD.id ASC)
[7m  [0m [91m        ~~~~~[0m
[96msrc/services/master.service.ts[0m:[93m46[0m:[93m15[0m - [91merror[0m[90m TS1434: [0mUnexpected keyword or identifier.

[7m46[0m         INNER JOIN PROT ON PROT.id = TD.promotion_template_Id ORDER BY TD.id ASC)
[7m  [0m [91m              ~~~~[0m
[96msrc/services/master.service.ts[0m:[93m46[0m:[93m20[0m - [91merror[0m[90m TS1434: [0mUnexpected keyword or identifier.

[7m46[0m         INNER JOIN PROT ON PROT.id = TD.promotion_template_Id ORDER BY TD.id ASC)
[7m  [0m [91m                   ~~~~[0m
[96msrc/services/master.service.ts[0m:[93m46[0m:[93m25[0m - [91merror[0m[90m TS1434: [0mUnexpected keyword or identifier.

[7m46[0m         INNER JOIN PROT ON PROT.id = TD.promotion_template_Id ORDER BY TD.id ASC)
[7m  [0m [91m                        ~~[0m
[96msrc/services/master.service.ts[0m:[93m46[0m:[93m63[0m - [91merror[0m[90m TS1005: [0m';' expected.

[7m46[0m         INNER JOIN PROT ON PROT.id = TD.promotion_template_Id ORDER BY TD.id ASC)
[7m  [0m [91m                                                              ~~~~~[0m
[96msrc/services/master.service.ts[0m:[93m46[0m:[93m69[0m - [91merror[0m[90m TS1434: [0mUnexpected keyword or identifier.

[7m46[0m         INNER JOIN PROT ON PROT.id = TD.promotion_template_Id ORDER BY TD.id ASC)
[7m  [0m [91m                                                                    ~~[0m
[96msrc/services/master.service.ts[0m:[93m46[0m:[93m78[0m - [91merror[0m[90m TS1005: [0m';' expected.

[7m46[0m         INNER JOIN PROT ON PROT.id = TD.promotion_template_Id ORDER BY TD.id ASC)
[7m  [0m [91m                                                                             ~~~[0m
[96msrc/services/master.service.ts[0m:[93m46[0m:[93m81[0m - [91merror[0m[90m TS1128: [0mDeclaration or statement expected.

[7m46[0m         INNER JOIN PROT ON PROT.id = TD.promotion_template_Id ORDER BY TD.id ASC)
[7m  [0m [91m                                                                                ~[0m
[96msrc/services/master.service.ts[0m:[93m47[0m:[93m7[0m - [91merror[0m[90m TS1435: [0mUnknown keyword or identifier. Did you mean 'from'?

[7m47[0m       FROM tbl_promotions_template AS PROT
[7m  [0m [91m      ~~~~[0m
[96msrc/services/master.service.ts[0m:[93m47[0m:[93m12[0m - [91merror[0m[90m TS1434: [0mUnexpected keyword or identifier.

[7m47[0m       FROM tbl_promotions_template AS PROT
[7m  [0m [91m           ~~~~~~~~~~~~~~~~~~~~~~~[0m
[96msrc/services/master.service.ts[0m:[93m47[0m:[93m36[0m - [91merror[0m[90m TS1434: [0mUnexpected keyword or identifier.

[7m47[0m       FROM tbl_promotions_template AS PROT
[7m  [0m [91m                                   ~~[0m
[96msrc/services/master.service.ts[0m:[93m48[0m:[93m7[0m - [91merror[0m[90m TS1435: [0mUnknown keyword or identifier. Did you mean 'infer'?

[7m48[0m       INNER JOIN PRO ON PRO.id = PROT.promotion_id ORDER BY PROT.id ASC)
[7m  [0m [91m      ~~~~~[0m
[96msrc/services/master.service.ts[0m:[93m48[0m:[93m13[0m - [91merror[0m[90m TS1434: [0mUnexpected keyword or identifier.

[7m48[0m       INNER JOIN PRO ON PRO.id = PROT.promotion_id ORDER BY PROT.id ASC)
[7m  [0m [91m            ~~~~[0m
[96msrc/services/master.service.ts[0m:[93m48[0m:[93m18[0m - [91merror[0m[90m TS1434: [0mUnexpected keyword or identifier.

[7m48[0m       INNER JOIN PRO ON PRO.id = PROT.promotion_id ORDER BY PROT.id ASC)
[7m  [0m [91m                 ~~~[0m
[96msrc/services/master.service.ts[0m:[93m48[0m:[93m22[0m - [91merror[0m[90m TS1434: [0mUnexpected keyword or identifier.

[7m48[0m       INNER JOIN PRO ON PRO.id = PROT.promotion_id ORDER BY PROT.id ASC)
[7m  [0m [91m                     ~~[0m
[96msrc/services/master.service.ts[0m:[93m48[0m:[93m52[0m - [91merror[0m[90m TS1005: [0m';' expected.

[7m48[0m       INNER JOIN PRO ON PRO.id = PROT.promotion_id ORDER BY PROT.id ASC)
[7m  [0m [91m                                                   ~~~~~[0m
[96msrc/services/master.service.ts[0m:[93m48[0m:[93m58[0m - [91merror[0m[90m TS1434: [0mUnexpected keyword or identifier.

[7m48[0m       INNER JOIN PRO ON PRO.id = PROT.promotion_id ORDER BY PROT.id ASC)
[7m  [0m [91m                                                         ~~[0m
[96msrc/services/master.service.ts[0m:[93m48[0m:[93m69[0m - [91merror[0m[90m TS1005: [0m';' expected.

[7m48[0m       INNER JOIN PRO ON PRO.id = PROT.promotion_id ORDER BY PROT.id ASC)
[7m  [0m [91m                                                                    ~~~[0m
[96msrc/services/master.service.ts[0m:[93m48[0m:[93m72[0m - [91merror[0m[90m TS1128: [0mDeclaration or statement expected.

[7m48[0m       INNER JOIN PRO ON PRO.id = PROT.promotion_id ORDER BY PROT.id ASC)
[7m  [0m [91m                                                                       ~[0m

    at createTSError (E:\DIMMOY\Work\PTT\pttrm-backend\node_modules\ts-node\src\index.ts:859:12)
    at reportTSError (E:\DIMMOY\Work\PTT\pttrm-backend\node_modules\ts-node\src\index.ts:863:19)
    at E:\DIMMOY\Work\PTT\pttrm-backend\node_modules\ts-node\src\index.ts:1379:34
    at Object.compile (E:\DIMMOY\Work\PTT\pttrm-backend\node_modules\ts-node\src\index.ts:1458:13)
    at Module.m._compile (E:\DIMMOY\Work\PTT\pttrm-backend\node_modules\ts-node\src\index.ts:1617:30)
    at Module._extensions..js (internal/modules/cjs/loader.js:1101:10)
    at Object.require.extensions.<computed> [as .ts] (E:\DIMMOY\Work\PTT\pttrm-backend\node_modules\ts-node\src\index.ts:1621:12)
    at Module.load (internal/modules/cjs/loader.js:937:32)
    at Function.Module._load (internal/modules/cjs/loader.js:778:12)
    at Module.require (internal/modules/cjs/loader.js:961:19)
2022-09-09 19:43:07 error: uncaughtException: тип Unable to compile TypeScript:
[96msrc/controllers/master.controller.ts[0m:[93m12[0m:[93m36[0m - [91merror[0m[90m TS1005: [0m',' expected.

[7m12[0m       const [statusCode, masterData} = await this.syncService.syncMasterData(stationId);
[7m  [0m [91m                                   ~[0m
[96msrc/controllers/master.controller.ts[0m:[93m12[0m:[93m38[0m - [91merror[0m[90m TS2809: [0mDeclaration or statement expected. This '=' follows a block of statements, so if you intended to write a destructuring assignment, you might need to wrap the the whole assignment in parentheses.

[7m12[0m       const [statusCode, masterData} = await this.syncService.syncMasterData(stationId);
[7m  [0m [91m                                     ~[0m
[96msrc/controllers/master.controller.ts[0m:[93m12[0m:[93m40[0m - [91merror[0m[90m TS1472: [0m'catch' or 'finally' expected.

[7m12[0m       const [statusCode, masterData} = await this.syncService.syncMasterData(stationId);
[7m  [0m [91m                                       ~~~~~[0m
[96msrc/controllers/master.controller.ts[0m:[93m14[0m:[93m7[0m - [91merror[0m[90m TS1005: [0m';' expected.

[7m14[0m     } catch (e) {
[7m  [0m [91m      ~~~~~[0m
[96msrc/controllers/master.controller.ts[0m:[93m18[0m:[93m1[0m - [91merror[0m[90m TS1128: [0mDeclaration or statement expected.

[7m18[0m }
[7m  [0m [91m~[0m

TSError: тип Unable to compile TypeScript:
[96msrc/controllers/master.controller.ts[0m:[93m12[0m:[93m36[0m - [91merror[0m[90m TS1005: [0m',' expected.

[7m12[0m       const [statusCode, masterData} = await this.syncService.syncMasterData(stationId);
[7m  [0m [91m                                   ~[0m
[96msrc/controllers/master.controller.ts[0m:[93m12[0m:[93m38[0m - [91merror[0m[90m TS2809: [0mDeclaration or statement expected. This '=' follows a block of statements, so if you intended to write a destructuring assignment, you might need to wrap the the whole assignment in parentheses.

[7m12[0m       const [statusCode, masterData} = await this.syncService.syncMasterData(stationId);
[7m  [0m [91m                                     ~[0m
[96msrc/controllers/master.controller.ts[0m:[93m12[0m:[93m40[0m - [91merror[0m[90m TS1472: [0m'catch' or 'finally' expected.

[7m12[0m       const [statusCode, masterData} = await this.syncService.syncMasterData(stationId);
[7m  [0m [91m                                       ~~~~~[0m
[96msrc/controllers/master.controller.ts[0m:[93m14[0m:[93m7[0m - [91merror[0m[90m TS1005: [0m';' expected.

[7m14[0m     } catch (e) {
[7m  [0m [91m      ~~~~~[0m
[96msrc/controllers/master.controller.ts[0m:[93m18[0m:[93m1[0m - [91merror[0m[90m TS1128: [0mDeclaration or statement expected.

[7m18[0m }
[7m  [0m [91m~[0m

    at createTSError (E:\DIMMOY\Work\PTT\pttrm-backend\node_modules\ts-node\src\index.ts:859:12)
    at reportTSError (E:\DIMMOY\Work\PTT\pttrm-backend\node_modules\ts-node\src\index.ts:863:19)
    at E:\DIMMOY\Work\PTT\pttrm-backend\node_modules\ts-node\src\index.ts:1379:34
    at Object.compile (E:\DIMMOY\Work\PTT\pttrm-backend\node_modules\ts-node\src\index.ts:1458:13)
    at Module.m._compile (E:\DIMMOY\Work\PTT\pttrm-backend\node_modules\ts-node\src\index.ts:1617:30)
    at Module._extensions..js (internal/modules/cjs/loader.js:1101:10)
    at Object.require.extensions.<computed> [as .ts] (E:\DIMMOY\Work\PTT\pttrm-backend\node_modules\ts-node\src\index.ts:1621:12)
    at Module.load (internal/modules/cjs/loader.js:937:32)
    at Function.Module._load (internal/modules/cjs/loader.js:778:12)
    at Module.require (internal/modules/cjs/loader.js:961:19)
2022-09-09 19:43:35 error: uncaughtException: тип Unable to compile TypeScript:
[96msrc/services/master.service.ts[0m:[93m45[0m:[93m18[0m - [91merror[0m[90m TS1351: [0mAn identifier or keyword cannot immediately follow a numeric literal.

[7m45[0m       return {200data;
[7m  [0m [91m                 ~~~~[0m
[96msrc/services/master.service.ts[0m:[93m45[0m:[93m22[0m - [91merror[0m[90m TS1005: [0m',' expected.

[7m45[0m       return {200data;
[7m  [0m [91m                     ~[0m
[96msrc/services/master.service.ts[0m:[93m46[0m:[93m7[0m - [91merror[0m[90m TS1005: [0m';' expected.

[7m46[0m     } catch (e) {
[7m  [0m [91m      ~~~~~[0m
[96msrc/services/master.service.ts[0m:[93m50[0m:[93m1[0m - [91merror[0m[90m TS1472: [0m'catch' or 'finally' expected.

[7m50[0m }
[7m  [0m [91m~[0m
[96msrc/services/master.service.ts[0m:[93m52[0m:[93m1[0m - [91merror[0m[90m TS1434: [0mUnexpected keyword or identifier.

[7m52[0m export default MasterService;
[7m  [0m [91m~~~~~~[0m
[96msrc/services/master.service.ts[0m:[93m52[0m:[93m8[0m - [91merror[0m[90m TS1434: [0mUnexpected keyword or identifier.

[7m52[0m export default MasterService;
[7m  [0m [91m       ~~~~~~~[0m
[96msrc/services/master.service.ts[0m:[93m53[0m:[93m1[0m - [91merror[0m[90m TS1005: [0m'}' expected.

[7m53[0m 
[7m  [0m [91m[0m

TSError: тип Unable to compile TypeScript:
[96msrc/services/master.service.ts[0m:[93m45[0m:[93m18[0m - [91merror[0m[90m TS1351: [0mAn identifier or keyword cannot immediately follow a numeric literal.

[7m45[0m       return {200data;
[7m  [0m [91m                 ~~~~[0m
[96msrc/services/master.service.ts[0m:[93m45[0m:[93m22[0m - [91merror[0m[90m TS1005: [0m',' expected.

[7m45[0m       return {200data;
[7m  [0m [91m                     ~[0m
[96msrc/services/master.service.ts[0m:[93m46[0m:[93m7[0m - [91merror[0m[90m TS1005: [0m';' expected.

[7m46[0m     } catch (e) {
[7m  [0m [91m      ~~~~~[0m
[96msrc/services/master.service.ts[0m:[93m50[0m:[93m1[0m - [91merror[0m[90m TS1472: [0m'catch' or 'finally' expected.

[7m50[0m }
[7m  [0m [91m~[0m
[96msrc/services/master.service.ts[0m:[93m52[0m:[93m1[0m - [91merror[0m[90m TS1434: [0mUnexpected keyword or identifier.

[7m52[0m export default MasterService;
[7m  [0m [91m~~~~~~[0m
[96msrc/services/master.service.ts[0m:[93m52[0m:[93m8[0m - [91merror[0m[90m TS1434: [0mUnexpected keyword or identifier.

[7m52[0m export default MasterService;
[7m  [0m [91m       ~~~~~~~[0m
[96msrc/services/master.service.ts[0m:[93m53[0m:[93m1[0m - [91merror[0m[90m TS1005: [0m'}' expected.

[7m53[0m 
[7m  [0m [91m[0m

    at createTSError (E:\DIMMOY\Work\PTT\pttrm-backend\node_modules\ts-node\src\index.ts:859:12)
    at reportTSError (E:\DIMMOY\Work\PTT\pttrm-backend\node_modules\ts-node\src\index.ts:863:19)
    at E:\DIMMOY\Work\PTT\pttrm-backend\node_modules\ts-node\src\index.ts:1379:34
    at Object.compile (E:\DIMMOY\Work\PTT\pttrm-backend\node_modules\ts-node\src\index.ts:1458:13)
    at Module.m._compile (E:\DIMMOY\Work\PTT\pttrm-backend\node_modules\ts-node\src\index.ts:1617:30)
    at Module._extensions..js (internal/modules/cjs/loader.js:1101:10)
    at Object.require.extensions.<computed> [as .ts] (E:\DIMMOY\Work\PTT\pttrm-backend\node_modules\ts-node\src\index.ts:1621:12)
    at Module.load (internal/modules/cjs/loader.js:937:32)
    at Function.Module._load (internal/modules/cjs/loader.js:778:12)
    at Module.require (internal/modules/cjs/loader.js:961:19)
2022-09-09 19:43:43 error: uncaughtException: тип Unable to compile TypeScript:
[96msrc/controllers/master.controller.ts[0m:[93m12[0m:[93m16[0m - [91merror[0m[90m TS1005: [0m',' expected.

[7m12[0m       const [] statusCode, masterData } = await this.syncService.syncMasterData(stationId);
[7m  [0m [91m               ~~~~~~~~~~[0m
[96msrc/controllers/master.controller.ts[0m:[93m12[0m:[93m41[0m - [91merror[0m[90m TS2809: [0mDeclaration or statement expected. This '=' follows a block of statements, so if you intended to write a destructuring assignment, you might need to wrap the the whole assignment in parentheses.

[7m12[0m       const [] statusCode, masterData } = await this.syncService.syncMasterData(stationId);
[7m  [0m [91m                                        ~[0m
[96msrc/controllers/master.controller.ts[0m:[93m12[0m:[93m43[0m - [91merror[0m[90m TS1472: [0m'catch' or 'finally' expected.

[7m12[0m       const [] statusCode, masterData } = await this.syncService.syncMasterData(stationId);
[7m  [0m [91m                                          ~~~~~[0m
[96msrc/controllers/master.controller.ts[0m:[93m14[0m:[93m7[0m - [91merror[0m[90m TS1005: [0m';' expected.

[7m14[0m     } catch (e) {
[7m  [0m [91m      ~~~~~[0m
[96msrc/controllers/master.controller.ts[0m:[93m18[0m:[93m1[0m - [91merror[0m[90m TS1128: [0mDeclaration or statement expected.

[7m18[0m }
[7m  [0m [91m~[0m

TSError: тип Unable to compile TypeScript:
[96msrc/controllers/master.controller.ts[0m:[93m12[0m:[93m16[0m - [91merror[0m[90m TS1005: [0m',' expected.

[7m12[0m       const [] statusCode, masterData } = await this.syncService.syncMasterData(stationId);
[7m  [0m [91m               ~~~~~~~~~~[0m
[96msrc/controllers/master.controller.ts[0m:[93m12[0m:[93m41[0m - [91merror[0m[90m TS2809: [0mDeclaration or statement expected. This '=' follows a block of statements, so if you intended to write a destructuring assignment, you might need to wrap the the whole assignment in parentheses.

[7m12[0m       const [] statusCode, masterData } = await this.syncService.syncMasterData(stationId);
[7m  [0m [91m                                        ~[0m
[96msrc/controllers/master.controller.ts[0m:[93m12[0m:[93m43[0m - [91merror[0m[90m TS1472: [0m'catch' or 'finally' expected.

[7m12[0m       const [] statusCode, masterData } = await this.syncService.syncMasterData(stationId);
[7m  [0m [91m                                          ~~~~~[0m
[96msrc/controllers/master.controller.ts[0m:[93m14[0m:[93m7[0m - [91merror[0m[90m TS1005: [0m';' expected.

[7m14[0m     } catch (e) {
[7m  [0m [91m      ~~~~~[0m
[96msrc/controllers/master.controller.ts[0m:[93m18[0m:[93m1[0m - [91merror[0m[90m TS1128: [0mDeclaration or statement expected.

[7m18[0m }
[7m  [0m [91m~[0m

    at createTSError (E:\DIMMOY\Work\PTT\pttrm-backend\node_modules\ts-node\src\index.ts:859:12)
    at reportTSError (E:\DIMMOY\Work\PTT\pttrm-backend\node_modules\ts-node\src\index.ts:863:19)
    at E:\DIMMOY\Work\PTT\pttrm-backend\node_modules\ts-node\src\index.ts:1379:34
    at Object.compile (E:\DIMMOY\Work\PTT\pttrm-backend\node_modules\ts-node\src\index.ts:1458:13)
    at Module.m._compile (E:\DIMMOY\Work\PTT\pttrm-backend\node_modules\ts-node\src\index.ts:1617:30)
    at Module._extensions..js (internal/modules/cjs/loader.js:1101:10)
    at Object.require.extensions.<computed> [as .ts] (E:\DIMMOY\Work\PTT\pttrm-backend\node_modules\ts-node\src\index.ts:1621:12)
    at Module.load (internal/modules/cjs/loader.js:937:32)
    at Function.Module._load (internal/modules/cjs/loader.js:778:12)
    at Module.require (internal/modules/cjs/loader.js:961:19)
2022-09-09 19:43:46 error: uncaughtException: тип Unable to compile TypeScript:
[96msrc/controllers/master.controller.ts[0m:[93m12[0m:[93m16[0m - [91merror[0m[90m TS1005: [0m',' expected.

[7m12[0m       const [] statusCode, masterData ] = await this.syncService.syncMasterData(stationId);
[7m  [0m [91m               ~~~~~~~~~~[0m
[96msrc/controllers/master.controller.ts[0m:[93m12[0m:[93m39[0m - [91merror[0m[90m TS1005: [0m',' expected.

[7m12[0m       const [] statusCode, masterData ] = await this.syncService.syncMasterData(stationId);
[7m  [0m [91m                                      ~[0m
[96msrc/controllers/master.controller.ts[0m:[93m12[0m:[93m41[0m - [91merror[0m[90m TS1134: [0mVariable declaration expected.

[7m12[0m       const [] statusCode, masterData ] = await this.syncService.syncMasterData(stationId);
[7m  [0m [91m                                        ~[0m
[96msrc/controllers/master.controller.ts[0m:[93m12[0m:[93m49[0m - [91merror[0m[90m TS1005: [0m',' expected.

[7m12[0m       const [] statusCode, masterData ] = await this.syncService.syncMasterData(stationId);
[7m  [0m [91m                                                ~~~~[0m

TSError: тип Unable to compile TypeScript:
[96msrc/controllers/master.controller.ts[0m:[93m12[0m:[93m16[0m - [91merror[0m[90m TS1005: [0m',' expected.

[7m12[0m       const [] statusCode, masterData ] = await this.syncService.syncMasterData(stationId);
[7m  [0m [91m               ~~~~~~~~~~[0m
[96msrc/controllers/master.controller.ts[0m:[93m12[0m:[93m39[0m - [91merror[0m[90m TS1005: [0m',' expected.

[7m12[0m       const [] statusCode, masterData ] = await this.syncService.syncMasterData(stationId);
[7m  [0m [91m                                      ~[0m
[96msrc/controllers/master.controller.ts[0m:[93m12[0m:[93m41[0m - [91merror[0m[90m TS1134: [0mVariable declaration expected.

[7m12[0m       const [] statusCode, masterData ] = await this.syncService.syncMasterData(stationId);
[7m  [0m [91m                                        ~[0m
[96msrc/controllers/master.controller.ts[0m:[93m12[0m:[93m49[0m - [91merror[0m[90m TS1005: [0m',' expected.

[7m12[0m       const [] statusCode, masterData ] = await this.syncService.syncMasterData(stationId);
[7m  [0m [91m                                                ~~~~[0m

    at createTSError (E:\DIMMOY\Work\PTT\pttrm-backend\node_modules\ts-node\src\index.ts:859:12)
    at reportTSError (E:\DIMMOY\Work\PTT\pttrm-backend\node_modules\ts-node\src\index.ts:863:19)
    at E:\DIMMOY\Work\PTT\pttrm-backend\node_modules\ts-node\src\index.ts:1379:34
    at Object.compile (E:\DIMMOY\Work\PTT\pttrm-backend\node_modules\ts-node\src\index.ts:1458:13)
    at Module.m._compile (E:\DIMMOY\Work\PTT\pttrm-backend\node_modules\ts-node\src\index.ts:1617:30)
    at Module._extensions..js (internal/modules/cjs/loader.js:1101:10)
    at Object.require.extensions.<computed> [as .ts] (E:\DIMMOY\Work\PTT\pttrm-backend\node_modules\ts-node\src\index.ts:1621:12)
    at Module.load (internal/modules/cjs/loader.js:937:32)
    at Function.Module._load (internal/modules/cjs/loader.js:778:12)
    at Module.require (internal/modules/cjs/loader.js:961:19)
2022-09-09 19:44:00 error: uncaughtException: тип Unable to compile TypeScript:
[96msrc/controllers/master.controller.ts[0m:[93m12[0m:[93m24[0m - [91merror[0m[90m TS1005: [0m',' expected.

[7m12[0m       const [statusCode: number, masterData] = await this.syncService.syncMasterData(stationId);
[7m  [0m [91m                       ~[0m

TSError: тип Unable to compile TypeScript:
[96msrc/controllers/master.controller.ts[0m:[93m12[0m:[93m24[0m - [91merror[0m[90m TS1005: [0m',' expected.

[7m12[0m       const [statusCode: number, masterData] = await this.syncService.syncMasterData(stationId);
[7m  [0m [91m                       ~[0m

    at createTSError (E:\DIMMOY\Work\PTT\pttrm-backend\node_modules\ts-node\src\index.ts:859:12)
    at reportTSError (E:\DIMMOY\Work\PTT\pttrm-backend\node_modules\ts-node\src\index.ts:863:19)
    at E:\DIMMOY\Work\PTT\pttrm-backend\node_modules\ts-node\src\index.ts:1379:34
    at Object.compile (E:\DIMMOY\Work\PTT\pttrm-backend\node_modules\ts-node\src\index.ts:1458:13)
    at Module.m._compile (E:\DIMMOY\Work\PTT\pttrm-backend\node_modules\ts-node\src\index.ts:1617:30)
    at Module._extensions..js (internal/modules/cjs/loader.js:1101:10)
    at Object.require.extensions.<computed> [as .ts] (E:\DIMMOY\Work\PTT\pttrm-backend\node_modules\ts-node\src\index.ts:1621:12)
    at Module.load (internal/modules/cjs/loader.js:937:32)
    at Function.Module._load (internal/modules/cjs/loader.js:778:12)
    at Module.require (internal/modules/cjs/loader.js:961:19)
2022-09-09 19:44:16 error: uncaughtException: тип Unable to compile TypeScript:
[96msrc/controllers/master.controller.ts[0m:[93m12[0m:[93m24[0m - [91merror[0m[90m TS1005: [0m',' expected.

[7m12[0m       const [statusCode: number, masterData] = await this.syncService.syncMasterData(stationId);
[7m  [0m [91m                       ~[0m

TSError: тип Unable to compile TypeScript:
[96msrc/controllers/master.controller.ts[0m:[93m12[0m:[93m24[0m - [91merror[0m[90m TS1005: [0m',' expected.

[7m12[0m       const [statusCode: number, masterData] = await this.syncService.syncMasterData(stationId);
[7m  [0m [91m                       ~[0m

    at createTSError (E:\DIMMOY\Work\PTT\pttrm-backend\node_modules\ts-node\src\index.ts:859:12)
    at reportTSError (E:\DIMMOY\Work\PTT\pttrm-backend\node_modules\ts-node\src\index.ts:863:19)
    at E:\DIMMOY\Work\PTT\pttrm-backend\node_modules\ts-node\src\index.ts:1379:34
    at Object.compile (E:\DIMMOY\Work\PTT\pttrm-backend\node_modules\ts-node\src\index.ts:1458:13)
    at Module.m._compile (E:\DIMMOY\Work\PTT\pttrm-backend\node_modules\ts-node\src\index.ts:1617:30)
    at Module._extensions..js (internal/modules/cjs/loader.js:1101:10)
    at Object.require.extensions.<computed> [as .ts] (E:\DIMMOY\Work\PTT\pttrm-backend\node_modules\ts-node\src\index.ts:1621:12)
    at Module.load (internal/modules/cjs/loader.js:937:32)
    at Function.Module._load (internal/modules/cjs/loader.js:778:12)
    at Module.require (internal/modules/cjs/loader.js:961:19)
2022-09-09 19:44:19 error: uncaughtException: тип Unable to compile TypeScript:
[96msrc/controllers/master.controller.ts[0m:[93m12[0m:[93m24[0m - [91merror[0m[90m TS1005: [0m',' expected.

[7m12[0m       const [statusCode: number, masterData] = await this.syncService.syncMasterData(stationId);
[7m  [0m [91m                       ~[0m

TSError: тип Unable to compile TypeScript:
[96msrc/controllers/master.controller.ts[0m:[93m12[0m:[93m24[0m - [91merror[0m[90m TS1005: [0m',' expected.

[7m12[0m       const [statusCode: number, masterData] = await this.syncService.syncMasterData(stationId);
[7m  [0m [91m                       ~[0m

    at createTSError (E:\DIMMOY\Work\PTT\pttrm-backend\node_modules\ts-node\src\index.ts:859:12)
    at reportTSError (E:\DIMMOY\Work\PTT\pttrm-backend\node_modules\ts-node\src\index.ts:863:19)
    at E:\DIMMOY\Work\PTT\pttrm-backend\node_modules\ts-node\src\index.ts:1379:34
    at Object.compile (E:\DIMMOY\Work\PTT\pttrm-backend\node_modules\ts-node\src\index.ts:1458:13)
    at Module.m._compile (E:\DIMMOY\Work\PTT\pttrm-backend\node_modules\ts-node\src\index.ts:1617:30)
    at Module._extensions..js (internal/modules/cjs/loader.js:1101:10)
    at Object.require.extensions.<computed> [as .ts] (E:\DIMMOY\Work\PTT\pttrm-backend\node_modules\ts-node\src\index.ts:1621:12)
    at Module.load (internal/modules/cjs/loader.js:937:32)
    at Function.Module._load (internal/modules/cjs/loader.js:778:12)
    at Module.require (internal/modules/cjs/loader.js:961:19)
2022-09-09 19:44:36 error: uncaughtException: тип Unable to compile TypeScript:
[96msrc/controllers/master.controller.ts[0m:[93m12[0m:[93m24[0m - [91merror[0m[90m TS1005: [0m',' expected.

[7m12[0m       const [statusCode: number, masterData] = await this.syncService.syncMasterData(stationId);
[7m  [0m [91m                       ~[0m

TSError: тип Unable to compile TypeScript:
[96msrc/controllers/master.controller.ts[0m:[93m12[0m:[93m24[0m - [91merror[0m[90m TS1005: [0m',' expected.

[7m12[0m       const [statusCode: number, masterData] = await this.syncService.syncMasterData(stationId);
[7m  [0m [91m                       ~[0m

    at createTSError (E:\DIMMOY\Work\PTT\pttrm-backend\node_modules\ts-node\src\index.ts:859:12)
    at reportTSError (E:\DIMMOY\Work\PTT\pttrm-backend\node_modules\ts-node\src\index.ts:863:19)
    at E:\DIMMOY\Work\PTT\pttrm-backend\node_modules\ts-node\src\index.ts:1379:34
    at Object.compile (E:\DIMMOY\Work\PTT\pttrm-backend\node_modules\ts-node\src\index.ts:1458:13)
    at Module.m._compile (E:\DIMMOY\Work\PTT\pttrm-backend\node_modules\ts-node\src\index.ts:1617:30)
    at Module._extensions..js (internal/modules/cjs/loader.js:1101:10)
    at Object.require.extensions.<computed> [as .ts] (E:\DIMMOY\Work\PTT\pttrm-backend\node_modules\ts-node\src\index.ts:1621:12)
    at Module.load (internal/modules/cjs/loader.js:937:32)
    at Function.Module._load (internal/modules/cjs/loader.js:778:12)
    at Module.require (internal/modules/cjs/loader.js:961:19)
2022-09-09 19:44:41 error: uncaughtException: тип Unable to compile TypeScript:
[96msrc/controllers/master.controller.ts[0m:[93m12[0m:[93m24[0m - [91merror[0m[90m TS1005: [0m',' expected.

[7m12[0m       const [statusCode: number, masterData] = await this.syncService.syncMasterData(stationId);
[7m  [0m [91m                       ~[0m

TSError: тип Unable to compile TypeScript:
[96msrc/controllers/master.controller.ts[0m:[93m12[0m:[93m24[0m - [91merror[0m[90m TS1005: [0m',' expected.

[7m12[0m       const [statusCode: number, masterData] = await this.syncService.syncMasterData(stationId);
[7m  [0m [91m                       ~[0m

    at createTSError (E:\DIMMOY\Work\PTT\pttrm-backend\node_modules\ts-node\src\index.ts:859:12)
    at reportTSError (E:\DIMMOY\Work\PTT\pttrm-backend\node_modules\ts-node\src\index.ts:863:19)
    at E:\DIMMOY\Work\PTT\pttrm-backend\node_modules\ts-node\src\index.ts:1379:34
    at Object.compile (E:\DIMMOY\Work\PTT\pttrm-backend\node_modules\ts-node\src\index.ts:1458:13)
    at Module.m._compile (E:\DIMMOY\Work\PTT\pttrm-backend\node_modules\ts-node\src\index.ts:1617:30)
    at Module._extensions..js (internal/modules/cjs/loader.js:1101:10)
    at Object.require.extensions.<computed> [as .ts] (E:\DIMMOY\Work\PTT\pttrm-backend\node_modules\ts-node\src\index.ts:1621:12)
    at Module.load (internal/modules/cjs/loader.js:937:32)
    at Function.Module._load (internal/modules/cjs/loader.js:778:12)
    at Module.require (internal/modules/cjs/loader.js:961:19)
2022-09-09 19:44:43 error: uncaughtException: тип Unable to compile TypeScript:
[96msrc/controllers/master.controller.ts[0m:[93m12[0m:[93m24[0m - [91merror[0m[90m TS1005: [0m',' expected.

[7m12[0m       const [statusCode: number, masterData] = await this.syncService.syncMasterData(stationId);
[7m  [0m [91m                       ~[0m

TSError: тип Unable to compile TypeScript:
[96msrc/controllers/master.controller.ts[0m:[93m12[0m:[93m24[0m - [91merror[0m[90m TS1005: [0m',' expected.

[7m12[0m       const [statusCode: number, masterData] = await this.syncService.syncMasterData(stationId);
[7m  [0m [91m                       ~[0m

    at createTSError (E:\DIMMOY\Work\PTT\pttrm-backend\node_modules\ts-node\src\index.ts:859:12)
    at reportTSError (E:\DIMMOY\Work\PTT\pttrm-backend\node_modules\ts-node\src\index.ts:863:19)
    at E:\DIMMOY\Work\PTT\pttrm-backend\node_modules\ts-node\src\index.ts:1379:34
    at Object.compile (E:\DIMMOY\Work\PTT\pttrm-backend\node_modules\ts-node\src\index.ts:1458:13)
    at Module.m._compile (E:\DIMMOY\Work\PTT\pttrm-backend\node_modules\ts-node\src\index.ts:1617:30)
    at Module._extensions..js (internal/modules/cjs/loader.js:1101:10)
    at Object.require.extensions.<computed> [as .ts] (E:\DIMMOY\Work\PTT\pttrm-backend\node_modules\ts-node\src\index.ts:1621:12)
    at Module.load (internal/modules/cjs/loader.js:937:32)
    at Function.Module._load (internal/modules/cjs/loader.js:778:12)
    at Module.require (internal/modules/cjs/loader.js:961:19)
2022-09-09 19:44:47 error: uncaughtException: тип Unable to compile TypeScript:
[96msrc/controllers/master.controller.ts[0m:[93m12[0m:[93m24[0m - [91merror[0m[90m TS1005: [0m',' expected.

[7m12[0m       const [statusCode: number, masterData] = await this.syncService.syncMasterData(stationId);
[7m  [0m [91m                       ~[0m

TSError: тип Unable to compile TypeScript:
[96msrc/controllers/master.controller.ts[0m:[93m12[0m:[93m24[0m - [91merror[0m[90m TS1005: [0m',' expected.

[7m12[0m       const [statusCode: number, masterData] = await this.syncService.syncMasterData(stationId);
[7m  [0m [91m                       ~[0m

    at createTSError (E:\DIMMOY\Work\PTT\pttrm-backend\node_modules\ts-node\src\index.ts:859:12)
    at reportTSError (E:\DIMMOY\Work\PTT\pttrm-backend\node_modules\ts-node\src\index.ts:863:19)
    at E:\DIMMOY\Work\PTT\pttrm-backend\node_modules\ts-node\src\index.ts:1379:34
    at Object.compile (E:\DIMMOY\Work\PTT\pttrm-backend\node_modules\ts-node\src\index.ts:1458:13)
    at Module.m._compile (E:\DIMMOY\Work\PTT\pttrm-backend\node_modules\ts-node\src\index.ts:1617:30)
    at Module._extensions..js (internal/modules/cjs/loader.js:1101:10)
    at Object.require.extensions.<computed> [as .ts] (E:\DIMMOY\Work\PTT\pttrm-backend\node_modules\ts-node\src\index.ts:1621:12)
    at Module.load (internal/modules/cjs/loader.js:937:32)
    at Function.Module._load (internal/modules/cjs/loader.js:778:12)
    at Module.require (internal/modules/cjs/loader.js:961:19)
2022-09-09 19:44:54 error: uncaughtException: тип Unable to compile TypeScript:
[96msrc/controllers/master.controller.ts[0m:[93m12[0m:[93m24[0m - [91merror[0m[90m TS1005: [0m',' expected.

[7m12[0m       const [statusCode: number, masterData] = await this.syncService.syncMasterData(stationId);
[7m  [0m [91m                       ~[0m

TSError: тип Unable to compile TypeScript:
[96msrc/controllers/master.controller.ts[0m:[93m12[0m:[93m24[0m - [91merror[0m[90m TS1005: [0m',' expected.

[7m12[0m       const [statusCode: number, masterData] = await this.syncService.syncMasterData(stationId);
[7m  [0m [91m                       ~[0m

    at createTSError (E:\DIMMOY\Work\PTT\pttrm-backend\node_modules\ts-node\src\index.ts:859:12)
    at reportTSError (E:\DIMMOY\Work\PTT\pttrm-backend\node_modules\ts-node\src\index.ts:863:19)
    at E:\DIMMOY\Work\PTT\pttrm-backend\node_modules\ts-node\src\index.ts:1379:34
    at Object.compile (E:\DIMMOY\Work\PTT\pttrm-backend\node_modules\ts-node\src\index.ts:1458:13)
    at Module.m._compile (E:\DIMMOY\Work\PTT\pttrm-backend\node_modules\ts-node\src\index.ts:1617:30)
    at Module._extensions..js (internal/modules/cjs/loader.js:1101:10)
    at Object.require.extensions.<computed> [as .ts] (E:\DIMMOY\Work\PTT\pttrm-backend\node_modules\ts-node\src\index.ts:1621:12)
    at Module.load (internal/modules/cjs/loader.js:937:32)
    at Function.Module._load (internal/modules/cjs/loader.js:778:12)
    at Module.require (internal/modules/cjs/loader.js:961:19)
2022-09-09 19:45:20 error: uncaughtException: тип Unable to compile TypeScript:
[96msrc/services/master.service.ts[0m:[93m4[0m:[93m43[0m - [91merror[0m[90m TS1144: [0m'{' or ';' expected.

[7m4[0m   public async syncMasterData(id: bigint) Promise<>{
[7m [0m [91m                                          ~~~~~~~[0m
[96msrc/services/master.service.ts[0m:[93m4[0m:[93m52[0m - [91merror[0m[90m TS1005: [0m'(' expected.

[7m4[0m   public async syncMasterData(id: bigint) Promise<>{
[7m [0m [91m                                                   ~[0m

TSError: тип Unable to compile TypeScript:
[96msrc/services/master.service.ts[0m:[93m4[0m:[93m43[0m - [91merror[0m[90m TS1144: [0m'{' or ';' expected.

[7m4[0m   public async syncMasterData(id: bigint) Promise<>{
[7m [0m [91m                                          ~~~~~~~[0m
[96msrc/services/master.service.ts[0m:[93m4[0m:[93m52[0m - [91merror[0m[90m TS1005: [0m'(' expected.

[7m4[0m   public async syncMasterData(id: bigint) Promise<>{
[7m [0m [91m                                                   ~[0m

    at createTSError (E:\DIMMOY\Work\PTT\pttrm-backend\node_modules\ts-node\src\index.ts:859:12)
    at reportTSError (E:\DIMMOY\Work\PTT\pttrm-backend\node_modules\ts-node\src\index.ts:863:19)
    at E:\DIMMOY\Work\PTT\pttrm-backend\node_modules\ts-node\src\index.ts:1379:34
    at Object.compile (E:\DIMMOY\Work\PTT\pttrm-backend\node_modules\ts-node\src\index.ts:1458:13)
    at Module.m._compile (E:\DIMMOY\Work\PTT\pttrm-backend\node_modules\ts-node\src\index.ts:1617:30)
    at Module._extensions..js (internal/modules/cjs/loader.js:1101:10)
    at Object.require.extensions.<computed> [as .ts] (E:\DIMMOY\Work\PTT\pttrm-backend\node_modules\ts-node\src\index.ts:1621:12)
    at Module.load (internal/modules/cjs/loader.js:937:32)
    at Function.Module._load (internal/modules/cjs/loader.js:778:12)
    at Module.require (internal/modules/cjs/loader.js:961:19)
2022-09-09 19:46:07 error: uncaughtException: тип Unable to compile TypeScript:
[96msrc/controllers/master.controller.ts[0m:[93m12[0m:[93m24[0m - [91merror[0m[90m TS1005: [0m',' expected.

[7m12[0m       const [statusCode: Number, masterData, message] = await this.syncService.syncMasterData(stationId);
[7m  [0m [91m                       ~[0m

TSError: тип Unable to compile TypeScript:
[96msrc/controllers/master.controller.ts[0m:[93m12[0m:[93m24[0m - [91merror[0m[90m TS1005: [0m',' expected.

[7m12[0m       const [statusCode: Number, masterData, message] = await this.syncService.syncMasterData(stationId);
[7m  [0m [91m                       ~[0m

    at createTSError (E:\DIMMOY\Work\PTT\pttrm-backend\node_modules\ts-node\src\index.ts:859:12)
    at reportTSError (E:\DIMMOY\Work\PTT\pttrm-backend\node_modules\ts-node\src\index.ts:863:19)
    at E:\DIMMOY\Work\PTT\pttrm-backend\node_modules\ts-node\src\index.ts:1379:34
    at Object.compile (E:\DIMMOY\Work\PTT\pttrm-backend\node_modules\ts-node\src\index.ts:1458:13)
    at Module.m._compile (E:\DIMMOY\Work\PTT\pttrm-backend\node_modules\ts-node\src\index.ts:1617:30)
    at Module._extensions..js (internal/modules/cjs/loader.js:1101:10)
    at Object.require.extensions.<computed> [as .ts] (E:\DIMMOY\Work\PTT\pttrm-backend\node_modules\ts-node\src\index.ts:1621:12)
    at Module.load (internal/modules/cjs/loader.js:937:32)
    at Function.Module._load (internal/modules/cjs/loader.js:778:12)
    at Module.require (internal/modules/cjs/loader.js:961:19)
2022-09-09 19:49:46 error: uncaughtException: тип Unable to compile TypeScript:
[96msrc/controllers/master.controller.ts[0m:[93m13[0m:[93m7[0m - [91merror[0m[90m TS1435: [0mUnknown keyword or identifier. Did you mean 'const'?

[7m13[0m       cosnt response =
[7m  [0m [91m      ~~~~~[0m

TSError: тип Unable to compile TypeScript:
[96msrc/controllers/master.controller.ts[0m:[93m13[0m:[93m7[0m - [91merror[0m[90m TS1435: [0mUnknown keyword or identifier. Did you mean 'const'?

[7m13[0m       cosnt response =
[7m  [0m [91m      ~~~~~[0m

    at createTSError (E:\DIMMOY\Work\PTT\pttrm-backend\node_modules\ts-node\src\index.ts:859:12)
    at reportTSError (E:\DIMMOY\Work\PTT\pttrm-backend\node_modules\ts-node\src\index.ts:863:19)
    at E:\DIMMOY\Work\PTT\pttrm-backend\node_modules\ts-node\src\index.ts:1379:34
    at Object.compile (E:\DIMMOY\Work\PTT\pttrm-backend\node_modules\ts-node\src\index.ts:1458:13)
    at Module.m._compile (E:\DIMMOY\Work\PTT\pttrm-backend\node_modules\ts-node\src\index.ts:1617:30)
    at Module._extensions..js (internal/modules/cjs/loader.js:1101:10)
    at Object.require.extensions.<computed> [as .ts] (E:\DIMMOY\Work\PTT\pttrm-backend\node_modules\ts-node\src\index.ts:1621:12)
    at Module.load (internal/modules/cjs/loader.js:937:32)
    at Function.Module._load (internal/modules/cjs/loader.js:778:12)
    at Module.require (internal/modules/cjs/loader.js:961:19)
2022-09-09 19:50:01 error: uncaughtException: тип Unable to compile TypeScript:
[96msrc/controllers/master.controller.ts[0m:[93m14[0m:[93m10[0m - [91merror[0m[90m TS1005: [0m',' expected.

[7m14[0m       res.status(statusCode).json({ data: masterData, message: message });
[7m  [0m [91m         ~[0m
[96msrc/controllers/master.controller.ts[0m:[93m14[0m:[93m17[0m - [91merror[0m[90m TS1005: [0m',' expected.

[7m14[0m       res.status(statusCode).json({ data: masterData, message: message });
[7m  [0m [91m                ~[0m

TSError: тип Unable to compile TypeScript:
[96msrc/controllers/master.controller.ts[0m:[93m14[0m:[93m10[0m - [91merror[0m[90m TS1005: [0m',' expected.

[7m14[0m       res.status(statusCode).json({ data: masterData, message: message });
[7m  [0m [91m         ~[0m
[96msrc/controllers/master.controller.ts[0m:[93m14[0m:[93m17[0m - [91merror[0m[90m TS1005: [0m',' expected.

[7m14[0m       res.status(statusCode).json({ data: masterData, message: message });
[7m  [0m [91m                ~[0m

    at createTSError (E:\DIMMOY\Work\PTT\pttrm-backend\node_modules\ts-node\src\index.ts:859:12)
    at reportTSError (E:\DIMMOY\Work\PTT\pttrm-backend\node_modules\ts-node\src\index.ts:863:19)
    at E:\DIMMOY\Work\PTT\pttrm-backend\node_modules\ts-node\src\index.ts:1379:34
    at Object.compile (E:\DIMMOY\Work\PTT\pttrm-backend\node_modules\ts-node\src\index.ts:1458:13)
    at Module.m._compile (E:\DIMMOY\Work\PTT\pttrm-backend\node_modules\ts-node\src\index.ts:1617:30)
    at Module._extensions..js (internal/modules/cjs/loader.js:1101:10)
    at Object.require.extensions.<computed> [as .ts] (E:\DIMMOY\Work\PTT\pttrm-backend\node_modules\ts-node\src\index.ts:1621:12)
    at Module.load (internal/modules/cjs/loader.js:937:32)
    at Function.Module._load (internal/modules/cjs/loader.js:778:12)
    at Module.require (internal/modules/cjs/loader.js:961:19)
2022-09-09 19:50:07 error: uncaughtException: тип Unable to compile TypeScript:
[96msrc/controllers/master.controller.ts[0m:[93m13[0m:[93m11[0m - [91merror[0m[90m TS1109: [0mExpression expected.

[7m13[0m       if ()
[7m  [0m [91m          ~[0m

TSError: тип Unable to compile TypeScript:
[96msrc/controllers/master.controller.ts[0m:[93m13[0m:[93m11[0m - [91merror[0m[90m TS1109: [0mExpression expected.

[7m13[0m       if ()
[7m  [0m [91m          ~[0m

    at createTSError (E:\DIMMOY\Work\PTT\pttrm-backend\node_modules\ts-node\src\index.ts:859:12)
    at reportTSError (E:\DIMMOY\Work\PTT\pttrm-backend\node_modules\ts-node\src\index.ts:863:19)
    at E:\DIMMOY\Work\PTT\pttrm-backend\node_modules\ts-node\src\index.ts:1379:34
    at Object.compile (E:\DIMMOY\Work\PTT\pttrm-backend\node_modules\ts-node\src\index.ts:1458:13)
    at Module.m._compile (E:\DIMMOY\Work\PTT\pttrm-backend\node_modules\ts-node\src\index.ts:1617:30)
    at Module._extensions..js (internal/modules/cjs/loader.js:1101:10)
    at Object.require.extensions.<computed> [as .ts] (E:\DIMMOY\Work\PTT\pttrm-backend\node_modules\ts-node\src\index.ts:1621:12)
    at Module.load (internal/modules/cjs/loader.js:937:32)
    at Function.Module._load (internal/modules/cjs/loader.js:778:12)
    at Module.require (internal/modules/cjs/loader.js:961:19)
2022-09-09 19:50:20 error: uncaughtException: тип Unable to compile TypeScript:
[96msrc/controllers/master.controller.ts[0m:[93m17[0m:[93m7[0m - [91merror[0m[90m TS1005: [0m'(' expected.

[7m17[0m       res.status(statusCode).json({ data: masterData, message: message });
[7m  [0m [91m      ~~~[0m
[96msrc/controllers/master.controller.ts[0m:[93m17[0m:[93m74[0m - [91merror[0m[90m TS1005: [0m')' expected.

[7m17[0m       res.status(statusCode).json({ data: masterData, message: message });
[7m  [0m [91m                                                                         ~[0m

TSError: тип Unable to compile TypeScript:
[96msrc/controllers/master.controller.ts[0m:[93m17[0m:[93m7[0m - [91merror[0m[90m TS1005: [0m'(' expected.

[7m17[0m       res.status(statusCode).json({ data: masterData, message: message });
[7m  [0m [91m      ~~~[0m
[96msrc/controllers/master.controller.ts[0m:[93m17[0m:[93m74[0m - [91merror[0m[90m TS1005: [0m')' expected.

[7m17[0m       res.status(statusCode).json({ data: masterData, message: message });
[7m  [0m [91m                                                                         ~[0m

    at createTSError (E:\DIMMOY\Work\PTT\pttrm-backend\node_modules\ts-node\src\index.ts:859:12)
    at reportTSError (E:\DIMMOY\Work\PTT\pttrm-backend\node_modules\ts-node\src\index.ts:863:19)
    at E:\DIMMOY\Work\PTT\pttrm-backend\node_modules\ts-node\src\index.ts:1379:34
    at Object.compile (E:\DIMMOY\Work\PTT\pttrm-backend\node_modules\ts-node\src\index.ts:1458:13)
    at Module.m._compile (E:\DIMMOY\Work\PTT\pttrm-backend\node_modules\ts-node\src\index.ts:1617:30)
    at Module._extensions..js (internal/modules/cjs/loader.js:1101:10)
    at Object.require.extensions.<computed> [as .ts] (E:\DIMMOY\Work\PTT\pttrm-backend\node_modules\ts-node\src\index.ts:1621:12)
    at Module.load (internal/modules/cjs/loader.js:937:32)
    at Function.Module._load (internal/modules/cjs/loader.js:778:12)
    at Module.require (internal/modules/cjs/loader.js:961:19)
2022-09-09 20:18:04 error: uncaughtException: тип Unable to compile TypeScript:
[96msrc/services/master.service.ts[0m:[93m37[0m:[93m15[0m - [91merror[0m[90m TS1005: [0m')' expected.

[7m37[0m       (SELECT PROC.product_id,PROC.special_type,PROC.special_num FROM tbl_promotions_has_condition AS PROC
[7m  [0m [91m              ~~~~[0m
[96msrc/services/master.service.ts[0m:[93m37[0m:[93m66[0m - [91merror[0m[90m TS1005: [0m';' expected.

[7m37[0m       (SELECT PROC.product_id,PROC.special_type,PROC.special_num FROM tbl_promotions_has_condition AS PROC
[7m  [0m [91m                                                                 ~~~~[0m
[96msrc/services/master.service.ts[0m:[93m37[0m:[93m71[0m - [91merror[0m[90m TS1434: [0mUnexpected keyword or identifier.

[7m37[0m       (SELECT PROC.product_id,PROC.special_type,PROC.special_num FROM tbl_promotions_has_condition AS PROC
[7m  [0m [91m                                                                      ~~~~~~~~~~~~~~~~~~~~~~~~~~~~[0m
[96msrc/services/master.service.ts[0m:[93m37[0m:[93m100[0m - [91merror[0m[90m TS1434: [0mUnexpected keyword or identifier.

[7m37[0m       (SELECT PROC.product_id,PROC.special_type,PROC.special_num FROM tbl_promotions_has_condition AS PROC
[7m  [0m [91m                                                                                                   ~~[0m
[96msrc/services/master.service.ts[0m:[93m38[0m:[93m9[0m - [91merror[0m[90m TS1435: [0mUnknown keyword or identifier. Did you mean 'infer'?

[7m38[0m         INNER JOIN tbl_promotions AS PRO ON PRO.id = PROC.promotion_id ORDER BY PROC.id ASC),
[7m  [0m [91m        ~~~~~[0m
[96msrc/services/master.service.ts[0m:[93m38[0m:[93m15[0m - [91merror[0m[90m TS1434: [0mUnexpected keyword or identifier.

[7m38[0m         INNER JOIN tbl_promotions AS PRO ON PRO.id = PROC.promotion_id ORDER BY PROC.id ASC),
[7m  [0m [91m              ~~~~[0m
[96msrc/services/master.service.ts[0m:[93m38[0m:[93m20[0m - [91merror[0m[90m TS1434: [0mUnexpected keyword or identifier.

[7m38[0m         INNER JOIN tbl_promotions AS PRO ON PRO.id = PROC.promotion_id ORDER BY PROC.id ASC),
[7m  [0m [91m                   ~~~~~~~~~~~~~~[0m
[96msrc/services/master.service.ts[0m:[93m38[0m:[93m35[0m - [91merror[0m[90m TS1434: [0mUnexpected keyword or identifier.

[7m38[0m         INNER JOIN tbl_promotions AS PRO ON PRO.id = PROC.promotion_id ORDER BY PROC.id ASC),
[7m  [0m [91m                                  ~~[0m
[96msrc/services/master.service.ts[0m:[93m38[0m:[93m38[0m - [91merror[0m[90m TS1434: [0mUnexpected keyword or identifier.

[7m38[0m         INNER JOIN tbl_promotions AS PRO ON PRO.id = PROC.promotion_id ORDER BY PROC.id ASC),
[7m  [0m [91m                                     ~~~[0m
[96msrc/services/master.service.ts[0m:[93m38[0m:[93m42[0m - [91merror[0m[90m TS1434: [0mUnexpected keyword or identifier.

[7m38[0m         INNER JOIN tbl_promotions AS PRO ON PRO.id = PROC.promotion_id ORDER BY PROC.id ASC),
[7m  [0m [91m                                         ~~[0m
[96msrc/services/master.service.ts[0m:[93m38[0m:[93m72[0m - [91merror[0m[90m TS1005: [0m';' expected.

[7m38[0m         INNER JOIN tbl_promotions AS PRO ON PRO.id = PROC.promotion_id ORDER BY PROC.id ASC),
[7m  [0m [91m                                                                       ~~~~~[0m
[96msrc/services/master.service.ts[0m:[93m38[0m:[93m78[0m - [91merror[0m[90m TS1434: [0mUnexpected keyword or identifier.

[7m38[0m         INNER JOIN tbl_promotions AS PRO ON PRO.id = PROC.promotion_id ORDER BY PROC.id ASC),
[7m  [0m [91m                                                                             ~~[0m
[96msrc/services/master.service.ts[0m:[93m38[0m:[93m89[0m - [91merror[0m[90m TS1005: [0m';' expected.

[7m38[0m         INNER JOIN tbl_promotions AS PRO ON PRO.id = PROC.promotion_id ORDER BY PROC.id ASC),
[7m  [0m [91m                                                                                        ~~~[0m
[96msrc/services/master.service.ts[0m:[93m38[0m:[93m92[0m - [91merror[0m[90m TS1128: [0mDeclaration or statement expected.

[7m38[0m         INNER JOIN tbl_promotions AS PRO ON PRO.id = PROC.promotion_id ORDER BY PROC.id ASC),
[7m  [0m [91m                                                                                           ~[0m
[96msrc/services/master.service.ts[0m:[93m38[0m:[93m93[0m - [91merror[0m[90m TS1128: [0mDeclaration or statement expected.

[7m38[0m         INNER JOIN tbl_promotions AS PRO ON PRO.id = PROC.promotion_id ORDER BY PROC.id ASC),
[7m  [0m [91m                                                                                            ~[0m
[96msrc/services/master.service.ts[0m:[93m39[0m:[93m15[0m - [91merror[0m[90m TS1005: [0m')' expected.

[7m39[0m       (SELECT PROT.type,PROT.type_detail,PROT.line_type,
[7m  [0m [91m              ~~~~[0m
[96msrc/services/master.service.ts[0m:[93m40[0m:[93m17[0m - [91merror[0m[90m TS1005: [0m')' expected.

[7m40[0m         (SELECT TD.type, TD.text_detail, TD.text_font FROM tbl_template_detail AS TD
[7m  [0m [91m                ~~[0m
[96msrc/services/master.service.ts[0m:[93m40[0m:[93m55[0m - [91merror[0m[90m TS1005: [0m';' expected.

[7m40[0m         (SELECT TD.type, TD.text_detail, TD.text_font FROM tbl_template_detail AS TD
[7m  [0m [91m                                                      ~~~~[0m
[96msrc/services/master.service.ts[0m:[93m40[0m:[93m60[0m - [91merror[0m[90m TS1434: [0mUnexpected keyword or identifier.

[7m40[0m         (SELECT TD.type, TD.text_detail, TD.text_font FROM tbl_template_detail AS TD
[7m  [0m [91m                                                           ~~~~~~~~~~~~~~~~~~~[0m
[96msrc/services/master.service.ts[0m:[93m40[0m:[93m80[0m - [91merror[0m[90m TS1434: [0mUnexpected keyword or identifier.

[7m40[0m         (SELECT TD.type, TD.text_detail, TD.text_font FROM tbl_template_detail AS TD
[7m  [0m [91m                                                                               ~~[0m
[96msrc/services/master.service.ts[0m:[93m41[0m:[93m9[0m - [91merror[0m[90m TS1435: [0mUnknown keyword or identifier. Did you mean 'infer'?

[7m41[0m         INNER JOIN PROT ON PROT.id = TD.promotion_template_Id ORDER BY TD.id ASC)
[7m  [0m [91m        ~~~~~[0m
[96msrc/services/master.service.ts[0m:[93m41[0m:[93m15[0m - [91merror[0m[90m TS1434: [0mUnexpected keyword or identifier.

[7m41[0m         INNER JOIN PROT ON PROT.id = TD.promotion_template_Id ORDER BY TD.id ASC)
[7m  [0m [91m              ~~~~[0m
[96msrc/services/master.service.ts[0m:[93m41[0m:[93m20[0m - [91merror[0m[90m TS1434: [0mUnexpected keyword or identifier.

[7m41[0m         INNER JOIN PROT ON PROT.id = TD.promotion_template_Id ORDER BY TD.id ASC)
[7m  [0m [91m                   ~~~~[0m
[96msrc/services/master.service.ts[0m:[93m41[0m:[93m25[0m - [91merror[0m[90m TS1434: [0mUnexpected keyword or identifier.

[7m41[0m         INNER JOIN PROT ON PROT.id = TD.promotion_template_Id ORDER BY TD.id ASC)
[7m  [0m [91m                        ~~[0m
[96msrc/services/master.service.ts[0m:[93m41[0m:[93m63[0m - [91merror[0m[90m TS1005: [0m';' expected.

[7m41[0m         INNER JOIN PROT ON PROT.id = TD.promotion_template_Id ORDER BY TD.id ASC)
[7m  [0m [91m                                                              ~~~~~[0m
[96msrc/services/master.service.ts[0m:[93m41[0m:[93m69[0m - [91merror[0m[90m TS1434: [0mUnexpected keyword or identifier.

[7m41[0m         INNER JOIN PROT ON PROT.id = TD.promotion_template_Id ORDER BY TD.id ASC)
[7m  [0m [91m                                                                    ~~[0m
[96msrc/services/master.service.ts[0m:[93m41[0m:[93m78[0m - [91merror[0m[90m TS1005: [0m';' expected.

[7m41[0m         INNER JOIN PROT ON PROT.id = TD.promotion_template_Id ORDER BY TD.id ASC)
[7m  [0m [91m                                                                             ~~~[0m
[96msrc/services/master.service.ts[0m:[93m41[0m:[93m81[0m - [91merror[0m[90m TS1128: [0mDeclaration or statement expected.

[7m41[0m         INNER JOIN PROT ON PROT.id = TD.promotion_template_Id ORDER BY TD.id ASC)
[7m  [0m [91m                                                                                ~[0m
[96msrc/services/master.service.ts[0m:[93m42[0m:[93m7[0m - [91merror[0m[90m TS1435: [0mUnknown keyword or identifier. Did you mean 'from'?

[7m42[0m       FROM tbl_promotions_template AS PROT
[7m  [0m [91m      ~~~~[0m
[96msrc/services/master.service.ts[0m:[93m42[0m:[93m12[0m - [91merror[0m[90m TS1434: [0mUnexpected keyword or identifier.

[7m42[0m       FROM tbl_promotions_template AS PROT
[7m  [0m [91m           ~~~~~~~~~~~~~~~~~~~~~~~[0m
[96msrc/services/master.service.ts[0m:[93m42[0m:[93m36[0m - [91merror[0m[90m TS1434: [0mUnexpected keyword or identifier.

[7m42[0m       FROM tbl_promotions_template AS PROT
[7m  [0m [91m                                   ~~[0m
[96msrc/services/master.service.ts[0m:[93m43[0m:[93m7[0m - [91merror[0m[90m TS1435: [0mUnknown keyword or identifier. Did you mean 'infer'?

[7m43[0m       INNER JOIN PRO ON PRO.id = PROT.promotion_id ORDER BY PROT.id ASC)
[7m  [0m [91m      ~~~~~[0m
[96msrc/services/master.service.ts[0m:[93m43[0m:[93m13[0m - [91merror[0m[90m TS1434: [0mUnexpected keyword or identifier.

[7m43[0m       INNER JOIN PRO ON PRO.id = PROT.promotion_id ORDER BY PROT.id ASC)
[7m  [0m [91m            ~~~~[0m
[96msrc/services/master.service.ts[0m:[93m43[0m:[93m18[0m - [91merror[0m[90m TS1434: [0mUnexpected keyword or identifier.

[7m43[0m       INNER JOIN PRO ON PRO.id = PROT.promotion_id ORDER BY PROT.id ASC)
[7m  [0m [91m                 ~~~[0m
[96msrc/services/master.service.ts[0m:[93m43[0m:[93m22[0m - [91merror[0m[90m TS1434: [0mUnexpected keyword or identifier.

[7m43[0m       INNER JOIN PRO ON PRO.id = PROT.promotion_id ORDER BY PROT.id ASC)
[7m  [0m [91m                     ~~[0m
[96msrc/services/master.service.ts[0m:[93m43[0m:[93m52[0m - [91merror[0m[90m TS1005: [0m';' expected.

[7m43[0m       INNER JOIN PRO ON PRO.id = PROT.promotion_id ORDER BY PROT.id ASC)
[7m  [0m [91m                                                   ~~~~~[0m
[96msrc/services/master.service.ts[0m:[93m43[0m:[93m58[0m - [91merror[0m[90m TS1434: [0mUnexpected keyword or identifier.

[7m43[0m       INNER JOIN PRO ON PRO.id = PROT.promotion_id ORDER BY PROT.id ASC)
[7m  [0m [91m                                                         ~~[0m
[96msrc/services/master.service.ts[0m:[93m43[0m:[93m69[0m - [91merror[0m[90m TS1005: [0m';' expected.

[7m43[0m       INNER JOIN PRO ON PRO.id = PROT.promotion_id ORDER BY PROT.id ASC)
[7m  [0m [91m                                                                    ~~~[0m
[96msrc/services/master.service.ts[0m:[93m43[0m:[93m72[0m - [91merror[0m[90m TS1128: [0mDeclaration or statement expected.

[7m43[0m       INNER JOIN PRO ON PRO.id = PROT.promotion_id ORDER BY PROT.id ASC)
[7m  [0m [91m                                                                       ~[0m

TSError: тип Unable to compile TypeScript:
[96msrc/services/master.service.ts[0m:[93m37[0m:[93m15[0m - [91merror[0m[90m TS1005: [0m')' expected.

[7m37[0m       (SELECT PROC.product_id,PROC.special_type,PROC.special_num FROM tbl_promotions_has_condition AS PROC
[7m  [0m [91m              ~~~~[0m
[96msrc/services/master.service.ts[0m:[93m37[0m:[93m66[0m - [91merror[0m[90m TS1005: [0m';' expected.

[7m37[0m       (SELECT PROC.product_id,PROC.special_type,PROC.special_num FROM tbl_promotions_has_condition AS PROC
[7m  [0m [91m                                                                 ~~~~[0m
[96msrc/services/master.service.ts[0m:[93m37[0m:[93m71[0m - [91merror[0m[90m TS1434: [0mUnexpected keyword or identifier.

[7m37[0m       (SELECT PROC.product_id,PROC.special_type,PROC.special_num FROM tbl_promotions_has_condition AS PROC
[7m  [0m [91m                                                                      ~~~~~~~~~~~~~~~~~~~~~~~~~~~~[0m
[96msrc/services/master.service.ts[0m:[93m37[0m:[93m100[0m - [91merror[0m[90m TS1434: [0mUnexpected keyword or identifier.

[7m37[0m       (SELECT PROC.product_id,PROC.special_type,PROC.special_num FROM tbl_promotions_has_condition AS PROC
[7m  [0m [91m                                                                                                   ~~[0m
[96msrc/services/master.service.ts[0m:[93m38[0m:[93m9[0m - [91merror[0m[90m TS1435: [0mUnknown keyword or identifier. Did you mean 'infer'?

[7m38[0m         INNER JOIN tbl_promotions AS PRO ON PRO.id = PROC.promotion_id ORDER BY PROC.id ASC),
[7m  [0m [91m        ~~~~~[0m
[96msrc/services/master.service.ts[0m:[93m38[0m:[93m15[0m - [91merror[0m[90m TS1434: [0mUnexpected keyword or identifier.

[7m38[0m         INNER JOIN tbl_promotions AS PRO ON PRO.id = PROC.promotion_id ORDER BY PROC.id ASC),
[7m  [0m [91m              ~~~~[0m
[96msrc/services/master.service.ts[0m:[93m38[0m:[93m20[0m - [91merror[0m[90m TS1434: [0mUnexpected keyword or identifier.

[7m38[0m         INNER JOIN tbl_promotions AS PRO ON PRO.id = PROC.promotion_id ORDER BY PROC.id ASC),
[7m  [0m [91m                   ~~~~~~~~~~~~~~[0m
[96msrc/services/master.service.ts[0m:[93m38[0m:[93m35[0m - [91merror[0m[90m TS1434: [0mUnexpected keyword or identifier.

[7m38[0m         INNER JOIN tbl_promotions AS PRO ON PRO.id = PROC.promotion_id ORDER BY PROC.id ASC),
[7m  [0m [91m                                  ~~[0m
[96msrc/services/master.service.ts[0m:[93m38[0m:[93m38[0m - [91merror[0m[90m TS1434: [0mUnexpected keyword or identifier.

[7m38[0m         INNER JOIN tbl_promotions AS PRO ON PRO.id = PROC.promotion_id ORDER BY PROC.id ASC),
[7m  [0m [91m                                     ~~~[0m
[96msrc/services/master.service.ts[0m:[93m38[0m:[93m42[0m - [91merror[0m[90m TS1434: [0mUnexpected keyword or identifier.

[7m38[0m         INNER JOIN tbl_promotions AS PRO ON PRO.id = PROC.promotion_id ORDER BY PROC.id ASC),
[7m  [0m [91m                                         ~~[0m
[96msrc/services/master.service.ts[0m:[93m38[0m:[93m72[0m - [91merror[0m[90m TS1005: [0m';' expected.

[7m38[0m         INNER JOIN tbl_promotions AS PRO ON PRO.id = PROC.promotion_id ORDER BY PROC.id ASC),
[7m  [0m [91m                                                                       ~~~~~[0m
[96msrc/services/master.service.ts[0m:[93m38[0m:[93m78[0m - [91merror[0m[90m TS1434: [0mUnexpected keyword or identifier.

[7m38[0m         INNER JOIN tbl_promotions AS PRO ON PRO.id = PROC.promotion_id ORDER BY PROC.id ASC),
[7m  [0m [91m                                                                             ~~[0m
[96msrc/services/master.service.ts[0m:[93m38[0m:[93m89[0m - [91merror[0m[90m TS1005: [0m';' expected.

[7m38[0m         INNER JOIN tbl_promotions AS PRO ON PRO.id = PROC.promotion_id ORDER BY PROC.id ASC),
[7m  [0m [91m                                                                                        ~~~[0m
[96msrc/services/master.service.ts[0m:[93m38[0m:[93m92[0m - [91merror[0m[90m TS1128: [0mDeclaration or statement expected.

[7m38[0m         INNER JOIN tbl_promotions AS PRO ON PRO.id = PROC.promotion_id ORDER BY PROC.id ASC),
[7m  [0m [91m                                                                                           ~[0m
[96msrc/services/master.service.ts[0m:[93m38[0m:[93m93[0m - [91merror[0m[90m TS1128: [0mDeclaration or statement expected.

[7m38[0m         INNER JOIN tbl_promotions AS PRO ON PRO.id = PROC.promotion_id ORDER BY PROC.id ASC),
[7m  [0m [91m                                                                                            ~[0m
[96msrc/services/master.service.ts[0m:[93m39[0m:[93m15[0m - [91merror[0m[90m TS1005: [0m')' expected.

[7m39[0m       (SELECT PROT.type,PROT.type_detail,PROT.line_type,
[7m  [0m [91m              ~~~~[0m
[96msrc/services/master.service.ts[0m:[93m40[0m:[93m17[0m - [91merror[0m[90m TS1005: [0m')' expected.

[7m40[0m         (SELECT TD.type, TD.text_detail, TD.text_font FROM tbl_template_detail AS TD
[7m  [0m [91m                ~~[0m
[96msrc/services/master.service.ts[0m:[93m40[0m:[93m55[0m - [91merror[0m[90m TS1005: [0m';' expected.

[7m40[0m         (SELECT TD.type, TD.text_detail, TD.text_font FROM tbl_template_detail AS TD
[7m  [0m [91m                                                      ~~~~[0m
[96msrc/services/master.service.ts[0m:[93m40[0m:[93m60[0m - [91merror[0m[90m TS1434: [0mUnexpected keyword or identifier.

[7m40[0m         (SELECT TD.type, TD.text_detail, TD.text_font FROM tbl_template_detail AS TD
[7m  [0m [91m                                                           ~~~~~~~~~~~~~~~~~~~[0m
[96msrc/services/master.service.ts[0m:[93m40[0m:[93m80[0m - [91merror[0m[90m TS1434: [0mUnexpected keyword or identifier.

[7m40[0m         (SELECT TD.type, TD.text_detail, TD.text_font FROM tbl_template_detail AS TD
[7m  [0m [91m                                                                               ~~[0m
[96msrc/services/master.service.ts[0m:[93m41[0m:[93m9[0m - [91merror[0m[90m TS1435: [0mUnknown keyword or identifier. Did you mean 'infer'?

[7m41[0m         INNER JOIN PROT ON PROT.id = TD.promotion_template_Id ORDER BY TD.id ASC)
[7m  [0m [91m        ~~~~~[0m
[96msrc/services/master.service.ts[0m:[93m41[0m:[93m15[0m - [91merror[0m[90m TS1434: [0mUnexpected keyword or identifier.

[7m41[0m         INNER JOIN PROT ON PROT.id = TD.promotion_template_Id ORDER BY TD.id ASC)
[7m  [0m [91m              ~~~~[0m
[96msrc/services/master.service.ts[0m:[93m41[0m:[93m20[0m - [91merror[0m[90m TS1434: [0mUnexpected keyword or identifier.

[7m41[0m         INNER JOIN PROT ON PROT.id = TD.promotion_template_Id ORDER BY TD.id ASC)
[7m  [0m [91m                   ~~~~[0m
[96msrc/services/master.service.ts[0m:[93m41[0m:[93m25[0m - [91merror[0m[90m TS1434: [0mUnexpected keyword or identifier.

[7m41[0m         INNER JOIN PROT ON PROT.id = TD.promotion_template_Id ORDER BY TD.id ASC)
[7m  [0m [91m                        ~~[0m
[96msrc/services/master.service.ts[0m:[93m41[0m:[93m63[0m - [91merror[0m[90m TS1005: [0m';' expected.

[7m41[0m         INNER JOIN PROT ON PROT.id = TD.promotion_template_Id ORDER BY TD.id ASC)
[7m  [0m [91m                                                              ~~~~~[0m
[96msrc/services/master.service.ts[0m:[93m41[0m:[93m69[0m - [91merror[0m[90m TS1434: [0mUnexpected keyword or identifier.

[7m41[0m         INNER JOIN PROT ON PROT.id = TD.promotion_template_Id ORDER BY TD.id ASC)
[7m  [0m [91m                                                                    ~~[0m
[96msrc/services/master.service.ts[0m:[93m41[0m:[93m78[0m - [91merror[0m[90m TS1005: [0m';' expected.

[7m41[0m         INNER JOIN PROT ON PROT.id = TD.promotion_template_Id ORDER BY TD.id ASC)
[7m  [0m [91m                                                                             ~~~[0m
[96msrc/services/master.service.ts[0m:[93m41[0m:[93m81[0m - [91merror[0m[90m TS1128: [0mDeclaration or statement expected.

[7m41[0m         INNER JOIN PROT ON PROT.id = TD.promotion_template_Id ORDER BY TD.id ASC)
[7m  [0m [91m                                                                                ~[0m
[96msrc/services/master.service.ts[0m:[93m42[0m:[93m7[0m - [91merror[0m[90m TS1435: [0mUnknown keyword or identifier. Did you mean 'from'?

[7m42[0m       FROM tbl_promotions_template AS PROT
[7m  [0m [91m      ~~~~[0m
[96msrc/services/master.service.ts[0m:[93m42[0m:[93m12[0m - [91merror[0m[90m TS1434: [0mUnexpected keyword or identifier.

[7m42[0m       FROM tbl_promotions_template AS PROT
[7m  [0m [91m           ~~~~~~~~~~~~~~~~~~~~~~~[0m
[96msrc/services/master.service.ts[0m:[93m42[0m:[93m36[0m - [91merror[0m[90m TS1434: [0mUnexpected keyword or identifier.

[7m42[0m       FROM tbl_promotions_template AS PROT
[7m  [0m [91m                                   ~~[0m
[96msrc/services/master.service.ts[0m:[93m43[0m:[93m7[0m - [91merror[0m[90m TS1435: [0mUnknown keyword or identifier. Did you mean 'infer'?

[7m43[0m       INNER JOIN PRO ON PRO.id = PROT.promotion_id ORDER BY PROT.id ASC)
[7m  [0m [91m      ~~~~~[0m
[96msrc/services/master.service.ts[0m:[93m43[0m:[93m13[0m - [91merror[0m[90m TS1434: [0mUnexpected keyword or identifier.

[7m43[0m       INNER JOIN PRO ON PRO.id = PROT.promotion_id ORDER BY PROT.id ASC)
[7m  [0m [91m            ~~~~[0m
[96msrc/services/master.service.ts[0m:[93m43[0m:[93m18[0m - [91merror[0m[90m TS1434: [0mUnexpected keyword or identifier.

[7m43[0m       INNER JOIN PRO ON PRO.id = PROT.promotion_id ORDER BY PROT.id ASC)
[7m  [0m [91m                 ~~~[0m
[96msrc/services/master.service.ts[0m:[93m43[0m:[93m22[0m - [91merror[0m[90m TS1434: [0mUnexpected keyword or identifier.

[7m43[0m       INNER JOIN PRO ON PRO.id = PROT.promotion_id ORDER BY PROT.id ASC)
[7m  [0m [91m                     ~~[0m
[96msrc/services/master.service.ts[0m:[93m43[0m:[93m52[0m - [91merror[0m[90m TS1005: [0m';' expected.

[7m43[0m       INNER JOIN PRO ON PRO.id = PROT.promotion_id ORDER BY PROT.id ASC)
[7m  [0m [91m                                                   ~~~~~[0m
[96msrc/services/master.service.ts[0m:[93m43[0m:[93m58[0m - [91merror[0m[90m TS1434: [0mUnexpected keyword or identifier.

[7m43[0m       INNER JOIN PRO ON PRO.id = PROT.promotion_id ORDER BY PROT.id ASC)
[7m  [0m [91m                                                         ~~[0m
[96msrc/services/master.service.ts[0m:[93m43[0m:[93m69[0m - [91merror[0m[90m TS1005: [0m';' expected.

[7m43[0m       INNER JOIN PRO ON PRO.id = PROT.promotion_id ORDER BY PROT.id ASC)
[7m  [0m [91m                                                                    ~~~[0m
[96msrc/services/master.service.ts[0m:[93m43[0m:[93m72[0m - [91merror[0m[90m TS1128: [0mDeclaration or statement expected.

[7m43[0m       INNER JOIN PRO ON PRO.id = PROT.promotion_id ORDER BY PROT.id ASC)
[7m  [0m [91m                                                                       ~[0m

    at createTSError (E:\DIMMOY\Work\PTT\pttrm-backend\node_modules\ts-node\src\index.ts:859:12)
    at reportTSError (E:\DIMMOY\Work\PTT\pttrm-backend\node_modules\ts-node\src\index.ts:863:19)
    at E:\DIMMOY\Work\PTT\pttrm-backend\node_modules\ts-node\src\index.ts:1379:34
    at Object.compile (E:\DIMMOY\Work\PTT\pttrm-backend\node_modules\ts-node\src\index.ts:1458:13)
    at Module.m._compile (E:\DIMMOY\Work\PTT\pttrm-backend\node_modules\ts-node\src\index.ts:1617:30)
    at Module._extensions..js (internal/modules/cjs/loader.js:1101:10)
    at Object.require.extensions.<computed> [as .ts] (E:\DIMMOY\Work\PTT\pttrm-backend\node_modules\ts-node\src\index.ts:1621:12)
    at Module.load (internal/modules/cjs/loader.js:937:32)
    at Function.Module._load (internal/modules/cjs/loader.js:778:12)
    at Module.require (internal/modules/cjs/loader.js:961:19)
2022-09-09 20:19:06 error: uncaughtException: тип Unable to compile TypeScript:
[96msrc/services/master.service.ts[0m:[93m37[0m:[93m15[0m - [91merror[0m[90m TS1005: [0m')' expected.

[7m37[0m       (SELECT PROC.product_id,PROC.special_type,PROC.special_num FROM tbl_promotions_has_condition AS PROC
[7m  [0m [91m              ~~~~[0m
[96msrc/services/master.service.ts[0m:[93m37[0m:[93m66[0m - [91merror[0m[90m TS1005: [0m';' expected.

[7m37[0m       (SELECT PROC.product_id,PROC.special_type,PROC.special_num FROM tbl_promotions_has_condition AS PROC
[7m  [0m [91m                                                                 ~~~~[0m
[96msrc/services/master.service.ts[0m:[93m37[0m:[93m71[0m - [91merror[0m[90m TS1434: [0mUnexpected keyword or identifier.

[7m37[0m       (SELECT PROC.product_id,PROC.special_type,PROC.special_num FROM tbl_promotions_has_condition AS PROC
[7m  [0m [91m                                                                      ~~~~~~~~~~~~~~~~~~~~~~~~~~~~[0m
[96msrc/services/master.service.ts[0m:[93m37[0m:[93m100[0m - [91merror[0m[90m TS1434: [0mUnexpected keyword or identifier.

[7m37[0m       (SELECT PROC.product_id,PROC.special_type,PROC.special_num FROM tbl_promotions_has_condition AS PROC
[7m  [0m [91m                                                                                                   ~~[0m
[96msrc/services/master.service.ts[0m:[93m38[0m:[93m9[0m - [91merror[0m[90m TS1435: [0mUnknown keyword or identifier. Did you mean 'infer'?

[7m38[0m         INNER JOIN tbl_promotions AS PRO ON PRO.id = PROC.promotion_id ORDER BY PROC.id ASC),
[7m  [0m [91m        ~~~~~[0m
[96msrc/services/master.service.ts[0m:[93m38[0m:[93m15[0m - [91merror[0m[90m TS1434: [0mUnexpected keyword or identifier.

[7m38[0m         INNER JOIN tbl_promotions AS PRO ON PRO.id = PROC.promotion_id ORDER BY PROC.id ASC),
[7m  [0m [91m              ~~~~[0m
[96msrc/services/master.service.ts[0m:[93m38[0m:[93m20[0m - [91merror[0m[90m TS1434: [0mUnexpected keyword or identifier.

[7m38[0m         INNER JOIN tbl_promotions AS PRO ON PRO.id = PROC.promotion_id ORDER BY PROC.id ASC),
[7m  [0m [91m                   ~~~~~~~~~~~~~~[0m
[96msrc/services/master.service.ts[0m:[93m38[0m:[93m35[0m - [91merror[0m[90m TS1434: [0mUnexpected keyword or identifier.

[7m38[0m         INNER JOIN tbl_promotions AS PRO ON PRO.id = PROC.promotion_id ORDER BY PROC.id ASC),
[7m  [0m [91m                                  ~~[0m
[96msrc/services/master.service.ts[0m:[93m38[0m:[93m38[0m - [91merror[0m[90m TS1434: [0mUnexpected keyword or identifier.

[7m38[0m         INNER JOIN tbl_promotions AS PRO ON PRO.id = PROC.promotion_id ORDER BY PROC.id ASC),
[7m  [0m [91m                                     ~~~[0m
[96msrc/services/master.service.ts[0m:[93m38[0m:[93m42[0m - [91merror[0m[90m TS1434: [0mUnexpected keyword or identifier.

[7m38[0m         INNER JOIN tbl_promotions AS PRO ON PRO.id = PROC.promotion_id ORDER BY PROC.id ASC),
[7m  [0m [91m                                         ~~[0m
[96msrc/services/master.service.ts[0m:[93m38[0m:[93m72[0m - [91merror[0m[90m TS1005: [0m';' expected.

[7m38[0m         INNER JOIN tbl_promotions AS PRO ON PRO.id = PROC.promotion_id ORDER BY PROC.id ASC),
[7m  [0m [91m                                                                       ~~~~~[0m
[96msrc/services/master.service.ts[0m:[93m38[0m:[93m78[0m - [91merror[0m[90m TS1434: [0mUnexpected keyword or identifier.

[7m38[0m         INNER JOIN tbl_promotions AS PRO ON PRO.id = PROC.promotion_id ORDER BY PROC.id ASC),
[7m  [0m [91m                                                                             ~~[0m
[96msrc/services/master.service.ts[0m:[93m38[0m:[93m89[0m - [91merror[0m[90m TS1005: [0m';' expected.

[7m38[0m         INNER JOIN tbl_promotions AS PRO ON PRO.id = PROC.promotion_id ORDER BY PROC.id ASC),
[7m  [0m [91m                                                                                        ~~~[0m
[96msrc/services/master.service.ts[0m:[93m38[0m:[93m92[0m - [91merror[0m[90m TS1128: [0mDeclaration or statement expected.

[7m38[0m         INNER JOIN tbl_promotions AS PRO ON PRO.id = PROC.promotion_id ORDER BY PROC.id ASC),
[7m  [0m [91m                                                                                           ~[0m
[96msrc/services/master.service.ts[0m:[93m38[0m:[93m93[0m - [91merror[0m[90m TS1128: [0mDeclaration or statement expected.

[7m38[0m         INNER JOIN tbl_promotions AS PRO ON PRO.id = PROC.promotion_id ORDER BY PROC.id ASC),
[7m  [0m [91m                                                                                            ~[0m
[96msrc/services/master.service.ts[0m:[93m39[0m:[93m15[0m - [91merror[0m[90m TS1005: [0m')' expected.

[7m39[0m       (SELECT PROT.type,PROT.type_detail,PROT.line_type,
[7m  [0m [91m              ~~~~[0m
[96msrc/services/master.service.ts[0m:[93m40[0m:[93m17[0m - [91merror[0m[90m TS1005: [0m')' expected.

[7m40[0m         (SELECT TD.type, TD.text_detail, TD.text_font FROM tbl_template_detail AS TD
[7m  [0m [91m                ~~[0m
[96msrc/services/master.service.ts[0m:[93m40[0m:[93m55[0m - [91merror[0m[90m TS1005: [0m';' expected.

[7m40[0m         (SELECT TD.type, TD.text_detail, TD.text_font FROM tbl_template_detail AS TD
[7m  [0m [91m                                                      ~~~~[0m
[96msrc/services/master.service.ts[0m:[93m40[0m:[93m60[0m - [91merror[0m[90m TS1434: [0mUnexpected keyword or identifier.

[7m40[0m         (SELECT TD.type, TD.text_detail, TD.text_font FROM tbl_template_detail AS TD
[7m  [0m [91m                                                           ~~~~~~~~~~~~~~~~~~~[0m
[96msrc/services/master.service.ts[0m:[93m40[0m:[93m80[0m - [91merror[0m[90m TS1434: [0mUnexpected keyword or identifier.

[7m40[0m         (SELECT TD.type, TD.text_detail, TD.text_font FROM tbl_template_detail AS TD
[7m  [0m [91m                                                                               ~~[0m
[96msrc/services/master.service.ts[0m:[93m41[0m:[93m9[0m - [91merror[0m[90m TS1435: [0mUnknown keyword or identifier. Did you mean 'infer'?

[7m41[0m         INNER JOIN PROT ON PROT.id = TD.promotion_template_Id ORDER BY TD.id ASC)
[7m  [0m [91m        ~~~~~[0m
[96msrc/services/master.service.ts[0m:[93m41[0m:[93m15[0m - [91merror[0m[90m TS1434: [0mUnexpected keyword or identifier.

[7m41[0m         INNER JOIN PROT ON PROT.id = TD.promotion_template_Id ORDER BY TD.id ASC)
[7m  [0m [91m              ~~~~[0m
[96msrc/services/master.service.ts[0m:[93m41[0m:[93m20[0m - [91merror[0m[90m TS1434: [0mUnexpected keyword or identifier.

[7m41[0m         INNER JOIN PROT ON PROT.id = TD.promotion_template_Id ORDER BY TD.id ASC)
[7m  [0m [91m                   ~~~~[0m
[96msrc/services/master.service.ts[0m:[93m41[0m:[93m25[0m - [91merror[0m[90m TS1434: [0mUnexpected keyword or identifier.

[7m41[0m         INNER JOIN PROT ON PROT.id = TD.promotion_template_Id ORDER BY TD.id ASC)
[7m  [0m [91m                        ~~[0m
[96msrc/services/master.service.ts[0m:[93m41[0m:[93m63[0m - [91merror[0m[90m TS1005: [0m';' expected.

[7m41[0m         INNER JOIN PROT ON PROT.id = TD.promotion_template_Id ORDER BY TD.id ASC)
[7m  [0m [91m                                                              ~~~~~[0m
[96msrc/services/master.service.ts[0m:[93m41[0m:[93m69[0m - [91merror[0m[90m TS1434: [0mUnexpected keyword or identifier.

[7m41[0m         INNER JOIN PROT ON PROT.id = TD.promotion_template_Id ORDER BY TD.id ASC)
[7m  [0m [91m                                                                    ~~[0m
[96msrc/services/master.service.ts[0m:[93m41[0m:[93m78[0m - [91merror[0m[90m TS1005: [0m';' expected.

[7m41[0m         INNER JOIN PROT ON PROT.id = TD.promotion_template_Id ORDER BY TD.id ASC)
[7m  [0m [91m                                                                             ~~~[0m
[96msrc/services/master.service.ts[0m:[93m41[0m:[93m81[0m - [91merror[0m[90m TS1128: [0mDeclaration or statement expected.

[7m41[0m         INNER JOIN PROT ON PROT.id = TD.promotion_template_Id ORDER BY TD.id ASC)
[7m  [0m [91m                                                                                ~[0m
[96msrc/services/master.service.ts[0m:[93m42[0m:[93m7[0m - [91merror[0m[90m TS1435: [0mUnknown keyword or identifier. Did you mean 'from'?

[7m42[0m       FROM tbl_promotions_template AS PROT
[7m  [0m [91m      ~~~~[0m
[96msrc/services/master.service.ts[0m:[93m42[0m:[93m12[0m - [91merror[0m[90m TS1434: [0mUnexpected keyword or identifier.

[7m42[0m       FROM tbl_promotions_template AS PROT
[7m  [0m [91m           ~~~~~~~~~~~~~~~~~~~~~~~[0m
[96msrc/services/master.service.ts[0m:[93m42[0m:[93m36[0m - [91merror[0m[90m TS1434: [0mUnexpected keyword or identifier.

[7m42[0m       FROM tbl_promotions_template AS PROT
[7m  [0m [91m                                   ~~[0m
[96msrc/services/master.service.ts[0m:[93m43[0m:[93m7[0m - [91merror[0m[90m TS1435: [0mUnknown keyword or identifier. Did you mean 'infer'?

[7m43[0m       INNER JOIN PRO ON PRO.id = PROT.promotion_id ORDER BY PROT.id ASC)
[7m  [0m [91m      ~~~~~[0m
[96msrc/services/master.service.ts[0m:[93m43[0m:[93m13[0m - [91merror[0m[90m TS1434: [0mUnexpected keyword or identifier.

[7m43[0m       INNER JOIN PRO ON PRO.id = PROT.promotion_id ORDER BY PROT.id ASC)
[7m  [0m [91m            ~~~~[0m
[96msrc/services/master.service.ts[0m:[93m43[0m:[93m18[0m - [91merror[0m[90m TS1434: [0mUnexpected keyword or identifier.

[7m43[0m       INNER JOIN PRO ON PRO.id = PROT.promotion_id ORDER BY PROT.id ASC)
[7m  [0m [91m                 ~~~[0m
[96msrc/services/master.service.ts[0m:[93m43[0m:[93m22[0m - [91merror[0m[90m TS1434: [0mUnexpected keyword or identifier.

[7m43[0m       INNER JOIN PRO ON PRO.id = PROT.promotion_id ORDER BY PROT.id ASC)
[7m  [0m [91m                     ~~[0m
[96msrc/services/master.service.ts[0m:[93m43[0m:[93m52[0m - [91merror[0m[90m TS1005: [0m';' expected.

[7m43[0m       INNER JOIN PRO ON PRO.id = PROT.promotion_id ORDER BY PROT.id ASC)
[7m  [0m [91m                                                   ~~~~~[0m
[96msrc/services/master.service.ts[0m:[93m43[0m:[93m58[0m - [91merror[0m[90m TS1434: [0mUnexpected keyword or identifier.

[7m43[0m       INNER JOIN PRO ON PRO.id = PROT.promotion_id ORDER BY PROT.id ASC)
[7m  [0m [91m                                                         ~~[0m
[96msrc/services/master.service.ts[0m:[93m43[0m:[93m69[0m - [91merror[0m[90m TS1005: [0m';' expected.

[7m43[0m       INNER JOIN PRO ON PRO.id = PROT.promotion_id ORDER BY PROT.id ASC)
[7m  [0m [91m                                                                    ~~~[0m
[96msrc/services/master.service.ts[0m:[93m43[0m:[93m72[0m - [91merror[0m[90m TS1128: [0mDeclaration or statement expected.

[7m43[0m       INNER JOIN PRO ON PRO.id = PROT.promotion_id ORDER BY PROT.id ASC)
[7m  [0m [91m                                                                       ~[0m

TSError: тип Unable to compile TypeScript:
[96msrc/services/master.service.ts[0m:[93m37[0m:[93m15[0m - [91merror[0m[90m TS1005: [0m')' expected.

[7m37[0m       (SELECT PROC.product_id,PROC.special_type,PROC.special_num FROM tbl_promotions_has_condition AS PROC
[7m  [0m [91m              ~~~~[0m
[96msrc/services/master.service.ts[0m:[93m37[0m:[93m66[0m - [91merror[0m[90m TS1005: [0m';' expected.

[7m37[0m       (SELECT PROC.product_id,PROC.special_type,PROC.special_num FROM tbl_promotions_has_condition AS PROC
[7m  [0m [91m                                                                 ~~~~[0m
[96msrc/services/master.service.ts[0m:[93m37[0m:[93m71[0m - [91merror[0m[90m TS1434: [0mUnexpected keyword or identifier.

[7m37[0m       (SELECT PROC.product_id,PROC.special_type,PROC.special_num FROM tbl_promotions_has_condition AS PROC
[7m  [0m [91m                                                                      ~~~~~~~~~~~~~~~~~~~~~~~~~~~~[0m
[96msrc/services/master.service.ts[0m:[93m37[0m:[93m100[0m - [91merror[0m[90m TS1434: [0mUnexpected keyword or identifier.

[7m37[0m       (SELECT PROC.product_id,PROC.special_type,PROC.special_num FROM tbl_promotions_has_condition AS PROC
[7m  [0m [91m                                                                                                   ~~[0m
[96msrc/services/master.service.ts[0m:[93m38[0m:[93m9[0m - [91merror[0m[90m TS1435: [0mUnknown keyword or identifier. Did you mean 'infer'?

[7m38[0m         INNER JOIN tbl_promotions AS PRO ON PRO.id = PROC.promotion_id ORDER BY PROC.id ASC),
[7m  [0m [91m        ~~~~~[0m
[96msrc/services/master.service.ts[0m:[93m38[0m:[93m15[0m - [91merror[0m[90m TS1434: [0mUnexpected keyword or identifier.

[7m38[0m         INNER JOIN tbl_promotions AS PRO ON PRO.id = PROC.promotion_id ORDER BY PROC.id ASC),
[7m  [0m [91m              ~~~~[0m
[96msrc/services/master.service.ts[0m:[93m38[0m:[93m20[0m - [91merror[0m[90m TS1434: [0mUnexpected keyword or identifier.

[7m38[0m         INNER JOIN tbl_promotions AS PRO ON PRO.id = PROC.promotion_id ORDER BY PROC.id ASC),
[7m  [0m [91m                   ~~~~~~~~~~~~~~[0m
[96msrc/services/master.service.ts[0m:[93m38[0m:[93m35[0m - [91merror[0m[90m TS1434: [0mUnexpected keyword or identifier.

[7m38[0m         INNER JOIN tbl_promotions AS PRO ON PRO.id = PROC.promotion_id ORDER BY PROC.id ASC),
[7m  [0m [91m                                  ~~[0m
[96msrc/services/master.service.ts[0m:[93m38[0m:[93m38[0m - [91merror[0m[90m TS1434: [0mUnexpected keyword or identifier.

[7m38[0m         INNER JOIN tbl_promotions AS PRO ON PRO.id = PROC.promotion_id ORDER BY PROC.id ASC),
[7m  [0m [91m                                     ~~~[0m
[96msrc/services/master.service.ts[0m:[93m38[0m:[93m42[0m - [91merror[0m[90m TS1434: [0mUnexpected keyword or identifier.

[7m38[0m         INNER JOIN tbl_promotions AS PRO ON PRO.id = PROC.promotion_id ORDER BY PROC.id ASC),
[7m  [0m [91m                                         ~~[0m
[96msrc/services/master.service.ts[0m:[93m38[0m:[93m72[0m - [91merror[0m[90m TS1005: [0m';' expected.

[7m38[0m         INNER JOIN tbl_promotions AS PRO ON PRO.id = PROC.promotion_id ORDER BY PROC.id ASC),
[7m  [0m [91m                                                                       ~~~~~[0m
[96msrc/services/master.service.ts[0m:[93m38[0m:[93m78[0m - [91merror[0m[90m TS1434: [0mUnexpected keyword or identifier.

[7m38[0m         INNER JOIN tbl_promotions AS PRO ON PRO.id = PROC.promotion_id ORDER BY PROC.id ASC),
[7m  [0m [91m                                                                             ~~[0m
[96msrc/services/master.service.ts[0m:[93m38[0m:[93m89[0m - [91merror[0m[90m TS1005: [0m';' expected.

[7m38[0m         INNER JOIN tbl_promotions AS PRO ON PRO.id = PROC.promotion_id ORDER BY PROC.id ASC),
[7m  [0m [91m                                                                                        ~~~[0m
[96msrc/services/master.service.ts[0m:[93m38[0m:[93m92[0m - [91merror[0m[90m TS1128: [0mDeclaration or statement expected.

[7m38[0m         INNER JOIN tbl_promotions AS PRO ON PRO.id = PROC.promotion_id ORDER BY PROC.id ASC),
[7m  [0m [91m                                                                                           ~[0m
[96msrc/services/master.service.ts[0m:[93m38[0m:[93m93[0m - [91merror[0m[90m TS1128: [0mDeclaration or statement expected.

[7m38[0m         INNER JOIN tbl_promotions AS PRO ON PRO.id = PROC.promotion_id ORDER BY PROC.id ASC),
[7m  [0m [91m                                                                                            ~[0m
[96msrc/services/master.service.ts[0m:[93m39[0m:[93m15[0m - [91merror[0m[90m TS1005: [0m')' expected.

[7m39[0m       (SELECT PROT.type,PROT.type_detail,PROT.line_type,
[7m  [0m [91m              ~~~~[0m
[96msrc/services/master.service.ts[0m:[93m40[0m:[93m17[0m - [91merror[0m[90m TS1005: [0m')' expected.

[7m40[0m         (SELECT TD.type, TD.text_detail, TD.text_font FROM tbl_template_detail AS TD
[7m  [0m [91m                ~~[0m
[96msrc/services/master.service.ts[0m:[93m40[0m:[93m55[0m - [91merror[0m[90m TS1005: [0m';' expected.

[7m40[0m         (SELECT TD.type, TD.text_detail, TD.text_font FROM tbl_template_detail AS TD
[7m  [0m [91m                                                      ~~~~[0m
[96msrc/services/master.service.ts[0m:[93m40[0m:[93m60[0m - [91merror[0m[90m TS1434: [0mUnexpected keyword or identifier.

[7m40[0m         (SELECT TD.type, TD.text_detail, TD.text_font FROM tbl_template_detail AS TD
[7m  [0m [91m                                                           ~~~~~~~~~~~~~~~~~~~[0m
[96msrc/services/master.service.ts[0m:[93m40[0m:[93m80[0m - [91merror[0m[90m TS1434: [0mUnexpected keyword or identifier.

[7m40[0m         (SELECT TD.type, TD.text_detail, TD.text_font FROM tbl_template_detail AS TD
[7m  [0m [91m                                                                               ~~[0m
[96msrc/services/master.service.ts[0m:[93m41[0m:[93m9[0m - [91merror[0m[90m TS1435: [0mUnknown keyword or identifier. Did you mean 'infer'?

[7m41[0m         INNER JOIN PROT ON PROT.id = TD.promotion_template_Id ORDER BY TD.id ASC)
[7m  [0m [91m        ~~~~~[0m
[96msrc/services/master.service.ts[0m:[93m41[0m:[93m15[0m - [91merror[0m[90m TS1434: [0mUnexpected keyword or identifier.

[7m41[0m         INNER JOIN PROT ON PROT.id = TD.promotion_template_Id ORDER BY TD.id ASC)
[7m  [0m [91m              ~~~~[0m
[96msrc/services/master.service.ts[0m:[93m41[0m:[93m20[0m - [91merror[0m[90m TS1434: [0mUnexpected keyword or identifier.

[7m41[0m         INNER JOIN PROT ON PROT.id = TD.promotion_template_Id ORDER BY TD.id ASC)
[7m  [0m [91m                   ~~~~[0m
[96msrc/services/master.service.ts[0m:[93m41[0m:[93m25[0m - [91merror[0m[90m TS1434: [0mUnexpected keyword or identifier.

[7m41[0m         INNER JOIN PROT ON PROT.id = TD.promotion_template_Id ORDER BY TD.id ASC)
[7m  [0m [91m                        ~~[0m
[96msrc/services/master.service.ts[0m:[93m41[0m:[93m63[0m - [91merror[0m[90m TS1005: [0m';' expected.

[7m41[0m         INNER JOIN PROT ON PROT.id = TD.promotion_template_Id ORDER BY TD.id ASC)
[7m  [0m [91m                                                              ~~~~~[0m
[96msrc/services/master.service.ts[0m:[93m41[0m:[93m69[0m - [91merror[0m[90m TS1434: [0mUnexpected keyword or identifier.

[7m41[0m         INNER JOIN PROT ON PROT.id = TD.promotion_template_Id ORDER BY TD.id ASC)
[7m  [0m [91m                                                                    ~~[0m
[96msrc/services/master.service.ts[0m:[93m41[0m:[93m78[0m - [91merror[0m[90m TS1005: [0m';' expected.

[7m41[0m         INNER JOIN PROT ON PROT.id = TD.promotion_template_Id ORDER BY TD.id ASC)
[7m  [0m [91m                                                                             ~~~[0m
[96msrc/services/master.service.ts[0m:[93m41[0m:[93m81[0m - [91merror[0m[90m TS1128: [0mDeclaration or statement expected.

[7m41[0m         INNER JOIN PROT ON PROT.id = TD.promotion_template_Id ORDER BY TD.id ASC)
[7m  [0m [91m                                                                                ~[0m
[96msrc/services/master.service.ts[0m:[93m42[0m:[93m7[0m - [91merror[0m[90m TS1435: [0mUnknown keyword or identifier. Did you mean 'from'?

[7m42[0m       FROM tbl_promotions_template AS PROT
[7m  [0m [91m      ~~~~[0m
[96msrc/services/master.service.ts[0m:[93m42[0m:[93m12[0m - [91merror[0m[90m TS1434: [0mUnexpected keyword or identifier.

[7m42[0m       FROM tbl_promotions_template AS PROT
[7m  [0m [91m           ~~~~~~~~~~~~~~~~~~~~~~~[0m
[96msrc/services/master.service.ts[0m:[93m42[0m:[93m36[0m - [91merror[0m[90m TS1434: [0mUnexpected keyword or identifier.

[7m42[0m       FROM tbl_promotions_template AS PROT
[7m  [0m [91m                                   ~~[0m
[96msrc/services/master.service.ts[0m:[93m43[0m:[93m7[0m - [91merror[0m[90m TS1435: [0mUnknown keyword or identifier. Did you mean 'infer'?

[7m43[0m       INNER JOIN PRO ON PRO.id = PROT.promotion_id ORDER BY PROT.id ASC)
[7m  [0m [91m      ~~~~~[0m
[96msrc/services/master.service.ts[0m:[93m43[0m:[93m13[0m - [91merror[0m[90m TS1434: [0mUnexpected keyword or identifier.

[7m43[0m       INNER JOIN PRO ON PRO.id = PROT.promotion_id ORDER BY PROT.id ASC)
[7m  [0m [91m            ~~~~[0m
[96msrc/services/master.service.ts[0m:[93m43[0m:[93m18[0m - [91merror[0m[90m TS1434: [0mUnexpected keyword or identifier.

[7m43[0m       INNER JOIN PRO ON PRO.id = PROT.promotion_id ORDER BY PROT.id ASC)
[7m  [0m [91m                 ~~~[0m
[96msrc/services/master.service.ts[0m:[93m43[0m:[93m22[0m - [91merror[0m[90m TS1434: [0mUnexpected keyword or identifier.

[7m43[0m       INNER JOIN PRO ON PRO.id = PROT.promotion_id ORDER BY PROT.id ASC)
[7m  [0m [91m                     ~~[0m
[96msrc/services/master.service.ts[0m:[93m43[0m:[93m52[0m - [91merror[0m[90m TS1005: [0m';' expected.

[7m43[0m       INNER JOIN PRO ON PRO.id = PROT.promotion_id ORDER BY PROT.id ASC)
[7m  [0m [91m                                                   ~~~~~[0m
[96msrc/services/master.service.ts[0m:[93m43[0m:[93m58[0m - [91merror[0m[90m TS1434: [0mUnexpected keyword or identifier.

[7m43[0m       INNER JOIN PRO ON PRO.id = PROT.promotion_id ORDER BY PROT.id ASC)
[7m  [0m [91m                                                         ~~[0m
[96msrc/services/master.service.ts[0m:[93m43[0m:[93m69[0m - [91merror[0m[90m TS1005: [0m';' expected.

[7m43[0m       INNER JOIN PRO ON PRO.id = PROT.promotion_id ORDER BY PROT.id ASC)
[7m  [0m [91m                                                                    ~~~[0m
[96msrc/services/master.service.ts[0m:[93m43[0m:[93m72[0m - [91merror[0m[90m TS1128: [0mDeclaration or statement expected.

[7m43[0m       INNER JOIN PRO ON PRO.id = PROT.promotion_id ORDER BY PROT.id ASC)
[7m  [0m [91m                                                                       ~[0m

    at createTSError (E:\DIMMOY\Work\PTT\pttrm-backend\node_modules\ts-node\src\index.ts:859:12)
    at reportTSError (E:\DIMMOY\Work\PTT\pttrm-backend\node_modules\ts-node\src\index.ts:863:19)
    at E:\DIMMOY\Work\PTT\pttrm-backend\node_modules\ts-node\src\index.ts:1379:34
    at Object.compile (E:\DIMMOY\Work\PTT\pttrm-backend\node_modules\ts-node\src\index.ts:1458:13)
    at Module.m._compile (E:\DIMMOY\Work\PTT\pttrm-backend\node_modules\ts-node\src\index.ts:1617:30)
    at Module._extensions..js (internal/modules/cjs/loader.js:1101:10)
    at Object.require.extensions.<computed> [as .ts] (E:\DIMMOY\Work\PTT\pttrm-backend\node_modules\ts-node\src\index.ts:1621:12)
    at Module.load (internal/modules/cjs/loader.js:937:32)
    at Function.Module._load (internal/modules/cjs/loader.js:778:12)
    at Module.require (internal/modules/cjs/loader.js:961:19)
2022-09-09 20:27:48 error: uncaughtException: Unexpected token ';'
E:\DIMMOY\Work\PTT\pttrm-backend\src\services\master.service.ts:23
            const ;
                  ^

SyntaxError: Unexpected token ';'
    at wrapSafe (internal/modules/cjs/loader.js:988:16)
    at Module._compile (internal/modules/cjs/loader.js:1036:27)
    at Module.m._compile (E:\DIMMOY\Work\PTT\pttrm-backend\node_modules\ts-node\src\index.ts:1618:23)
    at Module._extensions..js (internal/modules/cjs/loader.js:1101:10)
    at Object.require.extensions.<computed> [as .ts] (E:\DIMMOY\Work\PTT\pttrm-backend\node_modules\ts-node\src\index.ts:1621:12)
    at Module.load (internal/modules/cjs/loader.js:937:32)
    at Function.Module._load (internal/modules/cjs/loader.js:778:12)
    at Module.require (internal/modules/cjs/loader.js:961:19)
    at require (internal/modules/cjs/helpers.js:92:18)
    at Object.<anonymous> (E:\DIMMOY\Work\PTT\pttrm-backend\src\controllers\master.controller.ts:3:1)
2022-09-09 20:28:56 error: uncaughtException: тип Unable to compile TypeScript:
[96msrc/services/master.service.ts[0m:[93m44[0m:[93m15[0m - [91merror[0m[90m TS1005: [0m')' expected.

[7m44[0m       (SELECT PROC.product_id,PROC.special_type,PROC.special_num FROM tbl_promotions_has_condition AS PROC
[7m  [0m [91m              ~~~~[0m
[96msrc/services/master.service.ts[0m:[93m44[0m:[93m66[0m - [91merror[0m[90m TS1005: [0m';' expected.

[7m44[0m       (SELECT PROC.product_id,PROC.special_type,PROC.special_num FROM tbl_promotions_has_condition AS PROC
[7m  [0m [91m                                                                 ~~~~[0m
[96msrc/services/master.service.ts[0m:[93m44[0m:[93m71[0m - [91merror[0m[90m TS1434: [0mUnexpected keyword or identifier.

[7m44[0m       (SELECT PROC.product_id,PROC.special_type,PROC.special_num FROM tbl_promotions_has_condition AS PROC
[7m  [0m [91m                                                                      ~~~~~~~~~~~~~~~~~~~~~~~~~~~~[0m
[96msrc/services/master.service.ts[0m:[93m44[0m:[93m100[0m - [91merror[0m[90m TS1434: [0mUnexpected keyword or identifier.

[7m44[0m       (SELECT PROC.product_id,PROC.special_type,PROC.special_num FROM tbl_promotions_has_condition AS PROC
[7m  [0m [91m                                                                                                   ~~[0m
[96msrc/services/master.service.ts[0m:[93m45[0m:[93m9[0m - [91merror[0m[90m TS1435: [0mUnknown keyword or identifier. Did you mean 'infer'?

[7m45[0m         INNER JOIN tbl_promotions AS PRO ON PRO.id = PROC.promotion_id ORDER BY PROC.id ASC),
[7m  [0m [91m        ~~~~~[0m
[96msrc/services/master.service.ts[0m:[93m45[0m:[93m15[0m - [91merror[0m[90m TS1434: [0mUnexpected keyword or identifier.

[7m45[0m         INNER JOIN tbl_promotions AS PRO ON PRO.id = PROC.promotion_id ORDER BY PROC.id ASC),
[7m  [0m [91m              ~~~~[0m
[96msrc/services/master.service.ts[0m:[93m45[0m:[93m20[0m - [91merror[0m[90m TS1434: [0mUnexpected keyword or identifier.

[7m45[0m         INNER JOIN tbl_promotions AS PRO ON PRO.id = PROC.promotion_id ORDER BY PROC.id ASC),
[7m  [0m [91m                   ~~~~~~~~~~~~~~[0m
[96msrc/services/master.service.ts[0m:[93m45[0m:[93m35[0m - [91merror[0m[90m TS1434: [0mUnexpected keyword or identifier.

[7m45[0m         INNER JOIN tbl_promotions AS PRO ON PRO.id = PROC.promotion_id ORDER BY PROC.id ASC),
[7m  [0m [91m                                  ~~[0m
[96msrc/services/master.service.ts[0m:[93m45[0m:[93m38[0m - [91merror[0m[90m TS1434: [0mUnexpected keyword or identifier.

[7m45[0m         INNER JOIN tbl_promotions AS PRO ON PRO.id = PROC.promotion_id ORDER BY PROC.id ASC),
[7m  [0m [91m                                     ~~~[0m
[96msrc/services/master.service.ts[0m:[93m45[0m:[93m42[0m - [91merror[0m[90m TS1434: [0mUnexpected keyword or identifier.

[7m45[0m         INNER JOIN tbl_promotions AS PRO ON PRO.id = PROC.promotion_id ORDER BY PROC.id ASC),
[7m  [0m [91m                                         ~~[0m
[96msrc/services/master.service.ts[0m:[93m45[0m:[93m72[0m - [91merror[0m[90m TS1005: [0m';' expected.

[7m45[0m         INNER JOIN tbl_promotions AS PRO ON PRO.id = PROC.promotion_id ORDER BY PROC.id ASC),
[7m  [0m [91m                                                                       ~~~~~[0m
[96msrc/services/master.service.ts[0m:[93m45[0m:[93m78[0m - [91merror[0m[90m TS1434: [0mUnexpected keyword or identifier.

[7m45[0m         INNER JOIN tbl_promotions AS PRO ON PRO.id = PROC.promotion_id ORDER BY PROC.id ASC),
[7m  [0m [91m                                                                             ~~[0m
[96msrc/services/master.service.ts[0m:[93m45[0m:[93m89[0m - [91merror[0m[90m TS1005: [0m';' expected.

[7m45[0m         INNER JOIN tbl_promotions AS PRO ON PRO.id = PROC.promotion_id ORDER BY PROC.id ASC),
[7m  [0m [91m                                                                                        ~~~[0m
[96msrc/services/master.service.ts[0m:[93m45[0m:[93m92[0m - [91merror[0m[90m TS1128: [0mDeclaration or statement expected.

[7m45[0m         INNER JOIN tbl_promotions AS PRO ON PRO.id = PROC.promotion_id ORDER BY PROC.id ASC),
[7m  [0m [91m                                                                                           ~[0m
[96msrc/services/master.service.ts[0m:[93m45[0m:[93m93[0m - [91merror[0m[90m TS1128: [0mDeclaration or statement expected.

[7m45[0m         INNER JOIN tbl_promotions AS PRO ON PRO.id = PROC.promotion_id ORDER BY PROC.id ASC),
[7m  [0m [91m                                                                                            ~[0m

TSError: тип Unable to compile TypeScript:
[96msrc/services/master.service.ts[0m:[93m44[0m:[93m15[0m - [91merror[0m[90m TS1005: [0m')' expected.

[7m44[0m       (SELECT PROC.product_id,PROC.special_type,PROC.special_num FROM tbl_promotions_has_condition AS PROC
[7m  [0m [91m              ~~~~[0m
[96msrc/services/master.service.ts[0m:[93m44[0m:[93m66[0m - [91merror[0m[90m TS1005: [0m';' expected.

[7m44[0m       (SELECT PROC.product_id,PROC.special_type,PROC.special_num FROM tbl_promotions_has_condition AS PROC
[7m  [0m [91m                                                                 ~~~~[0m
[96msrc/services/master.service.ts[0m:[93m44[0m:[93m71[0m - [91merror[0m[90m TS1434: [0mUnexpected keyword or identifier.

[7m44[0m       (SELECT PROC.product_id,PROC.special_type,PROC.special_num FROM tbl_promotions_has_condition AS PROC
[7m  [0m [91m                                                                      ~~~~~~~~~~~~~~~~~~~~~~~~~~~~[0m
[96msrc/services/master.service.ts[0m:[93m44[0m:[93m100[0m - [91merror[0m[90m TS1434: [0mUnexpected keyword or identifier.

[7m44[0m       (SELECT PROC.product_id,PROC.special_type,PROC.special_num FROM tbl_promotions_has_condition AS PROC
[7m  [0m [91m                                                                                                   ~~[0m
[96msrc/services/master.service.ts[0m:[93m45[0m:[93m9[0m - [91merror[0m[90m TS1435: [0mUnknown keyword or identifier. Did you mean 'infer'?

[7m45[0m         INNER JOIN tbl_promotions AS PRO ON PRO.id = PROC.promotion_id ORDER BY PROC.id ASC),
[7m  [0m [91m        ~~~~~[0m
[96msrc/services/master.service.ts[0m:[93m45[0m:[93m15[0m - [91merror[0m[90m TS1434: [0mUnexpected keyword or identifier.

[7m45[0m         INNER JOIN tbl_promotions AS PRO ON PRO.id = PROC.promotion_id ORDER BY PROC.id ASC),
[7m  [0m [91m              ~~~~[0m
[96msrc/services/master.service.ts[0m:[93m45[0m:[93m20[0m - [91merror[0m[90m TS1434: [0mUnexpected keyword or identifier.

[7m45[0m         INNER JOIN tbl_promotions AS PRO ON PRO.id = PROC.promotion_id ORDER BY PROC.id ASC),
[7m  [0m [91m                   ~~~~~~~~~~~~~~[0m
[96msrc/services/master.service.ts[0m:[93m45[0m:[93m35[0m - [91merror[0m[90m TS1434: [0mUnexpected keyword or identifier.

[7m45[0m         INNER JOIN tbl_promotions AS PRO ON PRO.id = PROC.promotion_id ORDER BY PROC.id ASC),
[7m  [0m [91m                                  ~~[0m
[96msrc/services/master.service.ts[0m:[93m45[0m:[93m38[0m - [91merror[0m[90m TS1434: [0mUnexpected keyword or identifier.

[7m45[0m         INNER JOIN tbl_promotions AS PRO ON PRO.id = PROC.promotion_id ORDER BY PROC.id ASC),
[7m  [0m [91m                                     ~~~[0m
[96msrc/services/master.service.ts[0m:[93m45[0m:[93m42[0m - [91merror[0m[90m TS1434: [0mUnexpected keyword or identifier.

[7m45[0m         INNER JOIN tbl_promotions AS PRO ON PRO.id = PROC.promotion_id ORDER BY PROC.id ASC),
[7m  [0m [91m                                         ~~[0m
[96msrc/services/master.service.ts[0m:[93m45[0m:[93m72[0m - [91merror[0m[90m TS1005: [0m';' expected.

[7m45[0m         INNER JOIN tbl_promotions AS PRO ON PRO.id = PROC.promotion_id ORDER BY PROC.id ASC),
[7m  [0m [91m                                                                       ~~~~~[0m
[96msrc/services/master.service.ts[0m:[93m45[0m:[93m78[0m - [91merror[0m[90m TS1434: [0mUnexpected keyword or identifier.

[7m45[0m         INNER JOIN tbl_promotions AS PRO ON PRO.id = PROC.promotion_id ORDER BY PROC.id ASC),
[7m  [0m [91m                                                                             ~~[0m
[96msrc/services/master.service.ts[0m:[93m45[0m:[93m89[0m - [91merror[0m[90m TS1005: [0m';' expected.

[7m45[0m         INNER JOIN tbl_promotions AS PRO ON PRO.id = PROC.promotion_id ORDER BY PROC.id ASC),
[7m  [0m [91m                                                                                        ~~~[0m
[96msrc/services/master.service.ts[0m:[93m45[0m:[93m92[0m - [91merror[0m[90m TS1128: [0mDeclaration or statement expected.

[7m45[0m         INNER JOIN tbl_promotions AS PRO ON PRO.id = PROC.promotion_id ORDER BY PROC.id ASC),
[7m  [0m [91m                                                                                           ~[0m
[96msrc/services/master.service.ts[0m:[93m45[0m:[93m93[0m - [91merror[0m[90m TS1128: [0mDeclaration or statement expected.

[7m45[0m         INNER JOIN tbl_promotions AS PRO ON PRO.id = PROC.promotion_id ORDER BY PROC.id ASC),
[7m  [0m [91m                                                                                            ~[0m

    at createTSError (E:\DIMMOY\Work\PTT\pttrm-backend\node_modules\ts-node\src\index.ts:859:12)
    at reportTSError (E:\DIMMOY\Work\PTT\pttrm-backend\node_modules\ts-node\src\index.ts:863:19)
    at E:\DIMMOY\Work\PTT\pttrm-backend\node_modules\ts-node\src\index.ts:1379:34
    at Object.compile (E:\DIMMOY\Work\PTT\pttrm-backend\node_modules\ts-node\src\index.ts:1458:13)
    at Module.m._compile (E:\DIMMOY\Work\PTT\pttrm-backend\node_modules\ts-node\src\index.ts:1617:30)
    at Module._extensions..js (internal/modules/cjs/loader.js:1101:10)
    at Object.require.extensions.<computed> [as .ts] (E:\DIMMOY\Work\PTT\pttrm-backend\node_modules\ts-node\src\index.ts:1621:12)
    at Module.load (internal/modules/cjs/loader.js:937:32)
    at Function.Module._load (internal/modules/cjs/loader.js:778:12)
    at Module.require (internal/modules/cjs/loader.js:961:19)
2022-09-09 20:46:51 error: uncaughtException: тип Unable to compile TypeScript:
[96msrc/services/master.service.ts[0m:[93m33[0m:[93m16[0m - [91merror[0m[90m TS1005: [0m',' expected.

[7m33[0m         SELECT role_id, STRING_AGG(CONCAT('name', ':', name), ',')
[7m  [0m [91m               ~~~~~~~[0m
[96msrc/services/master.service.ts[0m:[93m34[0m:[93m1[0m - [91merror[0m[90m TS1005: [0m',' expected.

[7m34[0m FROM tbl_users AS U GROUP BY role_id
[7m  [0m [91m~~~~[0m
[96msrc/services/master.service.ts[0m:[93m34[0m:[93m6[0m - [91merror[0m[90m TS1005: [0m',' expected.

[7m34[0m FROM tbl_users AS U GROUP BY role_id
[7m  [0m [91m     ~~~~~~~~~[0m
[96msrc/services/master.service.ts[0m:[93m34[0m:[93m16[0m - [91merror[0m[90m TS1005: [0m',' expected.

[7m34[0m FROM tbl_users AS U GROUP BY role_id
[7m  [0m [91m               ~~[0m
[96msrc/services/master.service.ts[0m:[93m34[0m:[93m19[0m - [91merror[0m[90m TS1005: [0m',' expected.

[7m34[0m FROM tbl_users AS U GROUP BY role_id
[7m  [0m [91m                  ~[0m
[96msrc/services/master.service.ts[0m:[93m34[0m:[93m21[0m - [91merror[0m[90m TS1005: [0m',' expected.

[7m34[0m FROM tbl_users AS U GROUP BY role_id
[7m  [0m [91m                    ~~~~~[0m
[96msrc/services/master.service.ts[0m:[93m34[0m:[93m27[0m - [91merror[0m[90m TS1005: [0m',' expected.

[7m34[0m FROM tbl_users AS U GROUP BY role_id
[7m  [0m [91m                          ~~[0m
[96msrc/services/master.service.ts[0m:[93m34[0m:[93m30[0m - [91merror[0m[90m TS1005: [0m',' expected.

[7m34[0m FROM tbl_users AS U GROUP BY role_id
[7m  [0m [91m                             ~~~~~~~[0m

TSError: тип Unable to compile TypeScript:
[96msrc/services/master.service.ts[0m:[93m33[0m:[93m16[0m - [91merror[0m[90m TS1005: [0m',' expected.

[7m33[0m         SELECT role_id, STRING_AGG(CONCAT('name', ':', name), ',')
[7m  [0m [91m               ~~~~~~~[0m
[96msrc/services/master.service.ts[0m:[93m34[0m:[93m1[0m - [91merror[0m[90m TS1005: [0m',' expected.

[7m34[0m FROM tbl_users AS U GROUP BY role_id
[7m  [0m [91m~~~~[0m
[96msrc/services/master.service.ts[0m:[93m34[0m:[93m6[0m - [91merror[0m[90m TS1005: [0m',' expected.

[7m34[0m FROM tbl_users AS U GROUP BY role_id
[7m  [0m [91m     ~~~~~~~~~[0m
[96msrc/services/master.service.ts[0m:[93m34[0m:[93m16[0m - [91merror[0m[90m TS1005: [0m',' expected.

[7m34[0m FROM tbl_users AS U GROUP BY role_id
[7m  [0m [91m               ~~[0m
[96msrc/services/master.service.ts[0m:[93m34[0m:[93m19[0m - [91merror[0m[90m TS1005: [0m',' expected.

[7m34[0m FROM tbl_users AS U GROUP BY role_id
[7m  [0m [91m                  ~[0m
[96msrc/services/master.service.ts[0m:[93m34[0m:[93m21[0m - [91merror[0m[90m TS1005: [0m',' expected.

[7m34[0m FROM tbl_users AS U GROUP BY role_id
[7m  [0m [91m                    ~~~~~[0m
[96msrc/services/master.service.ts[0m:[93m34[0m:[93m27[0m - [91merror[0m[90m TS1005: [0m',' expected.

[7m34[0m FROM tbl_users AS U GROUP BY role_id
[7m  [0m [91m                          ~~[0m
[96msrc/services/master.service.ts[0m:[93m34[0m:[93m30[0m - [91merror[0m[90m TS1005: [0m',' expected.

[7m34[0m FROM tbl_users AS U GROUP BY role_id
[7m  [0m [91m                             ~~~~~~~[0m

    at createTSError (E:\DIMMOY\Work\PTT\pttrm-backend\node_modules\ts-node\src\index.ts:859:12)
    at reportTSError (E:\DIMMOY\Work\PTT\pttrm-backend\node_modules\ts-node\src\index.ts:863:19)
    at E:\DIMMOY\Work\PTT\pttrm-backend\node_modules\ts-node\src\index.ts:1379:34
    at Object.compile (E:\DIMMOY\Work\PTT\pttrm-backend\node_modules\ts-node\src\index.ts:1458:13)
    at Module.m._compile (E:\DIMMOY\Work\PTT\pttrm-backend\node_modules\ts-node\src\index.ts:1617:30)
    at Module._extensions..js (internal/modules/cjs/loader.js:1101:10)
    at Object.require.extensions.<computed> [as .ts] (E:\DIMMOY\Work\PTT\pttrm-backend\node_modules\ts-node\src\index.ts:1621:12)
    at Module.load (internal/modules/cjs/loader.js:937:32)
    at Function.Module._load (internal/modules/cjs/loader.js:778:12)
    at Module.require (internal/modules/cjs/loader.js:961:19)
2022-09-09 20:46:54 error: uncaughtException: тип Unable to compile TypeScript:
[96msrc/services/master.service.ts[0m:[93m33[0m:[93m16[0m - [91merror[0m[90m TS1005: [0m',' expected.

[7m33[0m         SELECT role_id, STRING_AGG(CONCAT('name', ':', name), ',')
[7m  [0m [91m               ~~~~~~~[0m
[96msrc/services/master.service.ts[0m:[93m34[0m:[93m9[0m - [91merror[0m[90m TS1005: [0m',' expected.

[7m34[0m         FROM tbl_users AS U GROUP BY role_id
[7m  [0m [91m        ~~~~[0m
[96msrc/services/master.service.ts[0m:[93m34[0m:[93m14[0m - [91merror[0m[90m TS1005: [0m',' expected.

[7m34[0m         FROM tbl_users AS U GROUP BY role_id
[7m  [0m [91m             ~~~~~~~~~[0m
[96msrc/services/master.service.ts[0m:[93m34[0m:[93m24[0m - [91merror[0m[90m TS1005: [0m',' expected.

[7m34[0m         FROM tbl_users AS U GROUP BY role_id
[7m  [0m [91m                       ~~[0m
[96msrc/services/master.service.ts[0m:[93m34[0m:[93m27[0m - [91merror[0m[90m TS1005: [0m',' expected.

[7m34[0m         FROM tbl_users AS U GROUP BY role_id
[7m  [0m [91m                          ~[0m
[96msrc/services/master.service.ts[0m:[93m34[0m:[93m29[0m - [91merror[0m[90m TS1005: [0m',' expected.

[7m34[0m         FROM tbl_users AS U GROUP BY role_id
[7m  [0m [91m                            ~~~~~[0m
[96msrc/services/master.service.ts[0m:[93m34[0m:[93m35[0m - [91merror[0m[90m TS1005: [0m',' expected.

[7m34[0m         FROM tbl_users AS U GROUP BY role_id
[7m  [0m [91m                                  ~~[0m
[96msrc/services/master.service.ts[0m:[93m34[0m:[93m38[0m - [91merror[0m[90m TS1005: [0m',' expected.

[7m34[0m         FROM tbl_users AS U GROUP BY role_id
[7m  [0m [91m                                     ~~~~~~~[0m

TSError: тип Unable to compile TypeScript:
[96msrc/services/master.service.ts[0m:[93m33[0m:[93m16[0m - [91merror[0m[90m TS1005: [0m',' expected.

[7m33[0m         SELECT role_id, STRING_AGG(CONCAT('name', ':', name), ',')
[7m  [0m [91m               ~~~~~~~[0m
[96msrc/services/master.service.ts[0m:[93m34[0m:[93m9[0m - [91merror[0m[90m TS1005: [0m',' expected.

[7m34[0m         FROM tbl_users AS U GROUP BY role_id
[7m  [0m [91m        ~~~~[0m
[96msrc/services/master.service.ts[0m:[93m34[0m:[93m14[0m - [91merror[0m[90m TS1005: [0m',' expected.

[7m34[0m         FROM tbl_users AS U GROUP BY role_id
[7m  [0m [91m             ~~~~~~~~~[0m
[96msrc/services/master.service.ts[0m:[93m34[0m:[93m24[0m - [91merror[0m[90m TS1005: [0m',' expected.

[7m34[0m         FROM tbl_users AS U GROUP BY role_id
[7m  [0m [91m                       ~~[0m
[96msrc/services/master.service.ts[0m:[93m34[0m:[93m27[0m - [91merror[0m[90m TS1005: [0m',' expected.

[7m34[0m         FROM tbl_users AS U GROUP BY role_id
[7m  [0m [91m                          ~[0m
[96msrc/services/master.service.ts[0m:[93m34[0m:[93m29[0m - [91merror[0m[90m TS1005: [0m',' expected.

[7m34[0m         FROM tbl_users AS U GROUP BY role_id
[7m  [0m [91m                            ~~~~~[0m
[96msrc/services/master.service.ts[0m:[93m34[0m:[93m35[0m - [91merror[0m[90m TS1005: [0m',' expected.

[7m34[0m         FROM tbl_users AS U GROUP BY role_id
[7m  [0m [91m                                  ~~[0m
[96msrc/services/master.service.ts[0m:[93m34[0m:[93m38[0m - [91merror[0m[90m TS1005: [0m',' expected.

[7m34[0m         FROM tbl_users AS U GROUP BY role_id
[7m  [0m [91m                                     ~~~~~~~[0m

    at createTSError (E:\DIMMOY\Work\PTT\pttrm-backend\node_modules\ts-node\src\index.ts:859:12)
    at reportTSError (E:\DIMMOY\Work\PTT\pttrm-backend\node_modules\ts-node\src\index.ts:863:19)
    at E:\DIMMOY\Work\PTT\pttrm-backend\node_modules\ts-node\src\index.ts:1379:34
    at Object.compile (E:\DIMMOY\Work\PTT\pttrm-backend\node_modules\ts-node\src\index.ts:1458:13)
    at Module.m._compile (E:\DIMMOY\Work\PTT\pttrm-backend\node_modules\ts-node\src\index.ts:1617:30)
    at Module._extensions..js (internal/modules/cjs/loader.js:1101:10)
    at Object.require.extensions.<computed> [as .ts] (E:\DIMMOY\Work\PTT\pttrm-backend\node_modules\ts-node\src\index.ts:1621:12)
    at Module.load (internal/modules/cjs/loader.js:937:32)
    at Function.Module._load (internal/modules/cjs/loader.js:778:12)
    at Module.require (internal/modules/cjs/loader.js:961:19)
2022-09-09 23:29:35 error: uncaughtException: тип Unable to compile TypeScript:
[96msrc/services/master.service.ts[0m:[93m53[0m:[93m16[0m - [91merror[0m[90m TS1005: [0m';' expected.

[7m53[0m       for (int i = 0; i)
[7m  [0m [91m               ~[0m

TSError: тип Unable to compile TypeScript:
[96msrc/services/master.service.ts[0m:[93m53[0m:[93m16[0m - [91merror[0m[90m TS1005: [0m';' expected.

[7m53[0m       for (int i = 0; i)
[7m  [0m [91m               ~[0m

    at createTSError (E:\DIMMOY\Work\PTT\pttrm-backend\node_modules\ts-node\src\index.ts:859:12)
    at reportTSError (E:\DIMMOY\Work\PTT\pttrm-backend\node_modules\ts-node\src\index.ts:863:19)
    at E:\DIMMOY\Work\PTT\pttrm-backend\node_modules\ts-node\src\index.ts:1379:34
    at Object.compile (E:\DIMMOY\Work\PTT\pttrm-backend\node_modules\ts-node\src\index.ts:1458:13)
    at Module.m._compile (E:\DIMMOY\Work\PTT\pttrm-backend\node_modules\ts-node\src\index.ts:1617:30)
    at Module._extensions..js (internal/modules/cjs/loader.js:1101:10)
    at Object.require.extensions.<computed> [as .ts] (E:\DIMMOY\Work\PTT\pttrm-backend\node_modules\ts-node\src\index.ts:1621:12)
    at Module.load (internal/modules/cjs/loader.js:937:32)
    at Function.Module._load (internal/modules/cjs/loader.js:778:12)
    at Module.require (internal/modules/cjs/loader.js:961:19)
2022-09-09 23:29:39 error: uncaughtException: тип Unable to compile TypeScript:
[96msrc/services/master.service.ts[0m:[93m53[0m:[93m12[0m - [91merror[0m[90m TS1109: [0mExpression expected.

[7m53[0m       for ()
[7m  [0m [91m           ~[0m

TSError: тип Unable to compile TypeScript:
[96msrc/services/master.service.ts[0m:[93m53[0m:[93m12[0m - [91merror[0m[90m TS1109: [0mExpression expected.

[7m53[0m       for ()
[7m  [0m [91m           ~[0m

    at createTSError (E:\DIMMOY\Work\PTT\pttrm-backend\node_modules\ts-node\src\index.ts:859:12)
    at reportTSError (E:\DIMMOY\Work\PTT\pttrm-backend\node_modules\ts-node\src\index.ts:863:19)
    at E:\DIMMOY\Work\PTT\pttrm-backend\node_modules\ts-node\src\index.ts:1379:34
    at Object.compile (E:\DIMMOY\Work\PTT\pttrm-backend\node_modules\ts-node\src\index.ts:1458:13)
    at Module.m._compile (E:\DIMMOY\Work\PTT\pttrm-backend\node_modules\ts-node\src\index.ts:1617:30)
    at Module._extensions..js (internal/modules/cjs/loader.js:1101:10)
    at Object.require.extensions.<computed> [as .ts] (E:\DIMMOY\Work\PTT\pttrm-backend\node_modules\ts-node\src\index.ts:1621:12)
    at Module.load (internal/modules/cjs/loader.js:937:32)
    at Function.Module._load (internal/modules/cjs/loader.js:778:12)
    at Module.require (internal/modules/cjs/loader.js:961:19)
2022-09-09 23:29:44 error: uncaughtException: тип Unable to compile TypeScript:
[96msrc/services/master.service.ts[0m:[93m53[0m:[93m15[0m - [91merror[0m[90m TS1005: [0m';' expected.

[7m53[0m       for (int)
[7m  [0m [91m              ~[0m

TSError: тип Unable to compile TypeScript:
[96msrc/services/master.service.ts[0m:[93m53[0m:[93m15[0m - [91merror[0m[90m TS1005: [0m';' expected.

[7m53[0m       for (int)
[7m  [0m [91m              ~[0m

    at createTSError (E:\DIMMOY\Work\PTT\pttrm-backend\node_modules\ts-node\src\index.ts:859:12)
    at reportTSError (E:\DIMMOY\Work\PTT\pttrm-backend\node_modules\ts-node\src\index.ts:863:19)
    at E:\DIMMOY\Work\PTT\pttrm-backend\node_modules\ts-node\src\index.ts:1379:34
    at Object.compile (E:\DIMMOY\Work\PTT\pttrm-backend\node_modules\ts-node\src\index.ts:1458:13)
    at Module.m._compile (E:\DIMMOY\Work\PTT\pttrm-backend\node_modules\ts-node\src\index.ts:1617:30)
    at Module._extensions..js (internal/modules/cjs/loader.js:1101:10)
    at Object.require.extensions.<computed> [as .ts] (E:\DIMMOY\Work\PTT\pttrm-backend\node_modules\ts-node\src\index.ts:1621:12)
    at Module.load (internal/modules/cjs/loader.js:937:32)
    at Function.Module._load (internal/modules/cjs/loader.js:778:12)
    at Module.require (internal/modules/cjs/loader.js:961:19)
2022-09-09 23:29:49 error: uncaughtException: тип Unable to compile TypeScript:
[96msrc/services/master.service.ts[0m:[93m53[0m:[93m21[0m - [91merror[0m[90m TS1005: [0m',' expected.

[7m53[0m       for (let i = 0)
[7m  [0m [91m                    ~[0m
[96msrc/services/master.service.ts[0m:[93m55[0m:[93m7[0m - [91merror[0m[90m TS1005: [0m';' expected.

[7m55[0m       const data = {
[7m  [0m [91m      ~~~~~[0m

TSError: тип Unable to compile TypeScript:
[96msrc/services/master.service.ts[0m:[93m53[0m:[93m21[0m - [91merror[0m[90m TS1005: [0m',' expected.

[7m53[0m       for (let i = 0)
[7m  [0m [91m                    ~[0m
[96msrc/services/master.service.ts[0m:[93m55[0m:[93m7[0m - [91merror[0m[90m TS1005: [0m';' expected.

[7m55[0m       const data = {
[7m  [0m [91m      ~~~~~[0m

    at createTSError (E:\DIMMOY\Work\PTT\pttrm-backend\node_modules\ts-node\src\index.ts:859:12)
    at reportTSError (E:\DIMMOY\Work\PTT\pttrm-backend\node_modules\ts-node\src\index.ts:863:19)
    at E:\DIMMOY\Work\PTT\pttrm-backend\node_modules\ts-node\src\index.ts:1379:34
    at Object.compile (E:\DIMMOY\Work\PTT\pttrm-backend\node_modules\ts-node\src\index.ts:1458:13)
    at Module.m._compile (E:\DIMMOY\Work\PTT\pttrm-backend\node_modules\ts-node\src\index.ts:1617:30)
    at Module._extensions..js (internal/modules/cjs/loader.js:1101:10)
    at Object.require.extensions.<computed> [as .ts] (E:\DIMMOY\Work\PTT\pttrm-backend\node_modules\ts-node\src\index.ts:1621:12)
    at Module.load (internal/modules/cjs/loader.js:937:32)
    at Function.Module._load (internal/modules/cjs/loader.js:778:12)
    at Module.require (internal/modules/cjs/loader.js:961:19)
2022-09-09 23:29:52 error: uncaughtException: тип Unable to compile TypeScript:
[96msrc/services/master.service.ts[0m:[93m53[0m:[93m28[0m - [91merror[0m[90m TS1005: [0m',' expected.

[7m53[0m       for (let i:number = 0)
[7m  [0m [91m                           ~[0m
[96msrc/services/master.service.ts[0m:[93m55[0m:[93m7[0m - [91merror[0m[90m TS1005: [0m';' expected.

[7m55[0m       const data = {
[7m  [0m [91m      ~~~~~[0m

TSError: тип Unable to compile TypeScript:
[96msrc/services/master.service.ts[0m:[93m53[0m:[93m28[0m - [91merror[0m[90m TS1005: [0m',' expected.

[7m53[0m       for (let i:number = 0)
[7m  [0m [91m                           ~[0m
[96msrc/services/master.service.ts[0m:[93m55[0m:[93m7[0m - [91merror[0m[90m TS1005: [0m';' expected.

[7m55[0m       const data = {
[7m  [0m [91m      ~~~~~[0m

    at createTSError (E:\DIMMOY\Work\PTT\pttrm-backend\node_modules\ts-node\src\index.ts:859:12)
    at reportTSError (E:\DIMMOY\Work\PTT\pttrm-backend\node_modules\ts-node\src\index.ts:863:19)
    at E:\DIMMOY\Work\PTT\pttrm-backend\node_modules\ts-node\src\index.ts:1379:34
    at Object.compile (E:\DIMMOY\Work\PTT\pttrm-backend\node_modules\ts-node\src\index.ts:1458:13)
    at Module.m._compile (E:\DIMMOY\Work\PTT\pttrm-backend\node_modules\ts-node\src\index.ts:1617:30)
    at Module._extensions..js (internal/modules/cjs/loader.js:1101:10)
    at Object.require.extensions.<computed> [as .ts] (E:\DIMMOY\Work\PTT\pttrm-backend\node_modules\ts-node\src\index.ts:1621:12)
    at Module.load (internal/modules/cjs/loader.js:937:32)
    at Function.Module._load (internal/modules/cjs/loader.js:778:12)
    at Module.require (internal/modules/cjs/loader.js:961:19)
2022-09-09 23:29:57 error: uncaughtException: тип Unable to compile TypeScript:
[96msrc/services/master.service.ts[0m:[93m53[0m:[93m31[0m - [91merror[0m[90m TS1005: [0m';' expected.

[7m53[0m       for (let i:number = 0; i)
[7m  [0m [91m                              ~[0m

TSError: тип Unable to compile TypeScript:
[96msrc/services/master.service.ts[0m:[93m53[0m:[93m31[0m - [91merror[0m[90m TS1005: [0m';' expected.

[7m53[0m       for (let i:number = 0; i)
[7m  [0m [91m                              ~[0m

    at createTSError (E:\DIMMOY\Work\PTT\pttrm-backend\node_modules\ts-node\src\index.ts:859:12)
    at reportTSError (E:\DIMMOY\Work\PTT\pttrm-backend\node_modules\ts-node\src\index.ts:863:19)
    at E:\DIMMOY\Work\PTT\pttrm-backend\node_modules\ts-node\src\index.ts:1379:34
    at Object.compile (E:\DIMMOY\Work\PTT\pttrm-backend\node_modules\ts-node\src\index.ts:1458:13)
    at Module.m._compile (E:\DIMMOY\Work\PTT\pttrm-backend\node_modules\ts-node\src\index.ts:1617:30)
    at Module._extensions..js (internal/modules/cjs/loader.js:1101:10)
    at Object.require.extensions.<computed> [as .ts] (E:\DIMMOY\Work\PTT\pttrm-backend\node_modules\ts-node\src\index.ts:1621:12)
    at Module.load (internal/modules/cjs/loader.js:937:32)
    at Function.Module._load (internal/modules/cjs/loader.js:778:12)
    at Module.require (internal/modules/cjs/loader.js:961:19)
2022-09-09 23:30:05 error: uncaughtException: тип Unable to compile TypeScript:
[96msrc/services/master.service.ts[0m:[93m54[0m:[93m31[0m - [91merror[0m[90m TS1005: [0m';' expected.

[7m54[0m       for (let i:number = 0; i)
[7m  [0m [91m                              ~[0m

TSError: тип Unable to compile TypeScript:
[96msrc/services/master.service.ts[0m:[93m54[0m:[93m31[0m - [91merror[0m[90m TS1005: [0m';' expected.

[7m54[0m       for (let i:number = 0; i)
[7m  [0m [91m                              ~[0m

    at createTSError (E:\DIMMOY\Work\PTT\pttrm-backend\node_modules\ts-node\src\index.ts:859:12)
    at reportTSError (E:\DIMMOY\Work\PTT\pttrm-backend\node_modules\ts-node\src\index.ts:863:19)
    at E:\DIMMOY\Work\PTT\pttrm-backend\node_modules\ts-node\src\index.ts:1379:34
    at Object.compile (E:\DIMMOY\Work\PTT\pttrm-backend\node_modules\ts-node\src\index.ts:1458:13)
    at Module.m._compile (E:\DIMMOY\Work\PTT\pttrm-backend\node_modules\ts-node\src\index.ts:1617:30)
    at Module._extensions..js (internal/modules/cjs/loader.js:1101:10)
    at Object.require.extensions.<computed> [as .ts] (E:\DIMMOY\Work\PTT\pttrm-backend\node_modules\ts-node\src\index.ts:1621:12)
    at Module.load (internal/modules/cjs/loader.js:937:32)
    at Function.Module._load (internal/modules/cjs/loader.js:778:12)
    at Module.require (internal/modules/cjs/loader.js:961:19)
2022-09-09 23:30:08 error: uncaughtException: тип Unable to compile TypeScript:
[96msrc/services/master.service.ts[0m:[93m54[0m:[93m7[0m - [91merror[0m[90m TS1109: [0mExpression expected.

[7m54[0m       for (let i:number = 0; i)
[7m  [0m [91m      ~~~[0m
[96msrc/services/master.service.ts[0m:[93m54[0m:[93m31[0m - [91merror[0m[90m TS1005: [0m';' expected.

[7m54[0m       for (let i:number = 0; i)
[7m  [0m [91m                              ~[0m

TSError: тип Unable to compile TypeScript:
[96msrc/services/master.service.ts[0m:[93m54[0m:[93m7[0m - [91merror[0m[90m TS1109: [0mExpression expected.

[7m54[0m       for (let i:number = 0; i)
[7m  [0m [91m      ~~~[0m
[96msrc/services/master.service.ts[0m:[93m54[0m:[93m31[0m - [91merror[0m[90m TS1005: [0m';' expected.

[7m54[0m       for (let i:number = 0; i)
[7m  [0m [91m                              ~[0m

    at createTSError (E:\DIMMOY\Work\PTT\pttrm-backend\node_modules\ts-node\src\index.ts:859:12)
    at reportTSError (E:\DIMMOY\Work\PTT\pttrm-backend\node_modules\ts-node\src\index.ts:863:19)
    at E:\DIMMOY\Work\PTT\pttrm-backend\node_modules\ts-node\src\index.ts:1379:34
    at Object.compile (E:\DIMMOY\Work\PTT\pttrm-backend\node_modules\ts-node\src\index.ts:1458:13)
    at Module.m._compile (E:\DIMMOY\Work\PTT\pttrm-backend\node_modules\ts-node\src\index.ts:1617:30)
    at Module._extensions..js (internal/modules/cjs/loader.js:1101:10)
    at Object.require.extensions.<computed> [as .ts] (E:\DIMMOY\Work\PTT\pttrm-backend\node_modules\ts-node\src\index.ts:1621:12)
    at Module.load (internal/modules/cjs/loader.js:937:32)
    at Function.Module._load (internal/modules/cjs/loader.js:778:12)
    at Module.require (internal/modules/cjs/loader.js:961:19)
2022-09-09 23:30:10 error: uncaughtException: тип Unable to compile TypeScript:
[96msrc/services/master.service.ts[0m:[93m55[0m:[93m31[0m - [91merror[0m[90m TS1005: [0m';' expected.

[7m55[0m       for (let i:number = 0; i)
[7m  [0m [91m                              ~[0m

TSError: тип Unable to compile TypeScript:
[96msrc/services/master.service.ts[0m:[93m55[0m:[93m31[0m - [91merror[0m[90m TS1005: [0m';' expected.

[7m55[0m       for (let i:number = 0; i)
[7m  [0m [91m                              ~[0m

    at createTSError (E:\DIMMOY\Work\PTT\pttrm-backend\node_modules\ts-node\src\index.ts:859:12)
    at reportTSError (E:\DIMMOY\Work\PTT\pttrm-backend\node_modules\ts-node\src\index.ts:863:19)
    at E:\DIMMOY\Work\PTT\pttrm-backend\node_modules\ts-node\src\index.ts:1379:34
    at Object.compile (E:\DIMMOY\Work\PTT\pttrm-backend\node_modules\ts-node\src\index.ts:1458:13)
    at Module.m._compile (E:\DIMMOY\Work\PTT\pttrm-backend\node_modules\ts-node\src\index.ts:1617:30)
    at Module._extensions..js (internal/modules/cjs/loader.js:1101:10)
    at Object.require.extensions.<computed> [as .ts] (E:\DIMMOY\Work\PTT\pttrm-backend\node_modules\ts-node\src\index.ts:1621:12)
    at Module.load (internal/modules/cjs/loader.js:937:32)
    at Function.Module._load (internal/modules/cjs/loader.js:778:12)
    at Module.require (internal/modules/cjs/loader.js:961:19)
2022-09-09 23:30:15 error: uncaughtException: тип Unable to compile TypeScript:
[96msrc/services/master.service.ts[0m:[93m55[0m:[93m31[0m - [91merror[0m[90m TS1005: [0m';' expected.

[7m55[0m       for (let i:number = 0; i)
[7m  [0m [91m                              ~[0m

TSError: тип Unable to compile TypeScript:
[96msrc/services/master.service.ts[0m:[93m55[0m:[93m31[0m - [91merror[0m[90m TS1005: [0m';' expected.

[7m55[0m       for (let i:number = 0; i)
[7m  [0m [91m                              ~[0m

    at createTSError (E:\DIMMOY\Work\PTT\pttrm-backend\node_modules\ts-node\src\index.ts:859:12)
    at reportTSError (E:\DIMMOY\Work\PTT\pttrm-backend\node_modules\ts-node\src\index.ts:863:19)
    at E:\DIMMOY\Work\PTT\pttrm-backend\node_modules\ts-node\src\index.ts:1379:34
    at Object.compile (E:\DIMMOY\Work\PTT\pttrm-backend\node_modules\ts-node\src\index.ts:1458:13)
    at Module.m._compile (E:\DIMMOY\Work\PTT\pttrm-backend\node_modules\ts-node\src\index.ts:1617:30)
    at Module._extensions..js (internal/modules/cjs/loader.js:1101:10)
    at Object.require.extensions.<computed> [as .ts] (E:\DIMMOY\Work\PTT\pttrm-backend\node_modules\ts-node\src\index.ts:1621:12)
    at Module.load (internal/modules/cjs/loader.js:937:32)
    at Function.Module._load (internal/modules/cjs/loader.js:778:12)
    at Module.require (internal/modules/cjs/loader.js:961:19)
2022-09-09 23:30:24 error: uncaughtException: тип Unable to compile TypeScript:
[96msrc/services/master.service.ts[0m:[93m55[0m:[93m31[0m - [91merror[0m[90m TS1005: [0m';' expected.

[7m55[0m       for (let i:number = 0; i)
[7m  [0m [91m                              ~[0m

TSError: тип Unable to compile TypeScript:
[96msrc/services/master.service.ts[0m:[93m55[0m:[93m31[0m - [91merror[0m[90m TS1005: [0m';' expected.

[7m55[0m       for (let i:number = 0; i)
[7m  [0m [91m                              ~[0m

    at createTSError (E:\DIMMOY\Work\PTT\pttrm-backend\node_modules\ts-node\src\index.ts:859:12)
    at reportTSError (E:\DIMMOY\Work\PTT\pttrm-backend\node_modules\ts-node\src\index.ts:863:19)
    at E:\DIMMOY\Work\PTT\pttrm-backend\node_modules\ts-node\src\index.ts:1379:34
    at Object.compile (E:\DIMMOY\Work\PTT\pttrm-backend\node_modules\ts-node\src\index.ts:1458:13)
    at Module.m._compile (E:\DIMMOY\Work\PTT\pttrm-backend\node_modules\ts-node\src\index.ts:1617:30)
    at Module._extensions..js (internal/modules/cjs/loader.js:1101:10)
    at Object.require.extensions.<computed> [as .ts] (E:\DIMMOY\Work\PTT\pttrm-backend\node_modules\ts-node\src\index.ts:1621:12)
    at Module.load (internal/modules/cjs/loader.js:937:32)
    at Function.Module._load (internal/modules/cjs/loader.js:778:12)
    at Module.require (internal/modules/cjs/loader.js:961:19)
2022-09-09 23:30:29 error: uncaughtException: тип Unable to compile TypeScript:
[96msrc/services/master.service.ts[0m:[93m55[0m:[93m31[0m - [91merror[0m[90m TS1005: [0m';' expected.

[7m55[0m       for (let i:number = 0; i)
[7m  [0m [91m                              ~[0m

TSError: тип Unable to compile TypeScript:
[96msrc/services/master.service.ts[0m:[93m55[0m:[93m31[0m - [91merror[0m[90m TS1005: [0m';' expected.

[7m55[0m       for (let i:number = 0; i)
[7m  [0m [91m                              ~[0m

    at createTSError (E:\DIMMOY\Work\PTT\pttrm-backend\node_modules\ts-node\src\index.ts:859:12)
    at reportTSError (E:\DIMMOY\Work\PTT\pttrm-backend\node_modules\ts-node\src\index.ts:863:19)
    at E:\DIMMOY\Work\PTT\pttrm-backend\node_modules\ts-node\src\index.ts:1379:34
    at Object.compile (E:\DIMMOY\Work\PTT\pttrm-backend\node_modules\ts-node\src\index.ts:1458:13)
    at Module.m._compile (E:\DIMMOY\Work\PTT\pttrm-backend\node_modules\ts-node\src\index.ts:1617:30)
    at Module._extensions..js (internal/modules/cjs/loader.js:1101:10)
    at Object.require.extensions.<computed> [as .ts] (E:\DIMMOY\Work\PTT\pttrm-backend\node_modules\ts-node\src\index.ts:1621:12)
    at Module.load (internal/modules/cjs/loader.js:937:32)
    at Function.Module._load (internal/modules/cjs/loader.js:778:12)
    at Module.require (internal/modules/cjs/loader.js:961:19)
2022-09-09 23:30:33 error: uncaughtException: тип Unable to compile TypeScript:
[96msrc/services/master.service.ts[0m:[93m55[0m:[93m31[0m - [91merror[0m[90m TS1005: [0m';' expected.

[7m55[0m       for (let i:number = 0; i)
[7m  [0m [91m                              ~[0m

TSError: тип Unable to compile TypeScript:
[96msrc/services/master.service.ts[0m:[93m55[0m:[93m31[0m - [91merror[0m[90m TS1005: [0m';' expected.

[7m55[0m       for (let i:number = 0; i)
[7m  [0m [91m                              ~[0m

    at createTSError (E:\DIMMOY\Work\PTT\pttrm-backend\node_modules\ts-node\src\index.ts:859:12)
    at reportTSError (E:\DIMMOY\Work\PTT\pttrm-backend\node_modules\ts-node\src\index.ts:863:19)
    at E:\DIMMOY\Work\PTT\pttrm-backend\node_modules\ts-node\src\index.ts:1379:34
    at Object.compile (E:\DIMMOY\Work\PTT\pttrm-backend\node_modules\ts-node\src\index.ts:1458:13)
    at Module.m._compile (E:\DIMMOY\Work\PTT\pttrm-backend\node_modules\ts-node\src\index.ts:1617:30)
    at Module._extensions..js (internal/modules/cjs/loader.js:1101:10)
    at Object.require.extensions.<computed> [as .ts] (E:\DIMMOY\Work\PTT\pttrm-backend\node_modules\ts-node\src\index.ts:1621:12)
    at Module.load (internal/modules/cjs/loader.js:937:32)
    at Function.Module._load (internal/modules/cjs/loader.js:778:12)
    at Module.require (internal/modules/cjs/loader.js:961:19)
2022-09-09 23:31:02 error: uncaughtException: тип Unable to compile TypeScript:
[96msrc/services/master.service.ts[0m:[93m55[0m:[93m31[0m - [91merror[0m[90m TS1005: [0m';' expected.

[7m55[0m       for (let i:number = 0; i)
[7m  [0m [91m                              ~[0m

TSError: тип Unable to compile TypeScript:
[96msrc/services/master.service.ts[0m:[93m55[0m:[93m31[0m - [91merror[0m[90m TS1005: [0m';' expected.

[7m55[0m       for (let i:number = 0; i)
[7m  [0m [91m                              ~[0m

    at createTSError (E:\DIMMOY\Work\PTT\pttrm-backend\node_modules\ts-node\src\index.ts:859:12)
    at reportTSError (E:\DIMMOY\Work\PTT\pttrm-backend\node_modules\ts-node\src\index.ts:863:19)
    at E:\DIMMOY\Work\PTT\pttrm-backend\node_modules\ts-node\src\index.ts:1379:34
    at Object.compile (E:\DIMMOY\Work\PTT\pttrm-backend\node_modules\ts-node\src\index.ts:1458:13)
    at Module.m._compile (E:\DIMMOY\Work\PTT\pttrm-backend\node_modules\ts-node\src\index.ts:1617:30)
    at Module._extensions..js (internal/modules/cjs/loader.js:1101:10)
    at Object.require.extensions.<computed> [as .ts] (E:\DIMMOY\Work\PTT\pttrm-backend\node_modules\ts-node\src\index.ts:1621:12)
    at Module.load (internal/modules/cjs/loader.js:937:32)
    at Function.Module._load (internal/modules/cjs/loader.js:778:12)
    at Module.require (internal/modules/cjs/loader.js:961:19)
2022-09-09 23:31:09 error: uncaughtException: тип Unable to compile TypeScript:
[96msrc/services/master.service.ts[0m:[93m55[0m:[93m51[0m - [91merror[0m[90m TS1005: [0m';' expected.

[7m55[0m       for (let i:number = 0; i = promotions.length)
[7m  [0m [91m                                                  ~[0m

TSError: тип Unable to compile TypeScript:
[96msrc/services/master.service.ts[0m:[93m55[0m:[93m51[0m - [91merror[0m[90m TS1005: [0m';' expected.

[7m55[0m       for (let i:number = 0; i = promotions.length)
[7m  [0m [91m                                                  ~[0m

    at createTSError (E:\DIMMOY\Work\PTT\pttrm-backend\node_modules\ts-node\src\index.ts:859:12)
    at reportTSError (E:\DIMMOY\Work\PTT\pttrm-backend\node_modules\ts-node\src\index.ts:863:19)
    at E:\DIMMOY\Work\PTT\pttrm-backend\node_modules\ts-node\src\index.ts:1379:34
    at Object.compile (E:\DIMMOY\Work\PTT\pttrm-backend\node_modules\ts-node\src\index.ts:1458:13)
    at Module.m._compile (E:\DIMMOY\Work\PTT\pttrm-backend\node_modules\ts-node\src\index.ts:1617:30)
    at Module._extensions..js (internal/modules/cjs/loader.js:1101:10)
    at Object.require.extensions.<computed> [as .ts] (E:\DIMMOY\Work\PTT\pttrm-backend\node_modules\ts-node\src\index.ts:1621:12)
    at Module.load (internal/modules/cjs/loader.js:937:32)
    at Function.Module._load (internal/modules/cjs/loader.js:778:12)
    at Module.require (internal/modules/cjs/loader.js:961:19)
2022-09-09 23:31:13 error: uncaughtException: тип Unable to compile TypeScript:
[96msrc/services/master.service.ts[0m:[93m54[0m:[93m51[0m - [91merror[0m[90m TS1005: [0m';' expected.

[7m54[0m       for (let i:number = 0; i = promotions.length)
[7m  [0m [91m                                                  ~[0m

TSError: тип Unable to compile TypeScript:
[96msrc/services/master.service.ts[0m:[93m54[0m:[93m51[0m - [91merror[0m[90m TS1005: [0m';' expected.

[7m54[0m       for (let i:number = 0; i = promotions.length)
[7m  [0m [91m                                                  ~[0m

    at createTSError (E:\DIMMOY\Work\PTT\pttrm-backend\node_modules\ts-node\src\index.ts:859:12)
    at reportTSError (E:\DIMMOY\Work\PTT\pttrm-backend\node_modules\ts-node\src\index.ts:863:19)
    at E:\DIMMOY\Work\PTT\pttrm-backend\node_modules\ts-node\src\index.ts:1379:34
    at Object.compile (E:\DIMMOY\Work\PTT\pttrm-backend\node_modules\ts-node\src\index.ts:1458:13)
    at Module.m._compile (E:\DIMMOY\Work\PTT\pttrm-backend\node_modules\ts-node\src\index.ts:1617:30)
    at Module._extensions..js (internal/modules/cjs/loader.js:1101:10)
    at Object.require.extensions.<computed> [as .ts] (E:\DIMMOY\Work\PTT\pttrm-backend\node_modules\ts-node\src\index.ts:1621:12)
    at Module.load (internal/modules/cjs/loader.js:937:32)
    at Function.Module._load (internal/modules/cjs/loader.js:778:12)
    at Module.require (internal/modules/cjs/loader.js:961:19)
2022-09-09 23:32:06 error: uncaughtException: тип Unable to compile TypeScript:
[96msrc/services/master.service.ts[0m:[93m54[0m:[93m56[0m - [91merror[0m[90m TS1005: [0m';' expected.

[7m54[0m       for (let i:number = 0; i = promotions.rows.length)
[7m  [0m [91m                                                       ~[0m

TSError: тип Unable to compile TypeScript:
[96msrc/services/master.service.ts[0m:[93m54[0m:[93m56[0m - [91merror[0m[90m TS1005: [0m';' expected.

[7m54[0m       for (let i:number = 0; i = promotions.rows.length)
[7m  [0m [91m                                                       ~[0m

    at createTSError (E:\DIMMOY\Work\PTT\pttrm-backend\node_modules\ts-node\src\index.ts:859:12)
    at reportTSError (E:\DIMMOY\Work\PTT\pttrm-backend\node_modules\ts-node\src\index.ts:863:19)
    at E:\DIMMOY\Work\PTT\pttrm-backend\node_modules\ts-node\src\index.ts:1379:34
    at Object.compile (E:\DIMMOY\Work\PTT\pttrm-backend\node_modules\ts-node\src\index.ts:1458:13)
    at Module.m._compile (E:\DIMMOY\Work\PTT\pttrm-backend\node_modules\ts-node\src\index.ts:1617:30)
    at Module._extensions..js (internal/modules/cjs/loader.js:1101:10)
    at Object.require.extensions.<computed> [as .ts] (E:\DIMMOY\Work\PTT\pttrm-backend\node_modules\ts-node\src\index.ts:1621:12)
    at Module.load (internal/modules/cjs/loader.js:937:32)
    at Function.Module._load (internal/modules/cjs/loader.js:778:12)
    at Module.require (internal/modules/cjs/loader.js:961:19)
2022-09-09 23:32:15 error: uncaughtException: тип Unable to compile TypeScript:
[96msrc/services/master.service.ts[0m:[93m54[0m:[93m56[0m - [91merror[0m[90m TS1005: [0m';' expected.

[7m54[0m       for (let i:number = 0; i < promotions.rows.length)
[7m  [0m [91m                                                       ~[0m

TSError: тип Unable to compile TypeScript:
[96msrc/services/master.service.ts[0m:[93m54[0m:[93m56[0m - [91merror[0m[90m TS1005: [0m';' expected.

[7m54[0m       for (let i:number = 0; i < promotions.rows.length)
[7m  [0m [91m                                                       ~[0m

    at createTSError (E:\DIMMOY\Work\PTT\pttrm-backend\node_modules\ts-node\src\index.ts:859:12)
    at reportTSError (E:\DIMMOY\Work\PTT\pttrm-backend\node_modules\ts-node\src\index.ts:863:19)
    at E:\DIMMOY\Work\PTT\pttrm-backend\node_modules\ts-node\src\index.ts:1379:34
    at Object.compile (E:\DIMMOY\Work\PTT\pttrm-backend\node_modules\ts-node\src\index.ts:1458:13)
    at Module.m._compile (E:\DIMMOY\Work\PTT\pttrm-backend\node_modules\ts-node\src\index.ts:1617:30)
    at Module._extensions..js (internal/modules/cjs/loader.js:1101:10)
    at Object.require.extensions.<computed> [as .ts] (E:\DIMMOY\Work\PTT\pttrm-backend\node_modules\ts-node\src\index.ts:1621:12)
    at Module.load (internal/modules/cjs/loader.js:937:32)
    at Function.Module._load (internal/modules/cjs/loader.js:778:12)
    at Module.require (internal/modules/cjs/loader.js:961:19)
2022-09-09 23:32:27 error: uncaughtException: тип Unable to compile TypeScript:
[96msrc/services/master.service.ts[0m:[93m55[0m:[93m12[0m - [91merror[0m[90m TS1005: [0m'(' expected.

[7m55[0m         if pro
[7m  [0m [91m           ~~~[0m
[96msrc/services/master.service.ts[0m:[93m56[0m:[93m7[0m - [91merror[0m[90m TS1005: [0m')' expected.

[7m56[0m       }
[7m  [0m [91m      ~[0m

TSError: тип Unable to compile TypeScript:
[96msrc/services/master.service.ts[0m:[93m55[0m:[93m12[0m - [91merror[0m[90m TS1005: [0m'(' expected.

[7m55[0m         if pro
[7m  [0m [91m           ~~~[0m
[96msrc/services/master.service.ts[0m:[93m56[0m:[93m7[0m - [91merror[0m[90m TS1005: [0m')' expected.

[7m56[0m       }
[7m  [0m [91m      ~[0m

    at createTSError (E:\DIMMOY\Work\PTT\pttrm-backend\node_modules\ts-node\src\index.ts:859:12)
    at reportTSError (E:\DIMMOY\Work\PTT\pttrm-backend\node_modules\ts-node\src\index.ts:863:19)
    at E:\DIMMOY\Work\PTT\pttrm-backend\node_modules\ts-node\src\index.ts:1379:34
    at Object.compile (E:\DIMMOY\Work\PTT\pttrm-backend\node_modules\ts-node\src\index.ts:1458:13)
    at Module.m._compile (E:\DIMMOY\Work\PTT\pttrm-backend\node_modules\ts-node\src\index.ts:1617:30)
    at Module._extensions..js (internal/modules/cjs/loader.js:1101:10)
    at Object.require.extensions.<computed> [as .ts] (E:\DIMMOY\Work\PTT\pttrm-backend\node_modules\ts-node\src\index.ts:1621:12)
    at Module.load (internal/modules/cjs/loader.js:937:32)
    at Function.Module._load (internal/modules/cjs/loader.js:778:12)
    at Module.require (internal/modules/cjs/loader.js:961:19)
2022-09-09 23:32:30 error: uncaughtException: тип Unable to compile TypeScript:
[96msrc/services/master.service.ts[0m:[93m55[0m:[93m12[0m - [91merror[0m[90m TS1005: [0m'(' expected.

[7m55[0m         if promotions.rows.
[7m  [0m [91m           ~~~~~~~~~~[0m
[96msrc/services/master.service.ts[0m:[93m56[0m:[93m7[0m - [91merror[0m[90m TS1003: [0mIdentifier expected.

[7m56[0m       }
[7m  [0m [91m      ~[0m

TSError: тип Unable to compile TypeScript:
[96msrc/services/master.service.ts[0m:[93m55[0m:[93m12[0m - [91merror[0m[90m TS1005: [0m'(' expected.

[7m55[0m         if promotions.rows.
[7m  [0m [91m           ~~~~~~~~~~[0m
[96msrc/services/master.service.ts[0m:[93m56[0m:[93m7[0m - [91merror[0m[90m TS1003: [0mIdentifier expected.

[7m56[0m       }
[7m  [0m [91m      ~[0m

    at createTSError (E:\DIMMOY\Work\PTT\pttrm-backend\node_modules\ts-node\src\index.ts:859:12)
    at reportTSError (E:\DIMMOY\Work\PTT\pttrm-backend\node_modules\ts-node\src\index.ts:863:19)
    at E:\DIMMOY\Work\PTT\pttrm-backend\node_modules\ts-node\src\index.ts:1379:34
    at Object.compile (E:\DIMMOY\Work\PTT\pttrm-backend\node_modules\ts-node\src\index.ts:1458:13)
    at Module.m._compile (E:\DIMMOY\Work\PTT\pttrm-backend\node_modules\ts-node\src\index.ts:1617:30)
    at Module._extensions..js (internal/modules/cjs/loader.js:1101:10)
    at Object.require.extensions.<computed> [as .ts] (E:\DIMMOY\Work\PTT\pttrm-backend\node_modules\ts-node\src\index.ts:1621:12)
    at Module.load (internal/modules/cjs/loader.js:937:32)
    at Function.Module._load (internal/modules/cjs/loader.js:778:12)
    at Module.require (internal/modules/cjs/loader.js:961:19)
2022-09-09 23:32:37 error: uncaughtException: тип Unable to compile TypeScript:
[96msrc/services/master.service.ts[0m:[93m55[0m:[93m12[0m - [91merror[0m[90m TS1005: [0m'(' expected.

[7m55[0m         if promotions.rows[i]
[7m  [0m [91m           ~~~~~~~~~~[0m
[96msrc/services/master.service.ts[0m:[93m56[0m:[93m7[0m - [91merror[0m[90m TS1005: [0m')' expected.

[7m56[0m       }
[7m  [0m [91m      ~[0m

TSError: тип Unable to compile TypeScript:
[96msrc/services/master.service.ts[0m:[93m55[0m:[93m12[0m - [91merror[0m[90m TS1005: [0m'(' expected.

[7m55[0m         if promotions.rows[i]
[7m  [0m [91m           ~~~~~~~~~~[0m
[96msrc/services/master.service.ts[0m:[93m56[0m:[93m7[0m - [91merror[0m[90m TS1005: [0m')' expected.

[7m56[0m       }
[7m  [0m [91m      ~[0m

    at createTSError (E:\DIMMOY\Work\PTT\pttrm-backend\node_modules\ts-node\src\index.ts:859:12)
    at reportTSError (E:\DIMMOY\Work\PTT\pttrm-backend\node_modules\ts-node\src\index.ts:863:19)
    at E:\DIMMOY\Work\PTT\pttrm-backend\node_modules\ts-node\src\index.ts:1379:34
    at Object.compile (E:\DIMMOY\Work\PTT\pttrm-backend\node_modules\ts-node\src\index.ts:1458:13)
    at Module.m._compile (E:\DIMMOY\Work\PTT\pttrm-backend\node_modules\ts-node\src\index.ts:1617:30)
    at Module._extensions..js (internal/modules/cjs/loader.js:1101:10)
    at Object.require.extensions.<computed> [as .ts] (E:\DIMMOY\Work\PTT\pttrm-backend\node_modules\ts-node\src\index.ts:1621:12)
    at Module.load (internal/modules/cjs/loader.js:937:32)
    at Function.Module._load (internal/modules/cjs/loader.js:778:12)
    at Module.require (internal/modules/cjs/loader.js:961:19)
2022-09-09 23:32:42 error: uncaughtException: тип Unable to compile TypeScript:
[96msrc/services/master.service.ts[0m:[93m55[0m:[93m12[0m - [91merror[0m[90m TS1005: [0m'(' expected.

[7m55[0m         if promotions.rows[i].conditions
[7m  [0m [91m           ~~~~~~~~~~[0m
[96msrc/services/master.service.ts[0m:[93m56[0m:[93m7[0m - [91merror[0m[90m TS1005: [0m')' expected.

[7m56[0m       }
[7m  [0m [91m      ~[0m

TSError: тип Unable to compile TypeScript:
[96msrc/services/master.service.ts[0m:[93m55[0m:[93m12[0m - [91merror[0m[90m TS1005: [0m'(' expected.

[7m55[0m         if promotions.rows[i].conditions
[7m  [0m [91m           ~~~~~~~~~~[0m
[96msrc/services/master.service.ts[0m:[93m56[0m:[93m7[0m - [91merror[0m[90m TS1005: [0m')' expected.

[7m56[0m       }
[7m  [0m [91m      ~[0m

    at createTSError (E:\DIMMOY\Work\PTT\pttrm-backend\node_modules\ts-node\src\index.ts:859:12)
    at reportTSError (E:\DIMMOY\Work\PTT\pttrm-backend\node_modules\ts-node\src\index.ts:863:19)
    at E:\DIMMOY\Work\PTT\pttrm-backend\node_modules\ts-node\src\index.ts:1379:34
    at Object.compile (E:\DIMMOY\Work\PTT\pttrm-backend\node_modules\ts-node\src\index.ts:1458:13)
    at Module.m._compile (E:\DIMMOY\Work\PTT\pttrm-backend\node_modules\ts-node\src\index.ts:1617:30)
    at Module._extensions..js (internal/modules/cjs/loader.js:1101:10)
    at Object.require.extensions.<computed> [as .ts] (E:\DIMMOY\Work\PTT\pttrm-backend\node_modules\ts-node\src\index.ts:1621:12)
    at Module.load (internal/modules/cjs/loader.js:937:32)
    at Function.Module._load (internal/modules/cjs/loader.js:778:12)
    at Module.require (internal/modules/cjs/loader.js:961:19)
2022-09-09 23:32:47 error: uncaughtException: тип Unable to compile TypeScript:
[96msrc/services/master.service.ts[0m:[93m56[0m:[93m7[0m - [91merror[0m[90m TS1005: [0m')' expected.

[7m56[0m       }
[7m  [0m [91m      ~[0m

  [96msrc/services/master.service.ts[0m:[93m55[0m:[93m12[0m
    [7m55[0m         if (promotions.rows[i].conditions
    [7m  [0m [96m           ~[0m
    The parser expected to find a ')' to match the '(' token here.

TSError: тип Unable to compile TypeScript:
[96msrc/services/master.service.ts[0m:[93m56[0m:[93m7[0m - [91merror[0m[90m TS1005: [0m')' expected.

[7m56[0m       }
[7m  [0m [91m      ~[0m

  [96msrc/services/master.service.ts[0m:[93m55[0m:[93m12[0m
    [7m55[0m         if (promotions.rows[i].conditions
    [7m  [0m [96m           ~[0m
    The parser expected to find a ')' to match the '(' token here.

    at createTSError (E:\DIMMOY\Work\PTT\pttrm-backend\node_modules\ts-node\src\index.ts:859:12)
    at reportTSError (E:\DIMMOY\Work\PTT\pttrm-backend\node_modules\ts-node\src\index.ts:863:19)
    at E:\DIMMOY\Work\PTT\pttrm-backend\node_modules\ts-node\src\index.ts:1379:34
    at Object.compile (E:\DIMMOY\Work\PTT\pttrm-backend\node_modules\ts-node\src\index.ts:1458:13)
    at Module.m._compile (E:\DIMMOY\Work\PTT\pttrm-backend\node_modules\ts-node\src\index.ts:1617:30)
    at Module._extensions..js (internal/modules/cjs/loader.js:1101:10)
    at Object.require.extensions.<computed> [as .ts] (E:\DIMMOY\Work\PTT\pttrm-backend\node_modules\ts-node\src\index.ts:1621:12)
    at Module.load (internal/modules/cjs/loader.js:937:32)
    at Function.Module._load (internal/modules/cjs/loader.js:778:12)
    at Module.require (internal/modules/cjs/loader.js:961:19)
2022-09-09 23:32:52 error: uncaughtException: тип Unable to compile TypeScript:
[96msrc/services/master.service.ts[0m:[93m56[0m:[93m7[0m - [91merror[0m[90m TS1109: [0mExpression expected.

[7m56[0m       }
[7m  [0m [91m      ~[0m

TSError: тип Unable to compile TypeScript:
[96msrc/services/master.service.ts[0m:[93m56[0m:[93m7[0m - [91merror[0m[90m TS1109: [0mExpression expected.

[7m56[0m       }
[7m  [0m [91m      ~[0m

    at createTSError (E:\DIMMOY\Work\PTT\pttrm-backend\node_modules\ts-node\src\index.ts:859:12)
    at reportTSError (E:\DIMMOY\Work\PTT\pttrm-backend\node_modules\ts-node\src\index.ts:863:19)
    at E:\DIMMOY\Work\PTT\pttrm-backend\node_modules\ts-node\src\index.ts:1379:34
    at Object.compile (E:\DIMMOY\Work\PTT\pttrm-backend\node_modules\ts-node\src\index.ts:1458:13)
    at Module.m._compile (E:\DIMMOY\Work\PTT\pttrm-backend\node_modules\ts-node\src\index.ts:1617:30)
    at Module._extensions..js (internal/modules/cjs/loader.js:1101:10)
    at Object.require.extensions.<computed> [as .ts] (E:\DIMMOY\Work\PTT\pttrm-backend\node_modules\ts-node\src\index.ts:1621:12)
    at Module.load (internal/modules/cjs/loader.js:937:32)
    at Function.Module._load (internal/modules/cjs/loader.js:778:12)
    at Module.require (internal/modules/cjs/loader.js:961:19)
2022-09-09 23:33:24 error: uncaughtException: тип Unable to compile TypeScript:
[96msrc/services/master.service.ts[0m:[93m57[0m:[93m9[0m - [91merror[0m[90m TS1109: [0mExpression expected.

[7m57[0m         }
[7m  [0m [91m        ~[0m

TSError: тип Unable to compile TypeScript:
[96msrc/services/master.service.ts[0m:[93m57[0m:[93m9[0m - [91merror[0m[90m TS1109: [0mExpression expected.

[7m57[0m         }
[7m  [0m [91m        ~[0m

    at createTSError (E:\DIMMOY\Work\PTT\pttrm-backend\node_modules\ts-node\src\index.ts:859:12)
    at reportTSError (E:\DIMMOY\Work\PTT\pttrm-backend\node_modules\ts-node\src\index.ts:863:19)
    at E:\DIMMOY\Work\PTT\pttrm-backend\node_modules\ts-node\src\index.ts:1379:34
    at Object.compile (E:\DIMMOY\Work\PTT\pttrm-backend\node_modules\ts-node\src\index.ts:1458:13)
    at Module.m._compile (E:\DIMMOY\Work\PTT\pttrm-backend\node_modules\ts-node\src\index.ts:1617:30)
    at Module._extensions..js (internal/modules/cjs/loader.js:1101:10)
    at Object.require.extensions.<computed> [as .ts] (E:\DIMMOY\Work\PTT\pttrm-backend\node_modules\ts-node\src\index.ts:1621:12)
    at Module.load (internal/modules/cjs/loader.js:937:32)
    at Function.Module._load (internal/modules/cjs/loader.js:778:12)
    at Module.require (internal/modules/cjs/loader.js:961:19)
2022-09-09 23:33:37 error: uncaughtException: тип Unable to compile TypeScript:
[96msrc/services/master.service.ts[0m:[93m57[0m:[93m9[0m - [91merror[0m[90m TS1109: [0mExpression expected.

[7m57[0m         }
[7m  [0m [91m        ~[0m

TSError: тип Unable to compile TypeScript:
[96msrc/services/master.service.ts[0m:[93m57[0m:[93m9[0m - [91merror[0m[90m TS1109: [0mExpression expected.

[7m57[0m         }
[7m  [0m [91m        ~[0m

    at createTSError (E:\DIMMOY\Work\PTT\pttrm-backend\node_modules\ts-node\src\index.ts:859:12)
    at reportTSError (E:\DIMMOY\Work\PTT\pttrm-backend\node_modules\ts-node\src\index.ts:863:19)
    at E:\DIMMOY\Work\PTT\pttrm-backend\node_modules\ts-node\src\index.ts:1379:34
    at Object.compile (E:\DIMMOY\Work\PTT\pttrm-backend\node_modules\ts-node\src\index.ts:1458:13)
    at Module.m._compile (E:\DIMMOY\Work\PTT\pttrm-backend\node_modules\ts-node\src\index.ts:1617:30)
    at Module._extensions..js (internal/modules/cjs/loader.js:1101:10)
    at Object.require.extensions.<computed> [as .ts] (E:\DIMMOY\Work\PTT\pttrm-backend\node_modules\ts-node\src\index.ts:1621:12)
    at Module.load (internal/modules/cjs/loader.js:937:32)
    at Function.Module._load (internal/modules/cjs/loader.js:778:12)
    at Module.require (internal/modules/cjs/loader.js:961:19)
2022-09-09 23:33:42 error: uncaughtException: тип Unable to compile TypeScript:
[96msrc/services/master.service.ts[0m:[93m57[0m:[93m9[0m - [91merror[0m[90m TS1109: [0mExpression expected.

[7m57[0m         }
[7m  [0m [91m        ~[0m

TSError: тип Unable to compile TypeScript:
[96msrc/services/master.service.ts[0m:[93m57[0m:[93m9[0m - [91merror[0m[90m TS1109: [0mExpression expected.

[7m57[0m         }
[7m  [0m [91m        ~[0m

    at createTSError (E:\DIMMOY\Work\PTT\pttrm-backend\node_modules\ts-node\src\index.ts:859:12)
    at reportTSError (E:\DIMMOY\Work\PTT\pttrm-backend\node_modules\ts-node\src\index.ts:863:19)
    at E:\DIMMOY\Work\PTT\pttrm-backend\node_modules\ts-node\src\index.ts:1379:34
    at Object.compile (E:\DIMMOY\Work\PTT\pttrm-backend\node_modules\ts-node\src\index.ts:1458:13)
    at Module.m._compile (E:\DIMMOY\Work\PTT\pttrm-backend\node_modules\ts-node\src\index.ts:1617:30)
    at Module._extensions..js (internal/modules/cjs/loader.js:1101:10)
    at Object.require.extensions.<computed> [as .ts] (E:\DIMMOY\Work\PTT\pttrm-backend\node_modules\ts-node\src\index.ts:1621:12)
    at Module.load (internal/modules/cjs/loader.js:937:32)
    at Function.Module._load (internal/modules/cjs/loader.js:778:12)
    at Module.require (internal/modules/cjs/loader.js:961:19)
2022-09-09 23:33:47 error: uncaughtException: тип Unable to compile TypeScript:
[96msrc/services/master.service.ts[0m:[93m57[0m:[93m9[0m - [91merror[0m[90m TS1005: [0m':' expected.

[7m57[0m         }
[7m  [0m [91m        ~[0m

TSError: тип Unable to compile TypeScript:
[96msrc/services/master.service.ts[0m:[93m57[0m:[93m9[0m - [91merror[0m[90m TS1005: [0m':' expected.

[7m57[0m         }
[7m  [0m [91m        ~[0m

    at createTSError (E:\DIMMOY\Work\PTT\pttrm-backend\node_modules\ts-node\src\index.ts:859:12)
    at reportTSError (E:\DIMMOY\Work\PTT\pttrm-backend\node_modules\ts-node\src\index.ts:863:19)
    at E:\DIMMOY\Work\PTT\pttrm-backend\node_modules\ts-node\src\index.ts:1379:34
    at Object.compile (E:\DIMMOY\Work\PTT\pttrm-backend\node_modules\ts-node\src\index.ts:1458:13)
    at Module.m._compile (E:\DIMMOY\Work\PTT\pttrm-backend\node_modules\ts-node\src\index.ts:1617:30)
    at Module._extensions..js (internal/modules/cjs/loader.js:1101:10)
    at Object.require.extensions.<computed> [as .ts] (E:\DIMMOY\Work\PTT\pttrm-backend\node_modules\ts-node\src\index.ts:1621:12)
    at Module.load (internal/modules/cjs/loader.js:937:32)
    at Function.Module._load (internal/modules/cjs/loader.js:778:12)
    at Module.require (internal/modules/cjs/loader.js:961:19)
>>>>>>> b5f09fabbc278c4cb7eb5b35da7bf36790a5cde8
